[ 2017-01-28T00:14:50+08:00 ] ::1 /weibo/index.php
INFO: [ app_init ] --START--
INFO: Run Behavior\BuildLiteBehavior [ RunTime:0.000000s ]
INFO: [ app_init ] --END-- [ RunTime:0.000000s ]
INFO: [ app_begin ] --START--
INFO: Run Behavior\ReadHtmlCacheBehavior [ RunTime:0.010000s ]
INFO: [ app_begin ] --END-- [ RunTime:0.010000s ]
SQL: SHOW COLUMNS FROM `ly_user` [ RunTime:0.0000s ]
SQL: SELECT `account` FROM `ly_user` WHERE `id` = 1 LIMIT 1   [ RunTime:0.0000s ]
SQL: SHOW COLUMNS FROM `ly_userinfo` [ RunTime:0.0000s ]
SQL: SELECT `username`,`face180`,`face80`,`face50` FROM `ly_userinfo` WHERE `uid` = 1 LIMIT 1   [ RunTime:0.0000s ]
SQL: SHOW COLUMNS FROM `ly_follow` [ RunTime:0.0000s ]
SQL: SELECT `follow` FROM `ly_follow` WHERE `fans` = 1  [ RunTime:0.0000s ]
SQL: SHOW COLUMNS FROM `ly_tweet` [ RunTime:0.0000s ]
SQL: SELECT tweet.id AS id,tweet.content AS content,tweet.isturn AS isturn,tweet.time AS time,tweet.turn AS turn,tweet.collect AS collect,tweet.comment AS comment,tweet.pic AS pic,tweet.thumbpic AS thumbpic,tweet.uid AS uid,userinfo.username AS username,userinfo.sex AS sex,userinfo.face80 AS face FROM ly_tweet tweet LEFT JOIN ly_userinfo userinfo ON tweet.uid=userinfo.uid WHERE tweet.uid IN ('1','4','3','2') ORDER BY tweet.time DESC  [ RunTime:0.0000s ]
SQL: SELECT tweet.id AS id,tweet.content AS content,tweet.isturn AS isturn,tweet.time AS time,tweet.turn AS turn,tweet.collect AS collect,tweet.comment AS comment,tweet.pic AS pic,tweet.thumbpic AS thumbpic,tweet.uid AS uid,userinfo.username AS username,userinfo.sex AS sex,userinfo.face80 AS face FROM ly_tweet tweet LEFT JOIN ly_userinfo userinfo ON tweet.uid=userinfo.uid WHERE tweet.id = '42' LIMIT 1   [ RunTime:0.0000s ]
SQL: SELECT tweet.id AS id,tweet.content AS content,tweet.isturn AS isturn,tweet.time AS time,tweet.turn AS turn,tweet.collect AS collect,tweet.comment AS comment,tweet.pic AS pic,tweet.thumbpic AS thumbpic,tweet.uid AS uid,userinfo.username AS username,userinfo.sex AS sex,userinfo.face80 AS face FROM ly_tweet tweet LEFT JOIN ly_userinfo userinfo ON tweet.uid=userinfo.uid WHERE tweet.id = '42' LIMIT 1   [ RunTime:0.0000s ]
SQL: SELECT tweet.id AS id,tweet.content AS content,tweet.isturn AS isturn,tweet.time AS time,tweet.turn AS turn,tweet.collect AS collect,tweet.comment AS comment,tweet.pic AS pic,tweet.thumbpic AS thumbpic,tweet.uid AS uid,userinfo.username AS username,userinfo.sex AS sex,userinfo.face80 AS face FROM ly_tweet tweet LEFT JOIN ly_userinfo userinfo ON tweet.uid=userinfo.uid WHERE tweet.id = '0' LIMIT 1   [ RunTime:0.0000s ]
SQL: SELECT tweet.id AS id,tweet.content AS content,tweet.isturn AS isturn,tweet.time AS time,tweet.turn AS turn,tweet.collect AS collect,tweet.comment AS comment,tweet.pic AS pic,tweet.thumbpic AS thumbpic,tweet.uid AS uid,userinfo.username AS username,userinfo.sex AS sex,userinfo.face80 AS face FROM ly_tweet tweet LEFT JOIN ly_userinfo userinfo ON tweet.uid=userinfo.uid WHERE tweet.id = '0' LIMIT 1   [ RunTime:0.0000s ]
SQL: SELECT tweet.id AS id,tweet.content AS content,tweet.isturn AS isturn,tweet.time AS time,tweet.turn AS turn,tweet.collect AS collect,tweet.comment AS comment,tweet.pic AS pic,tweet.thumbpic AS thumbpic,tweet.uid AS uid,userinfo.username AS username,userinfo.sex AS sex,userinfo.face80 AS face FROM ly_tweet tweet LEFT JOIN ly_userinfo userinfo ON tweet.uid=userinfo.uid WHERE tweet.id = '39' LIMIT 1   [ RunTime:0.0000s ]
SQL: SELECT tweet.id AS id,tweet.content AS content,tweet.isturn AS isturn,tweet.time AS time,tweet.turn AS turn,tweet.collect AS collect,tweet.comment AS comment,tweet.pic AS pic,tweet.thumbpic AS thumbpic,tweet.uid AS uid,userinfo.username AS username,userinfo.sex AS sex,userinfo.face80 AS face FROM ly_tweet tweet LEFT JOIN ly_userinfo userinfo ON tweet.uid=userinfo.uid WHERE tweet.id = '0' LIMIT 1   [ RunTime:0.0000s ]
SQL: SELECT tweet.id AS id,tweet.content AS content,tweet.isturn AS isturn,tweet.time AS time,tweet.turn AS turn,tweet.collect AS collect,tweet.comment AS comment,tweet.pic AS pic,tweet.thumbpic AS thumbpic,tweet.uid AS uid,userinfo.username AS username,userinfo.sex AS sex,userinfo.face80 AS face FROM ly_tweet tweet LEFT JOIN ly_userinfo userinfo ON tweet.uid=userinfo.uid WHERE tweet.id = '37' LIMIT 1   [ RunTime:0.0000s ]
SQL: SELECT tweet.id AS id,tweet.content AS content,tweet.isturn AS isturn,tweet.time AS time,tweet.turn AS turn,tweet.collect AS collect,tweet.comment AS comment,tweet.pic AS pic,tweet.thumbpic AS thumbpic,tweet.uid AS uid,userinfo.username AS username,userinfo.sex AS sex,userinfo.face80 AS face FROM ly_tweet tweet LEFT JOIN ly_userinfo userinfo ON tweet.uid=userinfo.uid WHERE tweet.id = '0' LIMIT 1   [ RunTime:0.0000s ]
INFO: [ view_parse ] --START--
INFO: [ template_filter ] --START--
INFO: Run Behavior\ContentReplaceBehavior [ RunTime:0.000000s ]
INFO: [ template_filter ] --END-- [ RunTime:0.000000s ]
NOTIC: [8] Undefined variable: isLogin D:\CLY\phpstudy\WWW\weibo\Runtime\Cache\Home\11cb243a745bf4d9fc992e0e2c0ee5cc.php 第 19 行.
NOTIC: [8] Undefined variable: userinfo D:\CLY\phpstudy\WWW\weibo\Runtime\Cache\Home\11cb243a745bf4d9fc992e0e2c0ee5cc.php 第 20 行.
INFO: Run Behavior\ParseTemplateBehavior [ RunTime:0.010000s ]
INFO: [ view_parse ] --END-- [ RunTime:0.010000s ]
INFO: [ view_filter ] --START--
INFO: Run Behavior\WriteHtmlCacheBehavior [ RunTime:0.000000s ]
INFO: [ view_filter ] --END-- [ RunTime:0.000000s ]
INFO: [ app_end ] --START--
INFO: Run Behavior\ShowPageTraceBehavior [ RunTime:0.000000s ]
INFO: [ app_end ] --END-- [ RunTime:0.000000s ]

[ 2017-01-28T00:14:53+08:00 ] ::1 /weibo/index.php/Home/Index/getComment.html
INFO: [ app_init ] --START--
INFO: Run Behavior\BuildLiteBehavior [ RunTime:0.000000s ]
INFO: [ app_init ] --END-- [ RunTime:0.001000s ]
INFO: [ app_begin ] --START--
INFO: Run Behavior\ReadHtmlCacheBehavior [ RunTime:0.000000s ]
INFO: [ app_begin ] --END-- [ RunTime:0.000000s ]
SQL: SHOW COLUMNS FROM `ly_user` [ RunTime:0.0010s ]
SQL: SELECT `account` FROM `ly_user` WHERE `id` = 1 LIMIT 1   [ RunTime:0.0010s ]
SQL: SHOW COLUMNS FROM `ly_userinfo` [ RunTime:0.0010s ]
SQL: SELECT `username`,`face180`,`face80`,`face50` FROM `ly_userinfo` WHERE `uid` = 1 LIMIT 1   [ RunTime:0.0000s ]
SQL: SHOW COLUMNS FROM `ly_comment` [ RunTime:0.0020s ]
SQL: SELECT comment.content AS content,comment.time AS time,comment.wid AS wid,userinfo.username AS username,userinfo.face80 AS face,userinfo.uid AS uid FROM ly_comment comment LEFT JOIN ly_userinfo userinfo ON comment.uid=userinfo.uid WHERE comment.wid = 37  [ RunTime:0.0000s ]

[ 2017-01-28T00:21:59+08:00 ] ::1 /weibo/index.php/Home/UserSetting/index.html
INFO: [ app_init ] --START--
INFO: Run Behavior\BuildLiteBehavior [ RunTime:0.000000s ]
INFO: [ app_init ] --END-- [ RunTime:0.000000s ]
INFO: [ app_begin ] --START--
INFO: Run Behavior\ReadHtmlCacheBehavior [ RunTime:0.000000s ]
INFO: [ app_begin ] --END-- [ RunTime:0.000000s ]
SQL: SHOW COLUMNS FROM `ly_user` [ RunTime:0.0000s ]
SQL: SELECT `account` FROM `ly_user` WHERE `id` = 1 LIMIT 1   [ RunTime:0.0000s ]
SQL: SHOW COLUMNS FROM `ly_userinfo` [ RunTime:0.0000s ]
SQL: SELECT `username`,`face180`,`face80`,`face50` FROM `ly_userinfo` WHERE `uid` = 1 LIMIT 1   [ RunTime:0.0000s ]
SQL: SELECT * FROM `ly_userinfo` WHERE `uid` = 1 LIMIT 1   [ RunTime:0.0000s ]
INFO: [ view_parse ] --START--
INFO: [ template_filter ] --START--
INFO: Run Behavior\ContentReplaceBehavior [ RunTime:0.000000s ]
INFO: [ template_filter ] --END-- [ RunTime:0.000000s ]
NOTIC: [8] Undefined variable: isLogin D:\CLY\phpstudy\WWW\weibo\Runtime\Cache\Home\035c2a604e691723077c52316292bd2a.php 第 19 行.
INFO: Run Behavior\ParseTemplateBehavior [ RunTime:0.050000s ]
INFO: [ view_parse ] --END-- [ RunTime:0.050000s ]
INFO: [ view_filter ] --START--
INFO: Run Behavior\WriteHtmlCacheBehavior [ RunTime:0.000000s ]
INFO: [ view_filter ] --END-- [ RunTime:0.000000s ]
INFO: [ app_end ] --START--
INFO: Run Behavior\ShowPageTraceBehavior [ RunTime:0.000000s ]
INFO: [ app_end ] --END-- [ RunTime:0.000000s ]

[ 2017-01-28T00:22:11+08:00 ] ::1 /weibo/index.php
INFO: [ app_init ] --START--
INFO: Run Behavior\BuildLiteBehavior [ RunTime:0.000000s ]
INFO: [ app_init ] --END-- [ RunTime:0.000000s ]
INFO: [ app_begin ] --START--
INFO: Run Behavior\ReadHtmlCacheBehavior [ RunTime:0.000000s ]
INFO: [ app_begin ] --END-- [ RunTime:0.000000s ]
SQL: SHOW COLUMNS FROM `ly_user` [ RunTime:0.0000s ]
SQL: SELECT `account` FROM `ly_user` WHERE `id` = 1 LIMIT 1   [ RunTime:0.0000s ]
SQL: SHOW COLUMNS FROM `ly_userinfo` [ RunTime:0.0000s ]
SQL: SELECT `username`,`face180`,`face80`,`face50` FROM `ly_userinfo` WHERE `uid` = 1 LIMIT 1   [ RunTime:0.0000s ]
SQL: SHOW COLUMNS FROM `ly_follow` [ RunTime:0.0000s ]
SQL: SELECT `follow` FROM `ly_follow` WHERE `fans` = 1  [ RunTime:0.0000s ]
SQL: SHOW COLUMNS FROM `ly_tweet` [ RunTime:0.0100s ]
SQL: SELECT tweet.id AS id,tweet.content AS content,tweet.isturn AS isturn,tweet.time AS time,tweet.turn AS turn,tweet.collect AS collect,tweet.comment AS comment,tweet.pic AS pic,tweet.thumbpic AS thumbpic,tweet.uid AS uid,userinfo.username AS username,userinfo.sex AS sex,userinfo.face80 AS face FROM ly_tweet tweet LEFT JOIN ly_userinfo userinfo ON tweet.uid=userinfo.uid WHERE tweet.uid IN ('1','4','3','2') ORDER BY tweet.time DESC  [ RunTime:0.0000s ]
SQL: SELECT tweet.id AS id,tweet.content AS content,tweet.isturn AS isturn,tweet.time AS time,tweet.turn AS turn,tweet.collect AS collect,tweet.comment AS comment,tweet.pic AS pic,tweet.thumbpic AS thumbpic,tweet.uid AS uid,userinfo.username AS username,userinfo.sex AS sex,userinfo.face80 AS face FROM ly_tweet tweet LEFT JOIN ly_userinfo userinfo ON tweet.uid=userinfo.uid WHERE tweet.id = '42' LIMIT 1   [ RunTime:0.0000s ]
SQL: SELECT tweet.id AS id,tweet.content AS content,tweet.isturn AS isturn,tweet.time AS time,tweet.turn AS turn,tweet.collect AS collect,tweet.comment AS comment,tweet.pic AS pic,tweet.thumbpic AS thumbpic,tweet.uid AS uid,userinfo.username AS username,userinfo.sex AS sex,userinfo.face80 AS face FROM ly_tweet tweet LEFT JOIN ly_userinfo userinfo ON tweet.uid=userinfo.uid WHERE tweet.id = '42' LIMIT 1   [ RunTime:0.0000s ]
SQL: SELECT tweet.id AS id,tweet.content AS content,tweet.isturn AS isturn,tweet.time AS time,tweet.turn AS turn,tweet.collect AS collect,tweet.comment AS comment,tweet.pic AS pic,tweet.thumbpic AS thumbpic,tweet.uid AS uid,userinfo.username AS username,userinfo.sex AS sex,userinfo.face80 AS face FROM ly_tweet tweet LEFT JOIN ly_userinfo userinfo ON tweet.uid=userinfo.uid WHERE tweet.id = '0' LIMIT 1   [ RunTime:0.0000s ]
SQL: SELECT tweet.id AS id,tweet.content AS content,tweet.isturn AS isturn,tweet.time AS time,tweet.turn AS turn,tweet.collect AS collect,tweet.comment AS comment,tweet.pic AS pic,tweet.thumbpic AS thumbpic,tweet.uid AS uid,userinfo.username AS username,userinfo.sex AS sex,userinfo.face80 AS face FROM ly_tweet tweet LEFT JOIN ly_userinfo userinfo ON tweet.uid=userinfo.uid WHERE tweet.id = '0' LIMIT 1   [ RunTime:0.0000s ]
SQL: SELECT tweet.id AS id,tweet.content AS content,tweet.isturn AS isturn,tweet.time AS time,tweet.turn AS turn,tweet.collect AS collect,tweet.comment AS comment,tweet.pic AS pic,tweet.thumbpic AS thumbpic,tweet.uid AS uid,userinfo.username AS username,userinfo.sex AS sex,userinfo.face80 AS face FROM ly_tweet tweet LEFT JOIN ly_userinfo userinfo ON tweet.uid=userinfo.uid WHERE tweet.id = '39' LIMIT 1   [ RunTime:0.0000s ]
SQL: SELECT tweet.id AS id,tweet.content AS content,tweet.isturn AS isturn,tweet.time AS time,tweet.turn AS turn,tweet.collect AS collect,tweet.comment AS comment,tweet.pic AS pic,tweet.thumbpic AS thumbpic,tweet.uid AS uid,userinfo.username AS username,userinfo.sex AS sex,userinfo.face80 AS face FROM ly_tweet tweet LEFT JOIN ly_userinfo userinfo ON tweet.uid=userinfo.uid WHERE tweet.id = '0' LIMIT 1   [ RunTime:0.0000s ]
SQL: SELECT tweet.id AS id,tweet.content AS content,tweet.isturn AS isturn,tweet.time AS time,tweet.turn AS turn,tweet.collect AS collect,tweet.comment AS comment,tweet.pic AS pic,tweet.thumbpic AS thumbpic,tweet.uid AS uid,userinfo.username AS username,userinfo.sex AS sex,userinfo.face80 AS face FROM ly_tweet tweet LEFT JOIN ly_userinfo userinfo ON tweet.uid=userinfo.uid WHERE tweet.id = '37' LIMIT 1   [ RunTime:0.0000s ]
SQL: SELECT tweet.id AS id,tweet.content AS content,tweet.isturn AS isturn,tweet.time AS time,tweet.turn AS turn,tweet.collect AS collect,tweet.comment AS comment,tweet.pic AS pic,tweet.thumbpic AS thumbpic,tweet.uid AS uid,userinfo.username AS username,userinfo.sex AS sex,userinfo.face80 AS face FROM ly_tweet tweet LEFT JOIN ly_userinfo userinfo ON tweet.uid=userinfo.uid WHERE tweet.id = '0' LIMIT 1   [ RunTime:0.0000s ]
INFO: [ view_parse ] --START--
INFO: [ template_filter ] --START--
INFO: Run Behavior\ContentReplaceBehavior [ RunTime:0.000000s ]
INFO: [ template_filter ] --END-- [ RunTime:0.000000s ]
NOTIC: [8] Undefined variable: isLogin D:\CLY\phpstudy\WWW\weibo\Runtime\Cache\Home\11cb243a745bf4d9fc992e0e2c0ee5cc.php 第 19 行.
NOTIC: [8] Undefined variable: userinfo D:\CLY\phpstudy\WWW\weibo\Runtime\Cache\Home\11cb243a745bf4d9fc992e0e2c0ee5cc.php 第 20 行.
INFO: Run Behavior\ParseTemplateBehavior [ RunTime:0.010000s ]
INFO: [ view_parse ] --END-- [ RunTime:0.010000s ]
INFO: [ view_filter ] --START--
INFO: Run Behavior\WriteHtmlCacheBehavior [ RunTime:0.000000s ]
INFO: [ view_filter ] --END-- [ RunTime:0.000000s ]
INFO: [ app_end ] --START--
INFO: Run Behavior\ShowPageTraceBehavior [ RunTime:0.000000s ]
INFO: [ app_end ] --END-- [ RunTime:0.000000s ]

[ 2017-01-28T00:22:19+08:00 ] ::1 /weibo/index.php/Home/Index/getComment.html
INFO: [ app_init ] --START--
INFO: Run Behavior\BuildLiteBehavior [ RunTime:0.000000s ]
INFO: [ app_init ] --END-- [ RunTime:0.000000s ]
INFO: [ app_begin ] --START--
INFO: Run Behavior\ReadHtmlCacheBehavior [ RunTime:0.000000s ]
INFO: [ app_begin ] --END-- [ RunTime:0.000000s ]
SQL: SHOW COLUMNS FROM `ly_user` [ RunTime:0.0000s ]
SQL: SELECT `account` FROM `ly_user` WHERE `id` = 1 LIMIT 1   [ RunTime:0.0000s ]
SQL: SHOW COLUMNS FROM `ly_userinfo` [ RunTime:0.0000s ]
SQL: SELECT `username`,`face180`,`face80`,`face50` FROM `ly_userinfo` WHERE `uid` = 1 LIMIT 1   [ RunTime:0.0000s ]
SQL: SHOW COLUMNS FROM `ly_comment` [ RunTime:0.0000s ]
SQL: SELECT comment.content AS content,comment.time AS time,comment.wid AS wid,userinfo.username AS username,userinfo.face80 AS face,userinfo.uid AS uid FROM ly_comment comment LEFT JOIN ly_userinfo userinfo ON comment.uid=userinfo.uid WHERE comment.wid = 37  [ RunTime:0.0000s ]

[ 2017-01-28T18:55:01+08:00 ] ::1 /weibo/
INFO: [ app_init ] --START--
INFO: Run Behavior\BuildLiteBehavior [ RunTime:0.000000s ]
INFO: [ app_init ] --END-- [ RunTime:0.004000s ]
INFO: [ app_begin ] --START--
INFO: Run Behavior\ReadHtmlCacheBehavior [ RunTime:0.001000s ]
INFO: [ app_begin ] --END-- [ RunTime:0.001000s ]

[ 2017-01-28T18:55:01+08:00 ] ::1 /weibo/index.php/Home/LogReg/index.html
INFO: [ app_init ] --START--
INFO: Run Behavior\BuildLiteBehavior [ RunTime:0.000000s ]
INFO: [ app_init ] --END-- [ RunTime:0.000000s ]
INFO: [ app_begin ] --START--
INFO: Run Behavior\ReadHtmlCacheBehavior [ RunTime:0.000000s ]
INFO: [ app_begin ] --END-- [ RunTime:0.000000s ]
INFO: [ view_parse ] --START--
INFO: [ template_filter ] --START--
INFO: Run Behavior\ContentReplaceBehavior [ RunTime:0.000000s ]
INFO: [ template_filter ] --END-- [ RunTime:0.000000s ]
INFO: Run Behavior\ParseTemplateBehavior [ RunTime:0.066000s ]
INFO: [ view_parse ] --END-- [ RunTime:0.067000s ]
INFO: [ view_filter ] --START--
INFO: Run Behavior\WriteHtmlCacheBehavior [ RunTime:0.019000s ]
INFO: [ view_filter ] --END-- [ RunTime:0.019000s ]
INFO: [ app_end ] --START--
INFO: Run Behavior\ShowPageTraceBehavior [ RunTime:0.001000s ]
INFO: [ app_end ] --END-- [ RunTime:0.001000s ]

[ 2017-01-28T18:55:02+08:00 ] ::1 /weibo/index.php/Home/LogReg/verify.html
INFO: [ app_init ] --START--
INFO: Run Behavior\BuildLiteBehavior [ RunTime:0.000000s ]
INFO: [ app_init ] --END-- [ RunTime:0.000000s ]
INFO: [ app_begin ] --START--
INFO: Run Behavior\ReadHtmlCacheBehavior [ RunTime:0.001000s ]
INFO: [ app_begin ] --END-- [ RunTime:0.001000s ]
INFO: [ app_end ] --START--
INFO: Run Behavior\ShowPageTraceBehavior [ RunTime:0.000000s ]
INFO: [ app_end ] --END-- [ RunTime:0.000000s ]

[ 2017-01-28T18:55:06+08:00 ] ::1 /weibo/index.php/Home/LogReg/runLogin.html
INFO: [ app_init ] --START--
INFO: Run Behavior\BuildLiteBehavior [ RunTime:0.000000s ]
INFO: [ app_init ] --END-- [ RunTime:0.000000s ]
INFO: [ app_begin ] --START--
INFO: Run Behavior\ReadHtmlCacheBehavior [ RunTime:0.001000s ]
INFO: [ app_begin ] --END-- [ RunTime:0.001000s ]
SQL: SHOW COLUMNS FROM `ly_user` [ RunTime:0.0220s ]
SQL: SELECT * FROM `ly_user` WHERE `account` = 'admin' LIMIT 1   [ RunTime:0.0150s ]
INFO: [ view_parse ] --START--
INFO: [ template_filter ] --START--
INFO: Run Behavior\ContentReplaceBehavior [ RunTime:0.000000s ]
INFO: [ template_filter ] --END-- [ RunTime:0.000000s ]
INFO: Run Behavior\ParseTemplateBehavior [ RunTime:0.036000s ]
INFO: [ view_parse ] --END-- [ RunTime:0.036000s ]
INFO: [ view_filter ] --START--
INFO: Run Behavior\WriteHtmlCacheBehavior [ RunTime:0.000000s ]
INFO: [ view_filter ] --END-- [ RunTime:0.001000s ]
INFO: [ app_end ] --START--
INFO: Run Behavior\ShowPageTraceBehavior [ RunTime:0.000000s ]
INFO: [ app_end ] --END-- [ RunTime:0.000000s ]

[ 2017-01-28T18:55:09+08:00 ] ::1 /weibo/index.php/Home/Index/index.html
INFO: [ app_init ] --START--
INFO: Run Behavior\BuildLiteBehavior [ RunTime:0.000000s ]
INFO: [ app_init ] --END-- [ RunTime:0.000000s ]
INFO: [ app_begin ] --START--
INFO: Run Behavior\ReadHtmlCacheBehavior [ RunTime:0.000000s ]
INFO: [ app_begin ] --END-- [ RunTime:0.000000s ]
SQL: SHOW COLUMNS FROM `ly_user` [ RunTime:0.0020s ]
SQL: SELECT `account` FROM `ly_user` WHERE `id` = 1 LIMIT 1   [ RunTime:0.0000s ]
SQL: SHOW COLUMNS FROM `ly_userinfo` [ RunTime:0.0320s ]
SQL: SELECT `username`,`face180`,`face80`,`face50` FROM `ly_userinfo` WHERE `uid` = 1 LIMIT 1   [ RunTime:0.0000s ]
SQL: SHOW COLUMNS FROM `ly_follow` [ RunTime:0.0340s ]
SQL: SELECT `follow` FROM `ly_follow` WHERE `fans` = 1  [ RunTime:0.0000s ]
SQL: SHOW COLUMNS FROM `ly_tweet` [ RunTime:0.0590s ]
SQL: SELECT tweet.id AS id,tweet.content AS content,tweet.isturn AS isturn,tweet.time AS time,tweet.turn AS turn,tweet.collect AS collect,tweet.comment AS comment,tweet.pic AS pic,tweet.thumbpic AS thumbpic,tweet.uid AS uid,userinfo.username AS username,userinfo.sex AS sex,userinfo.face80 AS face FROM ly_tweet tweet LEFT JOIN ly_userinfo userinfo ON tweet.uid=userinfo.uid WHERE tweet.uid IN ('1','4','3','2') ORDER BY tweet.time DESC  [ RunTime:0.0010s ]
SQL: SELECT tweet.id AS id,tweet.content AS content,tweet.isturn AS isturn,tweet.time AS time,tweet.turn AS turn,tweet.collect AS collect,tweet.comment AS comment,tweet.pic AS pic,tweet.thumbpic AS thumbpic,tweet.uid AS uid,userinfo.username AS username,userinfo.sex AS sex,userinfo.face80 AS face FROM ly_tweet tweet LEFT JOIN ly_userinfo userinfo ON tweet.uid=userinfo.uid WHERE tweet.id = '42' LIMIT 1   [ RunTime:0.0010s ]
SQL: SELECT tweet.id AS id,tweet.content AS content,tweet.isturn AS isturn,tweet.time AS time,tweet.turn AS turn,tweet.collect AS collect,tweet.comment AS comment,tweet.pic AS pic,tweet.thumbpic AS thumbpic,tweet.uid AS uid,userinfo.username AS username,userinfo.sex AS sex,userinfo.face80 AS face FROM ly_tweet tweet LEFT JOIN ly_userinfo userinfo ON tweet.uid=userinfo.uid WHERE tweet.id = '42' LIMIT 1   [ RunTime:0.0000s ]
SQL: SELECT tweet.id AS id,tweet.content AS content,tweet.isturn AS isturn,tweet.time AS time,tweet.turn AS turn,tweet.collect AS collect,tweet.comment AS comment,tweet.pic AS pic,tweet.thumbpic AS thumbpic,tweet.uid AS uid,userinfo.username AS username,userinfo.sex AS sex,userinfo.face80 AS face FROM ly_tweet tweet LEFT JOIN ly_userinfo userinfo ON tweet.uid=userinfo.uid WHERE tweet.id = '0' LIMIT 1   [ RunTime:0.0010s ]
SQL: SELECT tweet.id AS id,tweet.content AS content,tweet.isturn AS isturn,tweet.time AS time,tweet.turn AS turn,tweet.collect AS collect,tweet.comment AS comment,tweet.pic AS pic,tweet.thumbpic AS thumbpic,tweet.uid AS uid,userinfo.username AS username,userinfo.sex AS sex,userinfo.face80 AS face FROM ly_tweet tweet LEFT JOIN ly_userinfo userinfo ON tweet.uid=userinfo.uid WHERE tweet.id = '0' LIMIT 1   [ RunTime:0.0000s ]
SQL: SELECT tweet.id AS id,tweet.content AS content,tweet.isturn AS isturn,tweet.time AS time,tweet.turn AS turn,tweet.collect AS collect,tweet.comment AS comment,tweet.pic AS pic,tweet.thumbpic AS thumbpic,tweet.uid AS uid,userinfo.username AS username,userinfo.sex AS sex,userinfo.face80 AS face FROM ly_tweet tweet LEFT JOIN ly_userinfo userinfo ON tweet.uid=userinfo.uid WHERE tweet.id = '39' LIMIT 1   [ RunTime:0.0000s ]
SQL: SELECT tweet.id AS id,tweet.content AS content,tweet.isturn AS isturn,tweet.time AS time,tweet.turn AS turn,tweet.collect AS collect,tweet.comment AS comment,tweet.pic AS pic,tweet.thumbpic AS thumbpic,tweet.uid AS uid,userinfo.username AS username,userinfo.sex AS sex,userinfo.face80 AS face FROM ly_tweet tweet LEFT JOIN ly_userinfo userinfo ON tweet.uid=userinfo.uid WHERE tweet.id = '0' LIMIT 1   [ RunTime:0.0000s ]
SQL: SELECT tweet.id AS id,tweet.content AS content,tweet.isturn AS isturn,tweet.time AS time,tweet.turn AS turn,tweet.collect AS collect,tweet.comment AS comment,tweet.pic AS pic,tweet.thumbpic AS thumbpic,tweet.uid AS uid,userinfo.username AS username,userinfo.sex AS sex,userinfo.face80 AS face FROM ly_tweet tweet LEFT JOIN ly_userinfo userinfo ON tweet.uid=userinfo.uid WHERE tweet.id = '37' LIMIT 1   [ RunTime:0.0000s ]
SQL: SELECT tweet.id AS id,tweet.content AS content,tweet.isturn AS isturn,tweet.time AS time,tweet.turn AS turn,tweet.collect AS collect,tweet.comment AS comment,tweet.pic AS pic,tweet.thumbpic AS thumbpic,tweet.uid AS uid,userinfo.username AS username,userinfo.sex AS sex,userinfo.face80 AS face FROM ly_tweet tweet LEFT JOIN ly_userinfo userinfo ON tweet.uid=userinfo.uid WHERE tweet.id = '0' LIMIT 1   [ RunTime:0.0010s ]
INFO: [ view_parse ] --START--
INFO: [ template_filter ] --START--
INFO: Run Behavior\ContentReplaceBehavior [ RunTime:0.000000s ]
INFO: [ template_filter ] --END-- [ RunTime:0.000000s ]
NOTIC: [8] Undefined variable: isLogin D:\CLY\phpstudy\WWW\weibo\Runtime\Cache\Home\11cb243a745bf4d9fc992e0e2c0ee5cc.php 第 19 行.
NOTIC: [8] Undefined variable: userinfo D:\CLY\phpstudy\WWW\weibo\Runtime\Cache\Home\11cb243a745bf4d9fc992e0e2c0ee5cc.php 第 20 行.
INFO: Run Behavior\ParseTemplateBehavior [ RunTime:0.015000s ]
INFO: [ view_parse ] --END-- [ RunTime:0.015000s ]
INFO: [ view_filter ] --START--
INFO: Run Behavior\WriteHtmlCacheBehavior [ RunTime:0.000000s ]
INFO: [ view_filter ] --END-- [ RunTime:0.000000s ]
INFO: [ app_end ] --START--
INFO: Run Behavior\ShowPageTraceBehavior [ RunTime:0.001000s ]
INFO: [ app_end ] --END-- [ RunTime:0.001000s ]

[ 2017-01-28T18:55:13+08:00 ] ::1 /weibo/index.php/Home/Index/getComment.html
INFO: [ app_init ] --START--
INFO: Run Behavior\BuildLiteBehavior [ RunTime:0.000000s ]
INFO: [ app_init ] --END-- [ RunTime:0.000000s ]
INFO: [ app_begin ] --START--
INFO: Run Behavior\ReadHtmlCacheBehavior [ RunTime:0.000000s ]
INFO: [ app_begin ] --END-- [ RunTime:0.000000s ]
SQL: SHOW COLUMNS FROM `ly_user` [ RunTime:0.0020s ]
SQL: SELECT `account` FROM `ly_user` WHERE `id` = 1 LIMIT 1   [ RunTime:0.0000s ]
SQL: SHOW COLUMNS FROM `ly_userinfo` [ RunTime:0.0020s ]
SQL: SELECT `username`,`face180`,`face80`,`face50` FROM `ly_userinfo` WHERE `uid` = 1 LIMIT 1   [ RunTime:0.0000s ]
SQL: SHOW COLUMNS FROM `ly_comment` [ RunTime:0.0330s ]
SQL: SELECT comment.content AS content,comment.time AS time,comment.wid AS wid,userinfo.username AS username,userinfo.face80 AS face,userinfo.uid AS uid FROM ly_comment comment LEFT JOIN ly_userinfo userinfo ON comment.uid=userinfo.uid WHERE comment.wid = 37  [ RunTime:0.0000s ]

[ 2017-01-28T21:15:01+08:00 ] ::1 /weibo/
INFO: [ app_init ] --START--
INFO: Run Behavior\BuildLiteBehavior [ RunTime:0.000000s ]
INFO: [ app_init ] --END-- [ RunTime:0.000000s ]
INFO: [ app_begin ] --START--
INFO: Run Behavior\ReadHtmlCacheBehavior [ RunTime:0.001000s ]
INFO: [ app_begin ] --END-- [ RunTime:0.001000s ]
SQL: SHOW COLUMNS FROM `ly_user` [ RunTime:0.0010s ]
SQL: SELECT `account` FROM `ly_user` WHERE `id` = 1 LIMIT 1   [ RunTime:0.0000s ]
SQL: SHOW COLUMNS FROM `ly_userinfo` [ RunTime:0.0010s ]
SQL: SELECT `username`,`face180`,`face80`,`face50` FROM `ly_userinfo` WHERE `uid` = 1 LIMIT 1   [ RunTime:0.0000s ]
SQL: SHOW COLUMNS FROM `ly_follow` [ RunTime:0.0010s ]
SQL: SELECT `follow` FROM `ly_follow` WHERE `fans` = 1  [ RunTime:0.0010s ]
SQL: SHOW COLUMNS FROM `ly_tweet` [ RunTime:0.0010s ]
SQL: SELECT tweet.id AS id,tweet.content AS content,tweet.isturn AS isturn,tweet.time AS time,tweet.turn AS turn,tweet.collect AS collect,tweet.comment AS comment,tweet.pic AS pic,tweet.thumbpic AS thumbpic,tweet.uid AS uid,userinfo.username AS username,userinfo.sex AS sex,userinfo.face80 AS face FROM ly_tweet tweet LEFT JOIN ly_userinfo userinfo ON tweet.uid=userinfo.uid WHERE tweet.uid IN ('1','4','3','2') ORDER BY tweet.time DESC  [ RunTime:0.0000s ]
SQL: SELECT tweet.id AS id,tweet.content AS content,tweet.isturn AS isturn,tweet.time AS time,tweet.turn AS turn,tweet.collect AS collect,tweet.comment AS comment,tweet.pic AS pic,tweet.thumbpic AS thumbpic,tweet.uid AS uid,userinfo.username AS username,userinfo.sex AS sex,userinfo.face80 AS face FROM ly_tweet tweet LEFT JOIN ly_userinfo userinfo ON tweet.uid=userinfo.uid WHERE tweet.id = '42' LIMIT 1   [ RunTime:0.0000s ]
SQL: SELECT tweet.id AS id,tweet.content AS content,tweet.isturn AS isturn,tweet.time AS time,tweet.turn AS turn,tweet.collect AS collect,tweet.comment AS comment,tweet.pic AS pic,tweet.thumbpic AS thumbpic,tweet.uid AS uid,userinfo.username AS username,userinfo.sex AS sex,userinfo.face80 AS face FROM ly_tweet tweet LEFT JOIN ly_userinfo userinfo ON tweet.uid=userinfo.uid WHERE tweet.id = '42' LIMIT 1   [ RunTime:0.0000s ]
SQL: SELECT tweet.id AS id,tweet.content AS content,tweet.isturn AS isturn,tweet.time AS time,tweet.turn AS turn,tweet.collect AS collect,tweet.comment AS comment,tweet.pic AS pic,tweet.thumbpic AS thumbpic,tweet.uid AS uid,userinfo.username AS username,userinfo.sex AS sex,userinfo.face80 AS face FROM ly_tweet tweet LEFT JOIN ly_userinfo userinfo ON tweet.uid=userinfo.uid WHERE tweet.id = '0' LIMIT 1   [ RunTime:0.0000s ]
SQL: SELECT tweet.id AS id,tweet.content AS content,tweet.isturn AS isturn,tweet.time AS time,tweet.turn AS turn,tweet.collect AS collect,tweet.comment AS comment,tweet.pic AS pic,tweet.thumbpic AS thumbpic,tweet.uid AS uid,userinfo.username AS username,userinfo.sex AS sex,userinfo.face80 AS face FROM ly_tweet tweet LEFT JOIN ly_userinfo userinfo ON tweet.uid=userinfo.uid WHERE tweet.id = '0' LIMIT 1   [ RunTime:0.0010s ]
SQL: SELECT tweet.id AS id,tweet.content AS content,tweet.isturn AS isturn,tweet.time AS time,tweet.turn AS turn,tweet.collect AS collect,tweet.comment AS comment,tweet.pic AS pic,tweet.thumbpic AS thumbpic,tweet.uid AS uid,userinfo.username AS username,userinfo.sex AS sex,userinfo.face80 AS face FROM ly_tweet tweet LEFT JOIN ly_userinfo userinfo ON tweet.uid=userinfo.uid WHERE tweet.id = '39' LIMIT 1   [ RunTime:0.0000s ]
SQL: SELECT tweet.id AS id,tweet.content AS content,tweet.isturn AS isturn,tweet.time AS time,tweet.turn AS turn,tweet.collect AS collect,tweet.comment AS comment,tweet.pic AS pic,tweet.thumbpic AS thumbpic,tweet.uid AS uid,userinfo.username AS username,userinfo.sex AS sex,userinfo.face80 AS face FROM ly_tweet tweet LEFT JOIN ly_userinfo userinfo ON tweet.uid=userinfo.uid WHERE tweet.id = '0' LIMIT 1   [ RunTime:0.0000s ]
SQL: SELECT tweet.id AS id,tweet.content AS content,tweet.isturn AS isturn,tweet.time AS time,tweet.turn AS turn,tweet.collect AS collect,tweet.comment AS comment,tweet.pic AS pic,tweet.thumbpic AS thumbpic,tweet.uid AS uid,userinfo.username AS username,userinfo.sex AS sex,userinfo.face80 AS face FROM ly_tweet tweet LEFT JOIN ly_userinfo userinfo ON tweet.uid=userinfo.uid WHERE tweet.id = '37' LIMIT 1   [ RunTime:0.0000s ]
SQL: SELECT tweet.id AS id,tweet.content AS content,tweet.isturn AS isturn,tweet.time AS time,tweet.turn AS turn,tweet.collect AS collect,tweet.comment AS comment,tweet.pic AS pic,tweet.thumbpic AS thumbpic,tweet.uid AS uid,userinfo.username AS username,userinfo.sex AS sex,userinfo.face80 AS face FROM ly_tweet tweet LEFT JOIN ly_userinfo userinfo ON tweet.uid=userinfo.uid WHERE tweet.id = '0' LIMIT 1   [ RunTime:0.0000s ]
INFO: [ view_parse ] --START--
INFO: [ template_filter ] --START--
INFO: Run Behavior\ContentReplaceBehavior [ RunTime:0.001000s ]
INFO: [ template_filter ] --END-- [ RunTime:0.001000s ]
NOTIC: [8] Undefined variable: isLogin D:\CLY\phpstudy\WWW\weibo\Runtime\Cache\Home\11cb243a745bf4d9fc992e0e2c0ee5cc.php 第 19 行.
NOTIC: [8] Undefined variable: userinfo D:\CLY\phpstudy\WWW\weibo\Runtime\Cache\Home\11cb243a745bf4d9fc992e0e2c0ee5cc.php 第 20 行.
INFO: Run Behavior\ParseTemplateBehavior [ RunTime:0.011000s ]
INFO: [ view_parse ] --END-- [ RunTime:0.011000s ]
INFO: [ view_filter ] --START--
INFO: Run Behavior\WriteHtmlCacheBehavior [ RunTime:0.000000s ]
INFO: [ view_filter ] --END-- [ RunTime:0.000000s ]
INFO: [ app_end ] --START--
INFO: Run Behavior\ShowPageTraceBehavior [ RunTime:0.001000s ]
INFO: [ app_end ] --END-- [ RunTime:0.001000s ]

[ 2017-01-28T21:17:06+08:00 ] ::1 /weibo/
INFO: [ app_init ] --START--
INFO: Run Behavior\BuildLiteBehavior [ RunTime:0.000000s ]
INFO: [ app_init ] --END-- [ RunTime:0.000000s ]
INFO: [ app_begin ] --START--
INFO: Run Behavior\ReadHtmlCacheBehavior [ RunTime:0.000000s ]
INFO: [ app_begin ] --END-- [ RunTime:0.000000s ]
SQL: SHOW COLUMNS FROM `ly_user` [ RunTime:0.0020s ]
SQL: SELECT `account` FROM `ly_user` WHERE `id` = 1 LIMIT 1   [ RunTime:0.0000s ]
SQL: SHOW COLUMNS FROM `ly_userinfo` [ RunTime:0.0020s ]
SQL: SELECT `username`,`face180`,`face80`,`face50` FROM `ly_userinfo` WHERE `uid` = 1 LIMIT 1   [ RunTime:0.0000s ]
SQL: SHOW COLUMNS FROM `ly_follow` [ RunTime:0.0010s ]
SQL: SELECT `follow` FROM `ly_follow` WHERE `fans` = 1  [ RunTime:0.0000s ]
SQL: SHOW COLUMNS FROM `ly_tweet` [ RunTime:0.0010s ]
SQL: SELECT tweet.id AS id,tweet.content AS content,tweet.isturn AS isturn,tweet.time AS time,tweet.turn AS turn,tweet.collect AS collect,tweet.comment AS comment,tweet.pic AS pic,tweet.thumbpic AS thumbpic,tweet.uid AS uid,userinfo.username AS username,userinfo.sex AS sex,userinfo.face80 AS face FROM ly_tweet tweet LEFT JOIN ly_userinfo userinfo ON tweet.uid=userinfo.uid WHERE tweet.uid IN ('1','4','3','2') ORDER BY tweet.time DESC  [ RunTime:0.0010s ]
SQL: SELECT tweet.id AS id,tweet.content AS content,tweet.isturn AS isturn,tweet.time AS time,tweet.turn AS turn,tweet.collect AS collect,tweet.comment AS comment,tweet.pic AS pic,tweet.thumbpic AS thumbpic,tweet.uid AS uid,userinfo.username AS username,userinfo.sex AS sex,userinfo.face80 AS face FROM ly_tweet tweet LEFT JOIN ly_userinfo userinfo ON tweet.uid=userinfo.uid WHERE tweet.id = '42' LIMIT 1   [ RunTime:0.0000s ]
SQL: SELECT tweet.id AS id,tweet.content AS content,tweet.isturn AS isturn,tweet.time AS time,tweet.turn AS turn,tweet.collect AS collect,tweet.comment AS comment,tweet.pic AS pic,tweet.thumbpic AS thumbpic,tweet.uid AS uid,userinfo.username AS username,userinfo.sex AS sex,userinfo.face80 AS face FROM ly_tweet tweet LEFT JOIN ly_userinfo userinfo ON tweet.uid=userinfo.uid WHERE tweet.id = '42' LIMIT 1   [ RunTime:0.0010s ]
SQL: SELECT tweet.id AS id,tweet.content AS content,tweet.isturn AS isturn,tweet.time AS time,tweet.turn AS turn,tweet.collect AS collect,tweet.comment AS comment,tweet.pic AS pic,tweet.thumbpic AS thumbpic,tweet.uid AS uid,userinfo.username AS username,userinfo.sex AS sex,userinfo.face80 AS face FROM ly_tweet tweet LEFT JOIN ly_userinfo userinfo ON tweet.uid=userinfo.uid WHERE tweet.id = '0' LIMIT 1   [ RunTime:0.0000s ]
SQL: SELECT tweet.id AS id,tweet.content AS content,tweet.isturn AS isturn,tweet.time AS time,tweet.turn AS turn,tweet.collect AS collect,tweet.comment AS comment,tweet.pic AS pic,tweet.thumbpic AS thumbpic,tweet.uid AS uid,userinfo.username AS username,userinfo.sex AS sex,userinfo.face80 AS face FROM ly_tweet tweet LEFT JOIN ly_userinfo userinfo ON tweet.uid=userinfo.uid WHERE tweet.id = '0' LIMIT 1   [ RunTime:0.0000s ]
SQL: SELECT tweet.id AS id,tweet.content AS content,tweet.isturn AS isturn,tweet.time AS time,tweet.turn AS turn,tweet.collect AS collect,tweet.comment AS comment,tweet.pic AS pic,tweet.thumbpic AS thumbpic,tweet.uid AS uid,userinfo.username AS username,userinfo.sex AS sex,userinfo.face80 AS face FROM ly_tweet tweet LEFT JOIN ly_userinfo userinfo ON tweet.uid=userinfo.uid WHERE tweet.id = '39' LIMIT 1   [ RunTime:0.0010s ]
SQL: SELECT tweet.id AS id,tweet.content AS content,tweet.isturn AS isturn,tweet.time AS time,tweet.turn AS turn,tweet.collect AS collect,tweet.comment AS comment,tweet.pic AS pic,tweet.thumbpic AS thumbpic,tweet.uid AS uid,userinfo.username AS username,userinfo.sex AS sex,userinfo.face80 AS face FROM ly_tweet tweet LEFT JOIN ly_userinfo userinfo ON tweet.uid=userinfo.uid WHERE tweet.id = '0' LIMIT 1   [ RunTime:0.0000s ]
SQL: SELECT tweet.id AS id,tweet.content AS content,tweet.isturn AS isturn,tweet.time AS time,tweet.turn AS turn,tweet.collect AS collect,tweet.comment AS comment,tweet.pic AS pic,tweet.thumbpic AS thumbpic,tweet.uid AS uid,userinfo.username AS username,userinfo.sex AS sex,userinfo.face80 AS face FROM ly_tweet tweet LEFT JOIN ly_userinfo userinfo ON tweet.uid=userinfo.uid WHERE tweet.id = '37' LIMIT 1   [ RunTime:0.0000s ]
SQL: SELECT tweet.id AS id,tweet.content AS content,tweet.isturn AS isturn,tweet.time AS time,tweet.turn AS turn,tweet.collect AS collect,tweet.comment AS comment,tweet.pic AS pic,tweet.thumbpic AS thumbpic,tweet.uid AS uid,userinfo.username AS username,userinfo.sex AS sex,userinfo.face80 AS face FROM ly_tweet tweet LEFT JOIN ly_userinfo userinfo ON tweet.uid=userinfo.uid WHERE tweet.id = '0' LIMIT 1   [ RunTime:0.0000s ]
INFO: [ view_parse ] --START--
INFO: [ template_filter ] --START--
INFO: Run Behavior\ContentReplaceBehavior [ RunTime:0.001000s ]
INFO: [ template_filter ] --END-- [ RunTime:0.001000s ]
NOTIC: [8] Undefined variable: isLogin D:\CLY\phpstudy\WWW\weibo\Runtime\Cache\Home\11cb243a745bf4d9fc992e0e2c0ee5cc.php 第 19 行.
NOTIC: [8] Undefined variable: userinfo D:\CLY\phpstudy\WWW\weibo\Runtime\Cache\Home\11cb243a745bf4d9fc992e0e2c0ee5cc.php 第 20 行.
INFO: Run Behavior\ParseTemplateBehavior [ RunTime:0.011000s ]
INFO: [ view_parse ] --END-- [ RunTime:0.011000s ]
INFO: [ view_filter ] --START--
INFO: Run Behavior\WriteHtmlCacheBehavior [ RunTime:0.000000s ]
INFO: [ view_filter ] --END-- [ RunTime:0.000000s ]
INFO: [ app_end ] --START--
INFO: Run Behavior\ShowPageTraceBehavior [ RunTime:0.000000s ]
INFO: [ app_end ] --END-- [ RunTime:0.000000s ]

[ 2017-01-28T21:17:08+08:00 ] ::1 /weibo/index.php/Home/Index/getComment.html
INFO: [ app_init ] --START--
INFO: Run Behavior\BuildLiteBehavior [ RunTime:0.000000s ]
INFO: [ app_init ] --END-- [ RunTime:0.001000s ]
INFO: [ app_begin ] --START--
INFO: Run Behavior\ReadHtmlCacheBehavior [ RunTime:0.001000s ]
INFO: [ app_begin ] --END-- [ RunTime:0.001000s ]
SQL: SHOW COLUMNS FROM `ly_user` [ RunTime:0.0020s ]
SQL: SELECT `account` FROM `ly_user` WHERE `id` = 1 LIMIT 1   [ RunTime:0.0010s ]
SQL: SHOW COLUMNS FROM `ly_userinfo` [ RunTime:0.0010s ]
SQL: SELECT `username`,`face180`,`face80`,`face50` FROM `ly_userinfo` WHERE `uid` = 1 LIMIT 1   [ RunTime:0.0010s ]
SQL: SHOW COLUMNS FROM `ly_comment` [ RunTime:0.0020s ]
SQL: SELECT comment.content AS content,comment.time AS time,comment.wid AS wid,userinfo.username AS username,userinfo.face80 AS face,userinfo.uid AS uid FROM ly_comment comment LEFT JOIN ly_userinfo userinfo ON comment.uid=userinfo.uid WHERE comment.wid = 37  [ RunTime:0.0000s ]

[ 2017-01-28T21:17:40+08:00 ] ::1 /weibo/
INFO: [ app_init ] --START--
INFO: Run Behavior\BuildLiteBehavior [ RunTime:0.000000s ]
INFO: [ app_init ] --END-- [ RunTime:0.000000s ]
INFO: [ app_begin ] --START--
INFO: Run Behavior\ReadHtmlCacheBehavior [ RunTime:0.000000s ]
INFO: [ app_begin ] --END-- [ RunTime:0.000000s ]
SQL: SHOW COLUMNS FROM `ly_user` [ RunTime:0.0020s ]
SQL: SELECT `account` FROM `ly_user` WHERE `id` = 1 LIMIT 1   [ RunTime:0.0000s ]
SQL: SHOW COLUMNS FROM `ly_userinfo` [ RunTime:0.0010s ]
SQL: SELECT `username`,`face180`,`face80`,`face50` FROM `ly_userinfo` WHERE `uid` = 1 LIMIT 1   [ RunTime:0.0010s ]
SQL: SHOW COLUMNS FROM `ly_follow` [ RunTime:0.0010s ]
SQL: SELECT `follow` FROM `ly_follow` WHERE `fans` = 1  [ RunTime:0.0000s ]
SQL: SHOW COLUMNS FROM `ly_tweet` [ RunTime:0.0010s ]
SQL: SELECT tweet.id AS id,tweet.content AS content,tweet.isturn AS isturn,tweet.time AS time,tweet.turn AS turn,tweet.collect AS collect,tweet.comment AS comment,tweet.pic AS pic,tweet.thumbpic AS thumbpic,tweet.uid AS uid,userinfo.username AS username,userinfo.sex AS sex,userinfo.face80 AS face FROM ly_tweet tweet LEFT JOIN ly_userinfo userinfo ON tweet.uid=userinfo.uid WHERE tweet.uid IN ('1','4','3','2') ORDER BY tweet.time DESC  [ RunTime:0.0010s ]
SQL: SELECT tweet.id AS id,tweet.content AS content,tweet.isturn AS isturn,tweet.time AS time,tweet.turn AS turn,tweet.collect AS collect,tweet.comment AS comment,tweet.pic AS pic,tweet.thumbpic AS thumbpic,tweet.uid AS uid,userinfo.username AS username,userinfo.sex AS sex,userinfo.face80 AS face FROM ly_tweet tweet LEFT JOIN ly_userinfo userinfo ON tweet.uid=userinfo.uid WHERE tweet.id = '42' LIMIT 1   [ RunTime:0.0000s ]
SQL: SELECT tweet.id AS id,tweet.content AS content,tweet.isturn AS isturn,tweet.time AS time,tweet.turn AS turn,tweet.collect AS collect,tweet.comment AS comment,tweet.pic AS pic,tweet.thumbpic AS thumbpic,tweet.uid AS uid,userinfo.username AS username,userinfo.sex AS sex,userinfo.face80 AS face FROM ly_tweet tweet LEFT JOIN ly_userinfo userinfo ON tweet.uid=userinfo.uid WHERE tweet.id = '42' LIMIT 1   [ RunTime:0.0000s ]
SQL: SELECT tweet.id AS id,tweet.content AS content,tweet.isturn AS isturn,tweet.time AS time,tweet.turn AS turn,tweet.collect AS collect,tweet.comment AS comment,tweet.pic AS pic,tweet.thumbpic AS thumbpic,tweet.uid AS uid,userinfo.username AS username,userinfo.sex AS sex,userinfo.face80 AS face FROM ly_tweet tweet LEFT JOIN ly_userinfo userinfo ON tweet.uid=userinfo.uid WHERE tweet.id = '0' LIMIT 1   [ RunTime:0.0000s ]
SQL: SELECT tweet.id AS id,tweet.content AS content,tweet.isturn AS isturn,tweet.time AS time,tweet.turn AS turn,tweet.collect AS collect,tweet.comment AS comment,tweet.pic AS pic,tweet.thumbpic AS thumbpic,tweet.uid AS uid,userinfo.username AS username,userinfo.sex AS sex,userinfo.face80 AS face FROM ly_tweet tweet LEFT JOIN ly_userinfo userinfo ON tweet.uid=userinfo.uid WHERE tweet.id = '0' LIMIT 1   [ RunTime:0.0000s ]
SQL: SELECT tweet.id AS id,tweet.content AS content,tweet.isturn AS isturn,tweet.time AS time,tweet.turn AS turn,tweet.collect AS collect,tweet.comment AS comment,tweet.pic AS pic,tweet.thumbpic AS thumbpic,tweet.uid AS uid,userinfo.username AS username,userinfo.sex AS sex,userinfo.face80 AS face FROM ly_tweet tweet LEFT JOIN ly_userinfo userinfo ON tweet.uid=userinfo.uid WHERE tweet.id = '39' LIMIT 1   [ RunTime:0.0000s ]
SQL: SELECT tweet.id AS id,tweet.content AS content,tweet.isturn AS isturn,tweet.time AS time,tweet.turn AS turn,tweet.collect AS collect,tweet.comment AS comment,tweet.pic AS pic,tweet.thumbpic AS thumbpic,tweet.uid AS uid,userinfo.username AS username,userinfo.sex AS sex,userinfo.face80 AS face FROM ly_tweet tweet LEFT JOIN ly_userinfo userinfo ON tweet.uid=userinfo.uid WHERE tweet.id = '0' LIMIT 1   [ RunTime:0.0010s ]
SQL: SELECT tweet.id AS id,tweet.content AS content,tweet.isturn AS isturn,tweet.time AS time,tweet.turn AS turn,tweet.collect AS collect,tweet.comment AS comment,tweet.pic AS pic,tweet.thumbpic AS thumbpic,tweet.uid AS uid,userinfo.username AS username,userinfo.sex AS sex,userinfo.face80 AS face FROM ly_tweet tweet LEFT JOIN ly_userinfo userinfo ON tweet.uid=userinfo.uid WHERE tweet.id = '37' LIMIT 1   [ RunTime:0.0000s ]
SQL: SELECT tweet.id AS id,tweet.content AS content,tweet.isturn AS isturn,tweet.time AS time,tweet.turn AS turn,tweet.collect AS collect,tweet.comment AS comment,tweet.pic AS pic,tweet.thumbpic AS thumbpic,tweet.uid AS uid,userinfo.username AS username,userinfo.sex AS sex,userinfo.face80 AS face FROM ly_tweet tweet LEFT JOIN ly_userinfo userinfo ON tweet.uid=userinfo.uid WHERE tweet.id = '0' LIMIT 1   [ RunTime:0.0000s ]
INFO: [ view_parse ] --START--
INFO: [ template_filter ] --START--
INFO: Run Behavior\ContentReplaceBehavior [ RunTime:0.001000s ]
INFO: [ template_filter ] --END-- [ RunTime:0.001000s ]
NOTIC: [8] Undefined variable: isLogin D:\CLY\phpstudy\WWW\weibo\Runtime\Cache\Home\11cb243a745bf4d9fc992e0e2c0ee5cc.php 第 19 行.
NOTIC: [8] Undefined variable: userinfo D:\CLY\phpstudy\WWW\weibo\Runtime\Cache\Home\11cb243a745bf4d9fc992e0e2c0ee5cc.php 第 20 行.
INFO: Run Behavior\ParseTemplateBehavior [ RunTime:0.011000s ]
INFO: [ view_parse ] --END-- [ RunTime:0.011000s ]
INFO: [ view_filter ] --START--
INFO: Run Behavior\WriteHtmlCacheBehavior [ RunTime:0.000000s ]
INFO: [ view_filter ] --END-- [ RunTime:0.000000s ]
INFO: [ app_end ] --START--
INFO: Run Behavior\ShowPageTraceBehavior [ RunTime:0.001000s ]
INFO: [ app_end ] --END-- [ RunTime:0.001000s ]

[ 2017-01-28T21:17:43+08:00 ] ::1 /weibo/index.php/Home/Index/getComment.html
INFO: [ app_init ] --START--
INFO: Run Behavior\BuildLiteBehavior [ RunTime:0.000000s ]
INFO: [ app_init ] --END-- [ RunTime:0.000000s ]
INFO: [ app_begin ] --START--
INFO: Run Behavior\ReadHtmlCacheBehavior [ RunTime:0.001000s ]
INFO: [ app_begin ] --END-- [ RunTime:0.001000s ]
SQL: SHOW COLUMNS FROM `ly_user` [ RunTime:0.0020s ]
SQL: SELECT `account` FROM `ly_user` WHERE `id` = 1 LIMIT 1   [ RunTime:0.0000s ]
SQL: SHOW COLUMNS FROM `ly_userinfo` [ RunTime:0.0020s ]
SQL: SELECT `username`,`face180`,`face80`,`face50` FROM `ly_userinfo` WHERE `uid` = 1 LIMIT 1   [ RunTime:0.0000s ]
SQL: SHOW COLUMNS FROM `ly_comment` [ RunTime:0.0010s ]
SQL: SELECT comment.content AS content,comment.time AS time,comment.wid AS wid,userinfo.username AS username,userinfo.face80 AS face,userinfo.uid AS uid FROM ly_comment comment LEFT JOIN ly_userinfo userinfo ON comment.uid=userinfo.uid WHERE comment.wid = 37  [ RunTime:0.0010s ]

[ 2017-01-28T21:17:48+08:00 ] ::1 /weibo/index.php/Home/Index/getComment.html
INFO: [ app_init ] --START--
INFO: Run Behavior\BuildLiteBehavior [ RunTime:0.000000s ]
INFO: [ app_init ] --END-- [ RunTime:0.000000s ]
INFO: [ app_begin ] --START--
INFO: Run Behavior\ReadHtmlCacheBehavior [ RunTime:0.001000s ]
INFO: [ app_begin ] --END-- [ RunTime:0.001000s ]
SQL: SHOW COLUMNS FROM `ly_user` [ RunTime:0.0020s ]
SQL: SELECT `account` FROM `ly_user` WHERE `id` = 1 LIMIT 1   [ RunTime:0.0000s ]
SQL: SHOW COLUMNS FROM `ly_userinfo` [ RunTime:0.0010s ]
SQL: SELECT `username`,`face180`,`face80`,`face50` FROM `ly_userinfo` WHERE `uid` = 1 LIMIT 1   [ RunTime:0.0000s ]
SQL: SHOW COLUMNS FROM `ly_comment` [ RunTime:0.0010s ]
SQL: SELECT comment.content AS content,comment.time AS time,comment.wid AS wid,userinfo.username AS username,userinfo.face80 AS face,userinfo.uid AS uid FROM ly_comment comment LEFT JOIN ly_userinfo userinfo ON comment.uid=userinfo.uid WHERE comment.wid = 37  [ RunTime:0.0000s ]

[ 2017-01-28T21:20:11+08:00 ] ::1 /weibo/
INFO: [ app_init ] --START--
INFO: Run Behavior\BuildLiteBehavior [ RunTime:0.000000s ]
INFO: [ app_init ] --END-- [ RunTime:0.000000s ]
INFO: [ app_begin ] --START--
INFO: Run Behavior\ReadHtmlCacheBehavior [ RunTime:0.000000s ]
INFO: [ app_begin ] --END-- [ RunTime:0.000000s ]
SQL: SHOW COLUMNS FROM `ly_user` [ RunTime:0.0020s ]
SQL: SELECT `account` FROM `ly_user` WHERE `id` = 1 LIMIT 1   [ RunTime:0.0000s ]
SQL: SHOW COLUMNS FROM `ly_userinfo` [ RunTime:0.0010s ]
SQL: SELECT `username`,`face180`,`face80`,`face50` FROM `ly_userinfo` WHERE `uid` = 1 LIMIT 1   [ RunTime:0.0010s ]
SQL: SHOW COLUMNS FROM `ly_follow` [ RunTime:0.0010s ]
SQL: SELECT `follow` FROM `ly_follow` WHERE `fans` = 1  [ RunTime:0.0000s ]
SQL: SHOW COLUMNS FROM `ly_tweet` [ RunTime:0.0010s ]
SQL: SELECT tweet.id AS id,tweet.content AS content,tweet.isturn AS isturn,tweet.time AS time,tweet.turn AS turn,tweet.collect AS collect,tweet.comment AS comment,tweet.pic AS pic,tweet.thumbpic AS thumbpic,tweet.uid AS uid,userinfo.username AS username,userinfo.sex AS sex,userinfo.face80 AS face FROM ly_tweet tweet LEFT JOIN ly_userinfo userinfo ON tweet.uid=userinfo.uid WHERE tweet.uid IN ('1','4','3','2') ORDER BY tweet.time DESC  [ RunTime:0.0000s ]
SQL: SELECT tweet.id AS id,tweet.content AS content,tweet.isturn AS isturn,tweet.time AS time,tweet.turn AS turn,tweet.collect AS collect,tweet.comment AS comment,tweet.pic AS pic,tweet.thumbpic AS thumbpic,tweet.uid AS uid,userinfo.username AS username,userinfo.sex AS sex,userinfo.face80 AS face FROM ly_tweet tweet LEFT JOIN ly_userinfo userinfo ON tweet.uid=userinfo.uid WHERE tweet.id = '42' LIMIT 1   [ RunTime:0.0000s ]
SQL: SELECT tweet.id AS id,tweet.content AS content,tweet.isturn AS isturn,tweet.time AS time,tweet.turn AS turn,tweet.collect AS collect,tweet.comment AS comment,tweet.pic AS pic,tweet.thumbpic AS thumbpic,tweet.uid AS uid,userinfo.username AS username,userinfo.sex AS sex,userinfo.face80 AS face FROM ly_tweet tweet LEFT JOIN ly_userinfo userinfo ON tweet.uid=userinfo.uid WHERE tweet.id = '42' LIMIT 1   [ RunTime:0.0010s ]
SQL: SELECT tweet.id AS id,tweet.content AS content,tweet.isturn AS isturn,tweet.time AS time,tweet.turn AS turn,tweet.collect AS collect,tweet.comment AS comment,tweet.pic AS pic,tweet.thumbpic AS thumbpic,tweet.uid AS uid,userinfo.username AS username,userinfo.sex AS sex,userinfo.face80 AS face FROM ly_tweet tweet LEFT JOIN ly_userinfo userinfo ON tweet.uid=userinfo.uid WHERE tweet.id = '0' LIMIT 1   [ RunTime:0.0000s ]
SQL: SELECT tweet.id AS id,tweet.content AS content,tweet.isturn AS isturn,tweet.time AS time,tweet.turn AS turn,tweet.collect AS collect,tweet.comment AS comment,tweet.pic AS pic,tweet.thumbpic AS thumbpic,tweet.uid AS uid,userinfo.username AS username,userinfo.sex AS sex,userinfo.face80 AS face FROM ly_tweet tweet LEFT JOIN ly_userinfo userinfo ON tweet.uid=userinfo.uid WHERE tweet.id = '0' LIMIT 1   [ RunTime:0.0000s ]
SQL: SELECT tweet.id AS id,tweet.content AS content,tweet.isturn AS isturn,tweet.time AS time,tweet.turn AS turn,tweet.collect AS collect,tweet.comment AS comment,tweet.pic AS pic,tweet.thumbpic AS thumbpic,tweet.uid AS uid,userinfo.username AS username,userinfo.sex AS sex,userinfo.face80 AS face FROM ly_tweet tweet LEFT JOIN ly_userinfo userinfo ON tweet.uid=userinfo.uid WHERE tweet.id = '39' LIMIT 1   [ RunTime:0.0000s ]
SQL: SELECT tweet.id AS id,tweet.content AS content,tweet.isturn AS isturn,tweet.time AS time,tweet.turn AS turn,tweet.collect AS collect,tweet.comment AS comment,tweet.pic AS pic,tweet.thumbpic AS thumbpic,tweet.uid AS uid,userinfo.username AS username,userinfo.sex AS sex,userinfo.face80 AS face FROM ly_tweet tweet LEFT JOIN ly_userinfo userinfo ON tweet.uid=userinfo.uid WHERE tweet.id = '0' LIMIT 1   [ RunTime:0.0010s ]
SQL: SELECT tweet.id AS id,tweet.content AS content,tweet.isturn AS isturn,tweet.time AS time,tweet.turn AS turn,tweet.collect AS collect,tweet.comment AS comment,tweet.pic AS pic,tweet.thumbpic AS thumbpic,tweet.uid AS uid,userinfo.username AS username,userinfo.sex AS sex,userinfo.face80 AS face FROM ly_tweet tweet LEFT JOIN ly_userinfo userinfo ON tweet.uid=userinfo.uid WHERE tweet.id = '37' LIMIT 1   [ RunTime:0.0000s ]
SQL: SELECT tweet.id AS id,tweet.content AS content,tweet.isturn AS isturn,tweet.time AS time,tweet.turn AS turn,tweet.collect AS collect,tweet.comment AS comment,tweet.pic AS pic,tweet.thumbpic AS thumbpic,tweet.uid AS uid,userinfo.username AS username,userinfo.sex AS sex,userinfo.face80 AS face FROM ly_tweet tweet LEFT JOIN ly_userinfo userinfo ON tweet.uid=userinfo.uid WHERE tweet.id = '0' LIMIT 1   [ RunTime:0.0000s ]
INFO: [ view_parse ] --START--
INFO: [ template_filter ] --START--
INFO: Run Behavior\ContentReplaceBehavior [ RunTime:0.000000s ]
INFO: [ template_filter ] --END-- [ RunTime:0.000000s ]
NOTIC: [8] Undefined variable: isLogin D:\CLY\phpstudy\WWW\weibo\Runtime\Cache\Home\11cb243a745bf4d9fc992e0e2c0ee5cc.php 第 19 行.
NOTIC: [8] Undefined variable: userinfo D:\CLY\phpstudy\WWW\weibo\Runtime\Cache\Home\11cb243a745bf4d9fc992e0e2c0ee5cc.php 第 20 行.
INFO: Run Behavior\ParseTemplateBehavior [ RunTime:0.011000s ]
INFO: [ view_parse ] --END-- [ RunTime:0.011000s ]
INFO: [ view_filter ] --START--
INFO: Run Behavior\WriteHtmlCacheBehavior [ RunTime:0.000000s ]
INFO: [ view_filter ] --END-- [ RunTime:0.000000s ]
INFO: [ app_end ] --START--
INFO: Run Behavior\ShowPageTraceBehavior [ RunTime:0.001000s ]
INFO: [ app_end ] --END-- [ RunTime:0.001000s ]

[ 2017-01-28T21:20:14+08:00 ] ::1 /weibo/index.php/Home/Index/getComment.html
INFO: [ app_init ] --START--
INFO: Run Behavior\BuildLiteBehavior [ RunTime:0.000000s ]
INFO: [ app_init ] --END-- [ RunTime:0.001000s ]
INFO: [ app_begin ] --START--
INFO: Run Behavior\ReadHtmlCacheBehavior [ RunTime:0.000000s ]
INFO: [ app_begin ] --END-- [ RunTime:0.000000s ]
SQL: SHOW COLUMNS FROM `ly_user` [ RunTime:0.0020s ]
SQL: SELECT `account` FROM `ly_user` WHERE `id` = 1 LIMIT 1   [ RunTime:0.0000s ]
SQL: SHOW COLUMNS FROM `ly_userinfo` [ RunTime:0.0020s ]
SQL: SELECT `username`,`face180`,`face80`,`face50` FROM `ly_userinfo` WHERE `uid` = 1 LIMIT 1   [ RunTime:0.0000s ]
SQL: SHOW COLUMNS FROM `ly_comment` [ RunTime:0.0010s ]
SQL: SELECT comment.content AS content,comment.time AS time,comment.wid AS wid,userinfo.username AS username,userinfo.face80 AS face,userinfo.uid AS uid FROM ly_comment comment LEFT JOIN ly_userinfo userinfo ON comment.uid=userinfo.uid WHERE comment.wid = 37  [ RunTime:0.0000s ]

[ 2017-01-28T21:20:18+08:00 ] ::1 /weibo/index.php/Home/Index/getComment.html
INFO: [ app_init ] --START--
INFO: Run Behavior\BuildLiteBehavior [ RunTime:0.000000s ]
INFO: [ app_init ] --END-- [ RunTime:0.000000s ]
INFO: [ app_begin ] --START--
INFO: Run Behavior\ReadHtmlCacheBehavior [ RunTime:0.000000s ]
INFO: [ app_begin ] --END-- [ RunTime:0.000000s ]
SQL: SHOW COLUMNS FROM `ly_user` [ RunTime:0.0010s ]
SQL: SELECT `account` FROM `ly_user` WHERE `id` = 1 LIMIT 1   [ RunTime:0.0000s ]
SQL: SHOW COLUMNS FROM `ly_userinfo` [ RunTime:0.0010s ]
SQL: SELECT `username`,`face180`,`face80`,`face50` FROM `ly_userinfo` WHERE `uid` = 1 LIMIT 1   [ RunTime:0.0000s ]
SQL: SHOW COLUMNS FROM `ly_comment` [ RunTime:0.0010s ]
SQL: SELECT comment.content AS content,comment.time AS time,comment.wid AS wid,userinfo.username AS username,userinfo.face80 AS face,userinfo.uid AS uid FROM ly_comment comment LEFT JOIN ly_userinfo userinfo ON comment.uid=userinfo.uid WHERE comment.wid = 37  [ RunTime:0.0000s ]

[ 2017-01-28T21:21:01+08:00 ] ::1 /weibo/
INFO: [ app_init ] --START--
INFO: Run Behavior\BuildLiteBehavior [ RunTime:0.000000s ]
INFO: [ app_init ] --END-- [ RunTime:0.000000s ]
INFO: [ app_begin ] --START--
INFO: Run Behavior\ReadHtmlCacheBehavior [ RunTime:0.000000s ]
INFO: [ app_begin ] --END-- [ RunTime:0.001000s ]
SQL: SHOW COLUMNS FROM `ly_user` [ RunTime:0.0020s ]
SQL: SELECT `account` FROM `ly_user` WHERE `id` = 1 LIMIT 1   [ RunTime:0.0000s ]
SQL: SHOW COLUMNS FROM `ly_userinfo` [ RunTime:0.0010s ]
SQL: SELECT `username`,`face180`,`face80`,`face50` FROM `ly_userinfo` WHERE `uid` = 1 LIMIT 1   [ RunTime:0.0000s ]
SQL: SHOW COLUMNS FROM `ly_follow` [ RunTime:0.0020s ]
SQL: SELECT `follow` FROM `ly_follow` WHERE `fans` = 1  [ RunTime:0.0000s ]
SQL: SHOW COLUMNS FROM `ly_tweet` [ RunTime:0.0010s ]
SQL: SELECT tweet.id AS id,tweet.content AS content,tweet.isturn AS isturn,tweet.time AS time,tweet.turn AS turn,tweet.collect AS collect,tweet.comment AS comment,tweet.pic AS pic,tweet.thumbpic AS thumbpic,tweet.uid AS uid,userinfo.username AS username,userinfo.sex AS sex,userinfo.face80 AS face FROM ly_tweet tweet LEFT JOIN ly_userinfo userinfo ON tweet.uid=userinfo.uid WHERE tweet.uid IN ('1','4','3','2') ORDER BY tweet.time DESC  [ RunTime:0.0010s ]
SQL: SELECT tweet.id AS id,tweet.content AS content,tweet.isturn AS isturn,tweet.time AS time,tweet.turn AS turn,tweet.collect AS collect,tweet.comment AS comment,tweet.pic AS pic,tweet.thumbpic AS thumbpic,tweet.uid AS uid,userinfo.username AS username,userinfo.sex AS sex,userinfo.face80 AS face FROM ly_tweet tweet LEFT JOIN ly_userinfo userinfo ON tweet.uid=userinfo.uid WHERE tweet.id = '42' LIMIT 1   [ RunTime:0.0000s ]
SQL: SELECT tweet.id AS id,tweet.content AS content,tweet.isturn AS isturn,tweet.time AS time,tweet.turn AS turn,tweet.collect AS collect,tweet.comment AS comment,tweet.pic AS pic,tweet.thumbpic AS thumbpic,tweet.uid AS uid,userinfo.username AS username,userinfo.sex AS sex,userinfo.face80 AS face FROM ly_tweet tweet LEFT JOIN ly_userinfo userinfo ON tweet.uid=userinfo.uid WHERE tweet.id = '42' LIMIT 1   [ RunTime:0.0000s ]
SQL: SELECT tweet.id AS id,tweet.content AS content,tweet.isturn AS isturn,tweet.time AS time,tweet.turn AS turn,tweet.collect AS collect,tweet.comment AS comment,tweet.pic AS pic,tweet.thumbpic AS thumbpic,tweet.uid AS uid,userinfo.username AS username,userinfo.sex AS sex,userinfo.face80 AS face FROM ly_tweet tweet LEFT JOIN ly_userinfo userinfo ON tweet.uid=userinfo.uid WHERE tweet.id = '0' LIMIT 1   [ RunTime:0.0000s ]
SQL: SELECT tweet.id AS id,tweet.content AS content,tweet.isturn AS isturn,tweet.time AS time,tweet.turn AS turn,tweet.collect AS collect,tweet.comment AS comment,tweet.pic AS pic,tweet.thumbpic AS thumbpic,tweet.uid AS uid,userinfo.username AS username,userinfo.sex AS sex,userinfo.face80 AS face FROM ly_tweet tweet LEFT JOIN ly_userinfo userinfo ON tweet.uid=userinfo.uid WHERE tweet.id = '0' LIMIT 1   [ RunTime:0.0000s ]
SQL: SELECT tweet.id AS id,tweet.content AS content,tweet.isturn AS isturn,tweet.time AS time,tweet.turn AS turn,tweet.collect AS collect,tweet.comment AS comment,tweet.pic AS pic,tweet.thumbpic AS thumbpic,tweet.uid AS uid,userinfo.username AS username,userinfo.sex AS sex,userinfo.face80 AS face FROM ly_tweet tweet LEFT JOIN ly_userinfo userinfo ON tweet.uid=userinfo.uid WHERE tweet.id = '39' LIMIT 1   [ RunTime:0.0000s ]
SQL: SELECT tweet.id AS id,tweet.content AS content,tweet.isturn AS isturn,tweet.time AS time,tweet.turn AS turn,tweet.collect AS collect,tweet.comment AS comment,tweet.pic AS pic,tweet.thumbpic AS thumbpic,tweet.uid AS uid,userinfo.username AS username,userinfo.sex AS sex,userinfo.face80 AS face FROM ly_tweet tweet LEFT JOIN ly_userinfo userinfo ON tweet.uid=userinfo.uid WHERE tweet.id = '0' LIMIT 1   [ RunTime:0.0010s ]
SQL: SELECT tweet.id AS id,tweet.content AS content,tweet.isturn AS isturn,tweet.time AS time,tweet.turn AS turn,tweet.collect AS collect,tweet.comment AS comment,tweet.pic AS pic,tweet.thumbpic AS thumbpic,tweet.uid AS uid,userinfo.username AS username,userinfo.sex AS sex,userinfo.face80 AS face FROM ly_tweet tweet LEFT JOIN ly_userinfo userinfo ON tweet.uid=userinfo.uid WHERE tweet.id = '37' LIMIT 1   [ RunTime:0.0000s ]
SQL: SELECT tweet.id AS id,tweet.content AS content,tweet.isturn AS isturn,tweet.time AS time,tweet.turn AS turn,tweet.collect AS collect,tweet.comment AS comment,tweet.pic AS pic,tweet.thumbpic AS thumbpic,tweet.uid AS uid,userinfo.username AS username,userinfo.sex AS sex,userinfo.face80 AS face FROM ly_tweet tweet LEFT JOIN ly_userinfo userinfo ON tweet.uid=userinfo.uid WHERE tweet.id = '0' LIMIT 1   [ RunTime:0.0000s ]
INFO: [ view_parse ] --START--
INFO: [ template_filter ] --START--
INFO: Run Behavior\ContentReplaceBehavior [ RunTime:0.000000s ]
INFO: [ template_filter ] --END-- [ RunTime:0.000000s ]
NOTIC: [8] Undefined variable: isLogin D:\CLY\phpstudy\WWW\weibo\Runtime\Cache\Home\11cb243a745bf4d9fc992e0e2c0ee5cc.php 第 19 行.
NOTIC: [8] Undefined variable: userinfo D:\CLY\phpstudy\WWW\weibo\Runtime\Cache\Home\11cb243a745bf4d9fc992e0e2c0ee5cc.php 第 20 行.
INFO: Run Behavior\ParseTemplateBehavior [ RunTime:0.011000s ]
INFO: [ view_parse ] --END-- [ RunTime:0.011000s ]
INFO: [ view_filter ] --START--
INFO: Run Behavior\WriteHtmlCacheBehavior [ RunTime:0.000000s ]
INFO: [ view_filter ] --END-- [ RunTime:0.000000s ]
INFO: [ app_end ] --START--
INFO: Run Behavior\ShowPageTraceBehavior [ RunTime:0.001000s ]
INFO: [ app_end ] --END-- [ RunTime:0.001000s ]

[ 2017-01-28T21:21:04+08:00 ] ::1 /weibo/index.php/Home/Index/getComment.html
INFO: [ app_init ] --START--
INFO: Run Behavior\BuildLiteBehavior [ RunTime:0.000000s ]
INFO: [ app_init ] --END-- [ RunTime:0.001000s ]
INFO: [ app_begin ] --START--
INFO: Run Behavior\ReadHtmlCacheBehavior [ RunTime:0.000000s ]
INFO: [ app_begin ] --END-- [ RunTime:0.000000s ]
SQL: SHOW COLUMNS FROM `ly_user` [ RunTime:0.0020s ]
SQL: SELECT `account` FROM `ly_user` WHERE `id` = 1 LIMIT 1   [ RunTime:0.0000s ]
SQL: SHOW COLUMNS FROM `ly_userinfo` [ RunTime:0.0020s ]
SQL: SELECT `username`,`face180`,`face80`,`face50` FROM `ly_userinfo` WHERE `uid` = 1 LIMIT 1   [ RunTime:0.0000s ]
SQL: SHOW COLUMNS FROM `ly_comment` [ RunTime:0.0010s ]
SQL: SELECT comment.content AS content,comment.time AS time,comment.wid AS wid,userinfo.username AS username,userinfo.face80 AS face,userinfo.uid AS uid FROM ly_comment comment LEFT JOIN ly_userinfo userinfo ON comment.uid=userinfo.uid WHERE comment.wid = 37  [ RunTime:0.0000s ]

[ 2017-01-28T21:21:08+08:00 ] ::1 /weibo/index.php/Home/Index/getComment.html
INFO: [ app_init ] --START--
INFO: Run Behavior\BuildLiteBehavior [ RunTime:0.000000s ]
INFO: [ app_init ] --END-- [ RunTime:0.000000s ]
INFO: [ app_begin ] --START--
INFO: Run Behavior\ReadHtmlCacheBehavior [ RunTime:0.000000s ]
INFO: [ app_begin ] --END-- [ RunTime:0.001000s ]
SQL: SHOW COLUMNS FROM `ly_user` [ RunTime:0.0010s ]
SQL: SELECT `account` FROM `ly_user` WHERE `id` = 1 LIMIT 1   [ RunTime:0.0000s ]
SQL: SHOW COLUMNS FROM `ly_userinfo` [ RunTime:0.0020s ]
SQL: SELECT `username`,`face180`,`face80`,`face50` FROM `ly_userinfo` WHERE `uid` = 1 LIMIT 1   [ RunTime:0.0000s ]
SQL: SHOW COLUMNS FROM `ly_comment` [ RunTime:0.0010s ]
SQL: SELECT comment.content AS content,comment.time AS time,comment.wid AS wid,userinfo.username AS username,userinfo.face80 AS face,userinfo.uid AS uid FROM ly_comment comment LEFT JOIN ly_userinfo userinfo ON comment.uid=userinfo.uid WHERE comment.wid = 37  [ RunTime:0.0000s ]

[ 2017-01-28T21:21:37+08:00 ] ::1 /weibo/
INFO: [ app_init ] --START--
INFO: Run Behavior\BuildLiteBehavior [ RunTime:0.000000s ]
INFO: [ app_init ] --END-- [ RunTime:0.000000s ]
INFO: [ app_begin ] --START--
INFO: Run Behavior\ReadHtmlCacheBehavior [ RunTime:0.000000s ]
INFO: [ app_begin ] --END-- [ RunTime:0.000000s ]
SQL: SHOW COLUMNS FROM `ly_user` [ RunTime:0.0020s ]
SQL: SELECT `account` FROM `ly_user` WHERE `id` = 1 LIMIT 1   [ RunTime:0.0000s ]
SQL: SHOW COLUMNS FROM `ly_userinfo` [ RunTime:0.0020s ]
SQL: SELECT `username`,`face180`,`face80`,`face50` FROM `ly_userinfo` WHERE `uid` = 1 LIMIT 1   [ RunTime:0.0000s ]
SQL: SHOW COLUMNS FROM `ly_follow` [ RunTime:0.0010s ]
SQL: SELECT `follow` FROM `ly_follow` WHERE `fans` = 1  [ RunTime:0.0000s ]
SQL: SHOW COLUMNS FROM `ly_tweet` [ RunTime:0.0020s ]
SQL: SELECT tweet.id AS id,tweet.content AS content,tweet.isturn AS isturn,tweet.time AS time,tweet.turn AS turn,tweet.collect AS collect,tweet.comment AS comment,tweet.pic AS pic,tweet.thumbpic AS thumbpic,tweet.uid AS uid,userinfo.username AS username,userinfo.sex AS sex,userinfo.face80 AS face FROM ly_tweet tweet LEFT JOIN ly_userinfo userinfo ON tweet.uid=userinfo.uid WHERE tweet.uid IN ('1','4','3','2') ORDER BY tweet.time DESC  [ RunTime:0.0000s ]
SQL: SELECT tweet.id AS id,tweet.content AS content,tweet.isturn AS isturn,tweet.time AS time,tweet.turn AS turn,tweet.collect AS collect,tweet.comment AS comment,tweet.pic AS pic,tweet.thumbpic AS thumbpic,tweet.uid AS uid,userinfo.username AS username,userinfo.sex AS sex,userinfo.face80 AS face FROM ly_tweet tweet LEFT JOIN ly_userinfo userinfo ON tweet.uid=userinfo.uid WHERE tweet.id = '42' LIMIT 1   [ RunTime:0.0000s ]
SQL: SELECT tweet.id AS id,tweet.content AS content,tweet.isturn AS isturn,tweet.time AS time,tweet.turn AS turn,tweet.collect AS collect,tweet.comment AS comment,tweet.pic AS pic,tweet.thumbpic AS thumbpic,tweet.uid AS uid,userinfo.username AS username,userinfo.sex AS sex,userinfo.face80 AS face FROM ly_tweet tweet LEFT JOIN ly_userinfo userinfo ON tweet.uid=userinfo.uid WHERE tweet.id = '42' LIMIT 1   [ RunTime:0.0000s ]
SQL: SELECT tweet.id AS id,tweet.content AS content,tweet.isturn AS isturn,tweet.time AS time,tweet.turn AS turn,tweet.collect AS collect,tweet.comment AS comment,tweet.pic AS pic,tweet.thumbpic AS thumbpic,tweet.uid AS uid,userinfo.username AS username,userinfo.sex AS sex,userinfo.face80 AS face FROM ly_tweet tweet LEFT JOIN ly_userinfo userinfo ON tweet.uid=userinfo.uid WHERE tweet.id = '0' LIMIT 1   [ RunTime:0.0000s ]
SQL: SELECT tweet.id AS id,tweet.content AS content,tweet.isturn AS isturn,tweet.time AS time,tweet.turn AS turn,tweet.collect AS collect,tweet.comment AS comment,tweet.pic AS pic,tweet.thumbpic AS thumbpic,tweet.uid AS uid,userinfo.username AS username,userinfo.sex AS sex,userinfo.face80 AS face FROM ly_tweet tweet LEFT JOIN ly_userinfo userinfo ON tweet.uid=userinfo.uid WHERE tweet.id = '0' LIMIT 1   [ RunTime:0.0000s ]
SQL: SELECT tweet.id AS id,tweet.content AS content,tweet.isturn AS isturn,tweet.time AS time,tweet.turn AS turn,tweet.collect AS collect,tweet.comment AS comment,tweet.pic AS pic,tweet.thumbpic AS thumbpic,tweet.uid AS uid,userinfo.username AS username,userinfo.sex AS sex,userinfo.face80 AS face FROM ly_tweet tweet LEFT JOIN ly_userinfo userinfo ON tweet.uid=userinfo.uid WHERE tweet.id = '39' LIMIT 1   [ RunTime:0.0010s ]
SQL: SELECT tweet.id AS id,tweet.content AS content,tweet.isturn AS isturn,tweet.time AS time,tweet.turn AS turn,tweet.collect AS collect,tweet.comment AS comment,tweet.pic AS pic,tweet.thumbpic AS thumbpic,tweet.uid AS uid,userinfo.username AS username,userinfo.sex AS sex,userinfo.face80 AS face FROM ly_tweet tweet LEFT JOIN ly_userinfo userinfo ON tweet.uid=userinfo.uid WHERE tweet.id = '0' LIMIT 1   [ RunTime:0.0000s ]
SQL: SELECT tweet.id AS id,tweet.content AS content,tweet.isturn AS isturn,tweet.time AS time,tweet.turn AS turn,tweet.collect AS collect,tweet.comment AS comment,tweet.pic AS pic,tweet.thumbpic AS thumbpic,tweet.uid AS uid,userinfo.username AS username,userinfo.sex AS sex,userinfo.face80 AS face FROM ly_tweet tweet LEFT JOIN ly_userinfo userinfo ON tweet.uid=userinfo.uid WHERE tweet.id = '37' LIMIT 1   [ RunTime:0.0000s ]
SQL: SELECT tweet.id AS id,tweet.content AS content,tweet.isturn AS isturn,tweet.time AS time,tweet.turn AS turn,tweet.collect AS collect,tweet.comment AS comment,tweet.pic AS pic,tweet.thumbpic AS thumbpic,tweet.uid AS uid,userinfo.username AS username,userinfo.sex AS sex,userinfo.face80 AS face FROM ly_tweet tweet LEFT JOIN ly_userinfo userinfo ON tweet.uid=userinfo.uid WHERE tweet.id = '0' LIMIT 1   [ RunTime:0.0000s ]
INFO: [ view_parse ] --START--
INFO: [ template_filter ] --START--
INFO: Run Behavior\ContentReplaceBehavior [ RunTime:0.000000s ]
INFO: [ template_filter ] --END-- [ RunTime:0.000000s ]
NOTIC: [8] Undefined variable: isLogin D:\CLY\phpstudy\WWW\weibo\Runtime\Cache\Home\11cb243a745bf4d9fc992e0e2c0ee5cc.php 第 19 行.
NOTIC: [8] Undefined variable: userinfo D:\CLY\phpstudy\WWW\weibo\Runtime\Cache\Home\11cb243a745bf4d9fc992e0e2c0ee5cc.php 第 20 行.
INFO: Run Behavior\ParseTemplateBehavior [ RunTime:0.010000s ]
INFO: [ view_parse ] --END-- [ RunTime:0.010000s ]
INFO: [ view_filter ] --START--
INFO: Run Behavior\WriteHtmlCacheBehavior [ RunTime:0.000000s ]
INFO: [ view_filter ] --END-- [ RunTime:0.000000s ]
INFO: [ app_end ] --START--
INFO: Run Behavior\ShowPageTraceBehavior [ RunTime:0.000000s ]
INFO: [ app_end ] --END-- [ RunTime:0.000000s ]

[ 2017-01-28T21:21:41+08:00 ] ::1 /weibo/index.php/Home/Index/getComment.html
INFO: [ app_init ] --START--
INFO: Run Behavior\BuildLiteBehavior [ RunTime:0.000000s ]
INFO: [ app_init ] --END-- [ RunTime:0.000000s ]
INFO: [ app_begin ] --START--
INFO: Run Behavior\ReadHtmlCacheBehavior [ RunTime:0.000000s ]
INFO: [ app_begin ] --END-- [ RunTime:0.000000s ]
SQL: SHOW COLUMNS FROM `ly_user` [ RunTime:0.0020s ]
SQL: SELECT `account` FROM `ly_user` WHERE `id` = 1 LIMIT 1   [ RunTime:0.0000s ]
SQL: SHOW COLUMNS FROM `ly_userinfo` [ RunTime:0.0020s ]
SQL: SELECT `username`,`face180`,`face80`,`face50` FROM `ly_userinfo` WHERE `uid` = 1 LIMIT 1   [ RunTime:0.0000s ]
SQL: SHOW COLUMNS FROM `ly_comment` [ RunTime:0.0010s ]
SQL: SELECT comment.content AS content,comment.time AS time,comment.wid AS wid,userinfo.username AS username,userinfo.face80 AS face,userinfo.uid AS uid FROM ly_comment comment LEFT JOIN ly_userinfo userinfo ON comment.uid=userinfo.uid WHERE comment.wid = 37  [ RunTime:0.0010s ]

[ 2017-01-28T21:21:56+08:00 ] ::1 /weibo/
INFO: [ app_init ] --START--
INFO: Run Behavior\BuildLiteBehavior [ RunTime:0.000000s ]
INFO: [ app_init ] --END-- [ RunTime:0.000000s ]
INFO: [ app_begin ] --START--
INFO: Run Behavior\ReadHtmlCacheBehavior [ RunTime:0.001000s ]
INFO: [ app_begin ] --END-- [ RunTime:0.001000s ]
SQL: SHOW COLUMNS FROM `ly_user` [ RunTime:0.0020s ]
SQL: SELECT `account` FROM `ly_user` WHERE `id` = 1 LIMIT 1   [ RunTime:0.0000s ]
SQL: SHOW COLUMNS FROM `ly_userinfo` [ RunTime:0.0020s ]
SQL: SELECT `username`,`face180`,`face80`,`face50` FROM `ly_userinfo` WHERE `uid` = 1 LIMIT 1   [ RunTime:0.0000s ]
SQL: SHOW COLUMNS FROM `ly_follow` [ RunTime:0.0020s ]
SQL: SELECT `follow` FROM `ly_follow` WHERE `fans` = 1  [ RunTime:0.0000s ]
SQL: SHOW COLUMNS FROM `ly_tweet` [ RunTime:0.0010s ]
SQL: SELECT tweet.id AS id,tweet.content AS content,tweet.isturn AS isturn,tweet.time AS time,tweet.turn AS turn,tweet.collect AS collect,tweet.comment AS comment,tweet.pic AS pic,tweet.thumbpic AS thumbpic,tweet.uid AS uid,userinfo.username AS username,userinfo.sex AS sex,userinfo.face80 AS face FROM ly_tweet tweet LEFT JOIN ly_userinfo userinfo ON tweet.uid=userinfo.uid WHERE tweet.uid IN ('1','4','3','2') ORDER BY tweet.time DESC  [ RunTime:0.0000s ]
SQL: SELECT tweet.id AS id,tweet.content AS content,tweet.isturn AS isturn,tweet.time AS time,tweet.turn AS turn,tweet.collect AS collect,tweet.comment AS comment,tweet.pic AS pic,tweet.thumbpic AS thumbpic,tweet.uid AS uid,userinfo.username AS username,userinfo.sex AS sex,userinfo.face80 AS face FROM ly_tweet tweet LEFT JOIN ly_userinfo userinfo ON tweet.uid=userinfo.uid WHERE tweet.id = '42' LIMIT 1   [ RunTime:0.0000s ]
SQL: SELECT tweet.id AS id,tweet.content AS content,tweet.isturn AS isturn,tweet.time AS time,tweet.turn AS turn,tweet.collect AS collect,tweet.comment AS comment,tweet.pic AS pic,tweet.thumbpic AS thumbpic,tweet.uid AS uid,userinfo.username AS username,userinfo.sex AS sex,userinfo.face80 AS face FROM ly_tweet tweet LEFT JOIN ly_userinfo userinfo ON tweet.uid=userinfo.uid WHERE tweet.id = '42' LIMIT 1   [ RunTime:0.0000s ]
SQL: SELECT tweet.id AS id,tweet.content AS content,tweet.isturn AS isturn,tweet.time AS time,tweet.turn AS turn,tweet.collect AS collect,tweet.comment AS comment,tweet.pic AS pic,tweet.thumbpic AS thumbpic,tweet.uid AS uid,userinfo.username AS username,userinfo.sex AS sex,userinfo.face80 AS face FROM ly_tweet tweet LEFT JOIN ly_userinfo userinfo ON tweet.uid=userinfo.uid WHERE tweet.id = '0' LIMIT 1   [ RunTime:0.0000s ]
SQL: SELECT tweet.id AS id,tweet.content AS content,tweet.isturn AS isturn,tweet.time AS time,tweet.turn AS turn,tweet.collect AS collect,tweet.comment AS comment,tweet.pic AS pic,tweet.thumbpic AS thumbpic,tweet.uid AS uid,userinfo.username AS username,userinfo.sex AS sex,userinfo.face80 AS face FROM ly_tweet tweet LEFT JOIN ly_userinfo userinfo ON tweet.uid=userinfo.uid WHERE tweet.id = '0' LIMIT 1   [ RunTime:0.0000s ]
SQL: SELECT tweet.id AS id,tweet.content AS content,tweet.isturn AS isturn,tweet.time AS time,tweet.turn AS turn,tweet.collect AS collect,tweet.comment AS comment,tweet.pic AS pic,tweet.thumbpic AS thumbpic,tweet.uid AS uid,userinfo.username AS username,userinfo.sex AS sex,userinfo.face80 AS face FROM ly_tweet tweet LEFT JOIN ly_userinfo userinfo ON tweet.uid=userinfo.uid WHERE tweet.id = '39' LIMIT 1   [ RunTime:0.0000s ]
SQL: SELECT tweet.id AS id,tweet.content AS content,tweet.isturn AS isturn,tweet.time AS time,tweet.turn AS turn,tweet.collect AS collect,tweet.comment AS comment,tweet.pic AS pic,tweet.thumbpic AS thumbpic,tweet.uid AS uid,userinfo.username AS username,userinfo.sex AS sex,userinfo.face80 AS face FROM ly_tweet tweet LEFT JOIN ly_userinfo userinfo ON tweet.uid=userinfo.uid WHERE tweet.id = '0' LIMIT 1   [ RunTime:0.0000s ]
SQL: SELECT tweet.id AS id,tweet.content AS content,tweet.isturn AS isturn,tweet.time AS time,tweet.turn AS turn,tweet.collect AS collect,tweet.comment AS comment,tweet.pic AS pic,tweet.thumbpic AS thumbpic,tweet.uid AS uid,userinfo.username AS username,userinfo.sex AS sex,userinfo.face80 AS face FROM ly_tweet tweet LEFT JOIN ly_userinfo userinfo ON tweet.uid=userinfo.uid WHERE tweet.id = '37' LIMIT 1   [ RunTime:0.0010s ]
SQL: SELECT tweet.id AS id,tweet.content AS content,tweet.isturn AS isturn,tweet.time AS time,tweet.turn AS turn,tweet.collect AS collect,tweet.comment AS comment,tweet.pic AS pic,tweet.thumbpic AS thumbpic,tweet.uid AS uid,userinfo.username AS username,userinfo.sex AS sex,userinfo.face80 AS face FROM ly_tweet tweet LEFT JOIN ly_userinfo userinfo ON tweet.uid=userinfo.uid WHERE tweet.id = '0' LIMIT 1   [ RunTime:0.0000s ]
INFO: [ view_parse ] --START--
INFO: [ template_filter ] --START--
INFO: Run Behavior\ContentReplaceBehavior [ RunTime:0.000000s ]
INFO: [ template_filter ] --END-- [ RunTime:0.000000s ]
NOTIC: [8] Undefined variable: isLogin D:\CLY\phpstudy\WWW\weibo\Runtime\Cache\Home\11cb243a745bf4d9fc992e0e2c0ee5cc.php 第 19 行.
NOTIC: [8] Undefined variable: userinfo D:\CLY\phpstudy\WWW\weibo\Runtime\Cache\Home\11cb243a745bf4d9fc992e0e2c0ee5cc.php 第 20 行.
INFO: Run Behavior\ParseTemplateBehavior [ RunTime:0.011000s ]
INFO: [ view_parse ] --END-- [ RunTime:0.011000s ]
INFO: [ view_filter ] --START--
INFO: Run Behavior\WriteHtmlCacheBehavior [ RunTime:0.000000s ]
INFO: [ view_filter ] --END-- [ RunTime:0.000000s ]
INFO: [ app_end ] --START--
INFO: Run Behavior\ShowPageTraceBehavior [ RunTime:0.000000s ]
INFO: [ app_end ] --END-- [ RunTime:0.000000s ]

[ 2017-01-28T21:21:59+08:00 ] ::1 /weibo/index.php/Home/Index/getComment.html
INFO: [ app_init ] --START--
INFO: Run Behavior\BuildLiteBehavior [ RunTime:0.000000s ]
INFO: [ app_init ] --END-- [ RunTime:0.000000s ]
INFO: [ app_begin ] --START--
INFO: Run Behavior\ReadHtmlCacheBehavior [ RunTime:0.001000s ]
INFO: [ app_begin ] --END-- [ RunTime:0.001000s ]
SQL: SHOW COLUMNS FROM `ly_user` [ RunTime:0.0020s ]
SQL: SELECT `account` FROM `ly_user` WHERE `id` = 1 LIMIT 1   [ RunTime:0.0000s ]
SQL: SHOW COLUMNS FROM `ly_userinfo` [ RunTime:0.0010s ]
SQL: SELECT `username`,`face180`,`face80`,`face50` FROM `ly_userinfo` WHERE `uid` = 1 LIMIT 1   [ RunTime:0.0000s ]
SQL: SHOW COLUMNS FROM `ly_comment` [ RunTime:0.0010s ]
SQL: SELECT comment.content AS content,comment.time AS time,comment.wid AS wid,userinfo.username AS username,userinfo.face80 AS face,userinfo.uid AS uid FROM ly_comment comment LEFT JOIN ly_userinfo userinfo ON comment.uid=userinfo.uid WHERE comment.wid = 37  [ RunTime:0.0010s ]

[ 2017-01-28T21:23:28+08:00 ] ::1 /weibo/
INFO: [ app_init ] --START--
INFO: Run Behavior\BuildLiteBehavior [ RunTime:0.000000s ]
INFO: [ app_init ] --END-- [ RunTime:0.000000s ]
INFO: [ app_begin ] --START--
INFO: Run Behavior\ReadHtmlCacheBehavior [ RunTime:0.000000s ]
INFO: [ app_begin ] --END-- [ RunTime:0.000000s ]
SQL: SHOW COLUMNS FROM `ly_user` [ RunTime:0.0020s ]
SQL: SELECT `account` FROM `ly_user` WHERE `id` = 1 LIMIT 1   [ RunTime:0.0000s ]
SQL: SHOW COLUMNS FROM `ly_userinfo` [ RunTime:0.0010s ]
SQL: SELECT `username`,`face180`,`face80`,`face50` FROM `ly_userinfo` WHERE `uid` = 1 LIMIT 1   [ RunTime:0.0010s ]
SQL: SHOW COLUMNS FROM `ly_follow` [ RunTime:0.0010s ]
SQL: SELECT `follow` FROM `ly_follow` WHERE `fans` = 1  [ RunTime:0.0000s ]
SQL: SHOW COLUMNS FROM `ly_tweet` [ RunTime:0.0010s ]
SQL: SELECT tweet.id AS id,tweet.content AS content,tweet.isturn AS isturn,tweet.time AS time,tweet.turn AS turn,tweet.collect AS collect,tweet.comment AS comment,tweet.pic AS pic,tweet.thumbpic AS thumbpic,tweet.uid AS uid,userinfo.username AS username,userinfo.sex AS sex,userinfo.face80 AS face FROM ly_tweet tweet LEFT JOIN ly_userinfo userinfo ON tweet.uid=userinfo.uid WHERE tweet.uid IN ('1','4','3','2') ORDER BY tweet.time DESC  [ RunTime:0.0000s ]
SQL: SELECT tweet.id AS id,tweet.content AS content,tweet.isturn AS isturn,tweet.time AS time,tweet.turn AS turn,tweet.collect AS collect,tweet.comment AS comment,tweet.pic AS pic,tweet.thumbpic AS thumbpic,tweet.uid AS uid,userinfo.username AS username,userinfo.sex AS sex,userinfo.face80 AS face FROM ly_tweet tweet LEFT JOIN ly_userinfo userinfo ON tweet.uid=userinfo.uid WHERE tweet.id = '42' LIMIT 1   [ RunTime:0.0000s ]
SQL: SELECT tweet.id AS id,tweet.content AS content,tweet.isturn AS isturn,tweet.time AS time,tweet.turn AS turn,tweet.collect AS collect,tweet.comment AS comment,tweet.pic AS pic,tweet.thumbpic AS thumbpic,tweet.uid AS uid,userinfo.username AS username,userinfo.sex AS sex,userinfo.face80 AS face FROM ly_tweet tweet LEFT JOIN ly_userinfo userinfo ON tweet.uid=userinfo.uid WHERE tweet.id = '42' LIMIT 1   [ RunTime:0.0010s ]
SQL: SELECT tweet.id AS id,tweet.content AS content,tweet.isturn AS isturn,tweet.time AS time,tweet.turn AS turn,tweet.collect AS collect,tweet.comment AS comment,tweet.pic AS pic,tweet.thumbpic AS thumbpic,tweet.uid AS uid,userinfo.username AS username,userinfo.sex AS sex,userinfo.face80 AS face FROM ly_tweet tweet LEFT JOIN ly_userinfo userinfo ON tweet.uid=userinfo.uid WHERE tweet.id = '0' LIMIT 1   [ RunTime:0.0000s ]
SQL: SELECT tweet.id AS id,tweet.content AS content,tweet.isturn AS isturn,tweet.time AS time,tweet.turn AS turn,tweet.collect AS collect,tweet.comment AS comment,tweet.pic AS pic,tweet.thumbpic AS thumbpic,tweet.uid AS uid,userinfo.username AS username,userinfo.sex AS sex,userinfo.face80 AS face FROM ly_tweet tweet LEFT JOIN ly_userinfo userinfo ON tweet.uid=userinfo.uid WHERE tweet.id = '0' LIMIT 1   [ RunTime:0.0000s ]
SQL: SELECT tweet.id AS id,tweet.content AS content,tweet.isturn AS isturn,tweet.time AS time,tweet.turn AS turn,tweet.collect AS collect,tweet.comment AS comment,tweet.pic AS pic,tweet.thumbpic AS thumbpic,tweet.uid AS uid,userinfo.username AS username,userinfo.sex AS sex,userinfo.face80 AS face FROM ly_tweet tweet LEFT JOIN ly_userinfo userinfo ON tweet.uid=userinfo.uid WHERE tweet.id = '39' LIMIT 1   [ RunTime:0.0000s ]
SQL: SELECT tweet.id AS id,tweet.content AS content,tweet.isturn AS isturn,tweet.time AS time,tweet.turn AS turn,tweet.collect AS collect,tweet.comment AS comment,tweet.pic AS pic,tweet.thumbpic AS thumbpic,tweet.uid AS uid,userinfo.username AS username,userinfo.sex AS sex,userinfo.face80 AS face FROM ly_tweet tweet LEFT JOIN ly_userinfo userinfo ON tweet.uid=userinfo.uid WHERE tweet.id = '0' LIMIT 1   [ RunTime:0.0000s ]
SQL: SELECT tweet.id AS id,tweet.content AS content,tweet.isturn AS isturn,tweet.time AS time,tweet.turn AS turn,tweet.collect AS collect,tweet.comment AS comment,tweet.pic AS pic,tweet.thumbpic AS thumbpic,tweet.uid AS uid,userinfo.username AS username,userinfo.sex AS sex,userinfo.face80 AS face FROM ly_tweet tweet LEFT JOIN ly_userinfo userinfo ON tweet.uid=userinfo.uid WHERE tweet.id = '37' LIMIT 1   [ RunTime:0.0000s ]
SQL: SELECT tweet.id AS id,tweet.content AS content,tweet.isturn AS isturn,tweet.time AS time,tweet.turn AS turn,tweet.collect AS collect,tweet.comment AS comment,tweet.pic AS pic,tweet.thumbpic AS thumbpic,tweet.uid AS uid,userinfo.username AS username,userinfo.sex AS sex,userinfo.face80 AS face FROM ly_tweet tweet LEFT JOIN ly_userinfo userinfo ON tweet.uid=userinfo.uid WHERE tweet.id = '0' LIMIT 1   [ RunTime:0.0000s ]
INFO: [ view_parse ] --START--
INFO: [ template_filter ] --START--
INFO: Run Behavior\ContentReplaceBehavior [ RunTime:0.001000s ]
INFO: [ template_filter ] --END-- [ RunTime:0.001000s ]
NOTIC: [8] Undefined variable: isLogin D:\CLY\phpstudy\WWW\weibo\Runtime\Cache\Home\11cb243a745bf4d9fc992e0e2c0ee5cc.php 第 19 行.
NOTIC: [8] Undefined variable: userinfo D:\CLY\phpstudy\WWW\weibo\Runtime\Cache\Home\11cb243a745bf4d9fc992e0e2c0ee5cc.php 第 20 行.
INFO: Run Behavior\ParseTemplateBehavior [ RunTime:0.012000s ]
INFO: [ view_parse ] --END-- [ RunTime:0.012000s ]
INFO: [ view_filter ] --START--
INFO: Run Behavior\WriteHtmlCacheBehavior [ RunTime:0.000000s ]
INFO: [ view_filter ] --END-- [ RunTime:0.000000s ]
INFO: [ app_end ] --START--
INFO: Run Behavior\ShowPageTraceBehavior [ RunTime:0.001000s ]
INFO: [ app_end ] --END-- [ RunTime:0.001000s ]

[ 2017-01-28T21:23:30+08:00 ] ::1 /weibo/index.php/Home/Index/getComment.html
INFO: [ app_init ] --START--
INFO: Run Behavior\BuildLiteBehavior [ RunTime:0.000000s ]
INFO: [ app_init ] --END-- [ RunTime:0.000000s ]
INFO: [ app_begin ] --START--
INFO: Run Behavior\ReadHtmlCacheBehavior [ RunTime:0.001000s ]
INFO: [ app_begin ] --END-- [ RunTime:0.001000s ]
SQL: SHOW COLUMNS FROM `ly_user` [ RunTime:0.0020s ]
SQL: SELECT `account` FROM `ly_user` WHERE `id` = 1 LIMIT 1   [ RunTime:0.0000s ]
SQL: SHOW COLUMNS FROM `ly_userinfo` [ RunTime:0.0020s ]
SQL: SELECT `username`,`face180`,`face80`,`face50` FROM `ly_userinfo` WHERE `uid` = 1 LIMIT 1   [ RunTime:0.0000s ]
SQL: SHOW COLUMNS FROM `ly_comment` [ RunTime:0.0020s ]
SQL: SELECT comment.content AS content,comment.time AS time,comment.wid AS wid,userinfo.username AS username,userinfo.face80 AS face,userinfo.uid AS uid FROM ly_comment comment LEFT JOIN ly_userinfo userinfo ON comment.uid=userinfo.uid WHERE comment.wid = 37  [ RunTime:0.0000s ]

[ 2017-01-28T21:23:36+08:00 ] ::1 /weibo/index.php/Home/Index/getComment.html
INFO: [ app_init ] --START--
INFO: Run Behavior\BuildLiteBehavior [ RunTime:0.000000s ]
INFO: [ app_init ] --END-- [ RunTime:0.000000s ]
INFO: [ app_begin ] --START--
INFO: Run Behavior\ReadHtmlCacheBehavior [ RunTime:0.000000s ]
INFO: [ app_begin ] --END-- [ RunTime:0.000000s ]
SQL: SHOW COLUMNS FROM `ly_user` [ RunTime:0.0020s ]
SQL: SELECT `account` FROM `ly_user` WHERE `id` = 1 LIMIT 1   [ RunTime:0.0000s ]
SQL: SHOW COLUMNS FROM `ly_userinfo` [ RunTime:0.0020s ]
SQL: SELECT `username`,`face180`,`face80`,`face50` FROM `ly_userinfo` WHERE `uid` = 1 LIMIT 1   [ RunTime:0.0000s ]
SQL: SHOW COLUMNS FROM `ly_comment` [ RunTime:0.0010s ]
SQL: SELECT comment.content AS content,comment.time AS time,comment.wid AS wid,userinfo.username AS username,userinfo.face80 AS face,userinfo.uid AS uid FROM ly_comment comment LEFT JOIN ly_userinfo userinfo ON comment.uid=userinfo.uid WHERE comment.wid = 37  [ RunTime:0.0000s ]

[ 2017-01-28T21:24:13+08:00 ] ::1 /weibo/
INFO: [ app_init ] --START--
INFO: Run Behavior\BuildLiteBehavior [ RunTime:0.001000s ]
INFO: [ app_init ] --END-- [ RunTime:0.001000s ]
INFO: [ app_begin ] --START--
INFO: Run Behavior\ReadHtmlCacheBehavior [ RunTime:0.000000s ]
INFO: [ app_begin ] --END-- [ RunTime:0.000000s ]
SQL: SHOW COLUMNS FROM `ly_user` [ RunTime:0.0020s ]
SQL: SELECT `account` FROM `ly_user` WHERE `id` = 1 LIMIT 1   [ RunTime:0.0000s ]
SQL: SHOW COLUMNS FROM `ly_userinfo` [ RunTime:0.0020s ]
SQL: SELECT `username`,`face180`,`face80`,`face50` FROM `ly_userinfo` WHERE `uid` = 1 LIMIT 1   [ RunTime:0.0000s ]
SQL: SHOW COLUMNS FROM `ly_follow` [ RunTime:0.0010s ]
SQL: SELECT `follow` FROM `ly_follow` WHERE `fans` = 1  [ RunTime:0.0000s ]
SQL: SHOW COLUMNS FROM `ly_tweet` [ RunTime:0.0020s ]
SQL: SELECT tweet.id AS id,tweet.content AS content,tweet.isturn AS isturn,tweet.time AS time,tweet.turn AS turn,tweet.collect AS collect,tweet.comment AS comment,tweet.pic AS pic,tweet.thumbpic AS thumbpic,tweet.uid AS uid,userinfo.username AS username,userinfo.sex AS sex,userinfo.face80 AS face FROM ly_tweet tweet LEFT JOIN ly_userinfo userinfo ON tweet.uid=userinfo.uid WHERE tweet.uid IN ('1','4','3','2') ORDER BY tweet.time DESC  [ RunTime:0.0000s ]
SQL: SELECT tweet.id AS id,tweet.content AS content,tweet.isturn AS isturn,tweet.time AS time,tweet.turn AS turn,tweet.collect AS collect,tweet.comment AS comment,tweet.pic AS pic,tweet.thumbpic AS thumbpic,tweet.uid AS uid,userinfo.username AS username,userinfo.sex AS sex,userinfo.face80 AS face FROM ly_tweet tweet LEFT JOIN ly_userinfo userinfo ON tweet.uid=userinfo.uid WHERE tweet.id = '42' LIMIT 1   [ RunTime:0.0010s ]
SQL: SELECT tweet.id AS id,tweet.content AS content,tweet.isturn AS isturn,tweet.time AS time,tweet.turn AS turn,tweet.collect AS collect,tweet.comment AS comment,tweet.pic AS pic,tweet.thumbpic AS thumbpic,tweet.uid AS uid,userinfo.username AS username,userinfo.sex AS sex,userinfo.face80 AS face FROM ly_tweet tweet LEFT JOIN ly_userinfo userinfo ON tweet.uid=userinfo.uid WHERE tweet.id = '42' LIMIT 1   [ RunTime:0.0000s ]
SQL: SELECT tweet.id AS id,tweet.content AS content,tweet.isturn AS isturn,tweet.time AS time,tweet.turn AS turn,tweet.collect AS collect,tweet.comment AS comment,tweet.pic AS pic,tweet.thumbpic AS thumbpic,tweet.uid AS uid,userinfo.username AS username,userinfo.sex AS sex,userinfo.face80 AS face FROM ly_tweet tweet LEFT JOIN ly_userinfo userinfo ON tweet.uid=userinfo.uid WHERE tweet.id = '0' LIMIT 1   [ RunTime:0.0000s ]
SQL: SELECT tweet.id AS id,tweet.content AS content,tweet.isturn AS isturn,tweet.time AS time,tweet.turn AS turn,tweet.collect AS collect,tweet.comment AS comment,tweet.pic AS pic,tweet.thumbpic AS thumbpic,tweet.uid AS uid,userinfo.username AS username,userinfo.sex AS sex,userinfo.face80 AS face FROM ly_tweet tweet LEFT JOIN ly_userinfo userinfo ON tweet.uid=userinfo.uid WHERE tweet.id = '0' LIMIT 1   [ RunTime:0.0000s ]
SQL: SELECT tweet.id AS id,tweet.content AS content,tweet.isturn AS isturn,tweet.time AS time,tweet.turn AS turn,tweet.collect AS collect,tweet.comment AS comment,tweet.pic AS pic,tweet.thumbpic AS thumbpic,tweet.uid AS uid,userinfo.username AS username,userinfo.sex AS sex,userinfo.face80 AS face FROM ly_tweet tweet LEFT JOIN ly_userinfo userinfo ON tweet.uid=userinfo.uid WHERE tweet.id = '39' LIMIT 1   [ RunTime:0.0000s ]
SQL: SELECT tweet.id AS id,tweet.content AS content,tweet.isturn AS isturn,tweet.time AS time,tweet.turn AS turn,tweet.collect AS collect,tweet.comment AS comment,tweet.pic AS pic,tweet.thumbpic AS thumbpic,tweet.uid AS uid,userinfo.username AS username,userinfo.sex AS sex,userinfo.face80 AS face FROM ly_tweet tweet LEFT JOIN ly_userinfo userinfo ON tweet.uid=userinfo.uid WHERE tweet.id = '0' LIMIT 1   [ RunTime:0.0000s ]
SQL: SELECT tweet.id AS id,tweet.content AS content,tweet.isturn AS isturn,tweet.time AS time,tweet.turn AS turn,tweet.collect AS collect,tweet.comment AS comment,tweet.pic AS pic,tweet.thumbpic AS thumbpic,tweet.uid AS uid,userinfo.username AS username,userinfo.sex AS sex,userinfo.face80 AS face FROM ly_tweet tweet LEFT JOIN ly_userinfo userinfo ON tweet.uid=userinfo.uid WHERE tweet.id = '37' LIMIT 1   [ RunTime:0.0000s ]
SQL: SELECT tweet.id AS id,tweet.content AS content,tweet.isturn AS isturn,tweet.time AS time,tweet.turn AS turn,tweet.collect AS collect,tweet.comment AS comment,tweet.pic AS pic,tweet.thumbpic AS thumbpic,tweet.uid AS uid,userinfo.username AS username,userinfo.sex AS sex,userinfo.face80 AS face FROM ly_tweet tweet LEFT JOIN ly_userinfo userinfo ON tweet.uid=userinfo.uid WHERE tweet.id = '0' LIMIT 1   [ RunTime:0.0000s ]
INFO: [ view_parse ] --START--
INFO: [ template_filter ] --START--
INFO: Run Behavior\ContentReplaceBehavior [ RunTime:0.000000s ]
INFO: [ template_filter ] --END-- [ RunTime:0.000000s ]
NOTIC: [8] Undefined variable: isLogin D:\CLY\phpstudy\WWW\weibo\Runtime\Cache\Home\11cb243a745bf4d9fc992e0e2c0ee5cc.php 第 19 行.
NOTIC: [8] Undefined variable: userinfo D:\CLY\phpstudy\WWW\weibo\Runtime\Cache\Home\11cb243a745bf4d9fc992e0e2c0ee5cc.php 第 20 行.
INFO: Run Behavior\ParseTemplateBehavior [ RunTime:0.010000s ]
INFO: [ view_parse ] --END-- [ RunTime:0.010000s ]
INFO: [ view_filter ] --START--
INFO: Run Behavior\WriteHtmlCacheBehavior [ RunTime:0.000000s ]
INFO: [ view_filter ] --END-- [ RunTime:0.000000s ]
INFO: [ app_end ] --START--
INFO: Run Behavior\ShowPageTraceBehavior [ RunTime:0.000000s ]
INFO: [ app_end ] --END-- [ RunTime:0.000000s ]

[ 2017-01-28T21:24:16+08:00 ] ::1 /weibo/index.php/Home/Index/getComment.html
INFO: [ app_init ] --START--
INFO: Run Behavior\BuildLiteBehavior [ RunTime:0.000000s ]
INFO: [ app_init ] --END-- [ RunTime:0.001000s ]
INFO: [ app_begin ] --START--
INFO: Run Behavior\ReadHtmlCacheBehavior [ RunTime:0.000000s ]
INFO: [ app_begin ] --END-- [ RunTime:0.000000s ]
SQL: SHOW COLUMNS FROM `ly_user` [ RunTime:0.0010s ]
SQL: SELECT `account` FROM `ly_user` WHERE `id` = 1 LIMIT 1   [ RunTime:0.0000s ]
SQL: SHOW COLUMNS FROM `ly_userinfo` [ RunTime:0.0010s ]
SQL: SELECT `username`,`face180`,`face80`,`face50` FROM `ly_userinfo` WHERE `uid` = 1 LIMIT 1   [ RunTime:0.0000s ]
SQL: SHOW COLUMNS FROM `ly_comment` [ RunTime:0.0010s ]
SQL: SELECT comment.content AS content,comment.time AS time,comment.wid AS wid,userinfo.username AS username,userinfo.face80 AS face,userinfo.uid AS uid FROM ly_comment comment LEFT JOIN ly_userinfo userinfo ON comment.uid=userinfo.uid WHERE comment.wid = 37  [ RunTime:0.0000s ]

[ 2017-01-28T21:24:21+08:00 ] ::1 /weibo/index.php/Home/Index/getComment.html
INFO: [ app_init ] --START--
INFO: Run Behavior\BuildLiteBehavior [ RunTime:0.000000s ]
INFO: [ app_init ] --END-- [ RunTime:0.000000s ]
INFO: [ app_begin ] --START--
INFO: Run Behavior\ReadHtmlCacheBehavior [ RunTime:0.001000s ]
INFO: [ app_begin ] --END-- [ RunTime:0.001000s ]
SQL: SHOW COLUMNS FROM `ly_user` [ RunTime:0.0020s ]
SQL: SELECT `account` FROM `ly_user` WHERE `id` = 1 LIMIT 1   [ RunTime:0.0000s ]
SQL: SHOW COLUMNS FROM `ly_userinfo` [ RunTime:0.0020s ]
SQL: SELECT `username`,`face180`,`face80`,`face50` FROM `ly_userinfo` WHERE `uid` = 1 LIMIT 1   [ RunTime:0.0000s ]
SQL: SHOW COLUMNS FROM `ly_comment` [ RunTime:0.0010s ]
SQL: SELECT comment.content AS content,comment.time AS time,comment.wid AS wid,userinfo.username AS username,userinfo.face80 AS face,userinfo.uid AS uid FROM ly_comment comment LEFT JOIN ly_userinfo userinfo ON comment.uid=userinfo.uid WHERE comment.wid = 37  [ RunTime:0.0010s ]

[ 2017-01-28T21:25:12+08:00 ] ::1 /weibo/
INFO: [ app_init ] --START--
INFO: Run Behavior\BuildLiteBehavior [ RunTime:0.000000s ]
INFO: [ app_init ] --END-- [ RunTime:0.000000s ]
INFO: [ app_begin ] --START--
INFO: Run Behavior\ReadHtmlCacheBehavior [ RunTime:0.001000s ]
INFO: [ app_begin ] --END-- [ RunTime:0.001000s ]
SQL: SHOW COLUMNS FROM `ly_user` [ RunTime:0.0020s ]
SQL: SELECT `account` FROM `ly_user` WHERE `id` = 1 LIMIT 1   [ RunTime:0.0000s ]
SQL: SHOW COLUMNS FROM `ly_userinfo` [ RunTime:0.0020s ]
SQL: SELECT `username`,`face180`,`face80`,`face50` FROM `ly_userinfo` WHERE `uid` = 1 LIMIT 1   [ RunTime:0.0000s ]
SQL: SHOW COLUMNS FROM `ly_follow` [ RunTime:0.0010s ]
SQL: SELECT `follow` FROM `ly_follow` WHERE `fans` = 1  [ RunTime:0.0000s ]
SQL: SHOW COLUMNS FROM `ly_tweet` [ RunTime:0.0020s ]
SQL: SELECT tweet.id AS id,tweet.content AS content,tweet.isturn AS isturn,tweet.time AS time,tweet.turn AS turn,tweet.collect AS collect,tweet.comment AS comment,tweet.pic AS pic,tweet.thumbpic AS thumbpic,tweet.uid AS uid,userinfo.username AS username,userinfo.sex AS sex,userinfo.face80 AS face FROM ly_tweet tweet LEFT JOIN ly_userinfo userinfo ON tweet.uid=userinfo.uid WHERE tweet.uid IN ('1','4','3','2') ORDER BY tweet.time DESC  [ RunTime:0.0000s ]
SQL: SELECT tweet.id AS id,tweet.content AS content,tweet.isturn AS isturn,tweet.time AS time,tweet.turn AS turn,tweet.collect AS collect,tweet.comment AS comment,tweet.pic AS pic,tweet.thumbpic AS thumbpic,tweet.uid AS uid,userinfo.username AS username,userinfo.sex AS sex,userinfo.face80 AS face FROM ly_tweet tweet LEFT JOIN ly_userinfo userinfo ON tweet.uid=userinfo.uid WHERE tweet.id = '42' LIMIT 1   [ RunTime:0.0000s ]
SQL: SELECT tweet.id AS id,tweet.content AS content,tweet.isturn AS isturn,tweet.time AS time,tweet.turn AS turn,tweet.collect AS collect,tweet.comment AS comment,tweet.pic AS pic,tweet.thumbpic AS thumbpic,tweet.uid AS uid,userinfo.username AS username,userinfo.sex AS sex,userinfo.face80 AS face FROM ly_tweet tweet LEFT JOIN ly_userinfo userinfo ON tweet.uid=userinfo.uid WHERE tweet.id = '42' LIMIT 1   [ RunTime:0.0000s ]
SQL: SELECT tweet.id AS id,tweet.content AS content,tweet.isturn AS isturn,tweet.time AS time,tweet.turn AS turn,tweet.collect AS collect,tweet.comment AS comment,tweet.pic AS pic,tweet.thumbpic AS thumbpic,tweet.uid AS uid,userinfo.username AS username,userinfo.sex AS sex,userinfo.face80 AS face FROM ly_tweet tweet LEFT JOIN ly_userinfo userinfo ON tweet.uid=userinfo.uid WHERE tweet.id = '0' LIMIT 1   [ RunTime:0.0010s ]
SQL: SELECT tweet.id AS id,tweet.content AS content,tweet.isturn AS isturn,tweet.time AS time,tweet.turn AS turn,tweet.collect AS collect,tweet.comment AS comment,tweet.pic AS pic,tweet.thumbpic AS thumbpic,tweet.uid AS uid,userinfo.username AS username,userinfo.sex AS sex,userinfo.face80 AS face FROM ly_tweet tweet LEFT JOIN ly_userinfo userinfo ON tweet.uid=userinfo.uid WHERE tweet.id = '0' LIMIT 1   [ RunTime:0.0000s ]
SQL: SELECT tweet.id AS id,tweet.content AS content,tweet.isturn AS isturn,tweet.time AS time,tweet.turn AS turn,tweet.collect AS collect,tweet.comment AS comment,tweet.pic AS pic,tweet.thumbpic AS thumbpic,tweet.uid AS uid,userinfo.username AS username,userinfo.sex AS sex,userinfo.face80 AS face FROM ly_tweet tweet LEFT JOIN ly_userinfo userinfo ON tweet.uid=userinfo.uid WHERE tweet.id = '39' LIMIT 1   [ RunTime:0.0000s ]
SQL: SELECT tweet.id AS id,tweet.content AS content,tweet.isturn AS isturn,tweet.time AS time,tweet.turn AS turn,tweet.collect AS collect,tweet.comment AS comment,tweet.pic AS pic,tweet.thumbpic AS thumbpic,tweet.uid AS uid,userinfo.username AS username,userinfo.sex AS sex,userinfo.face80 AS face FROM ly_tweet tweet LEFT JOIN ly_userinfo userinfo ON tweet.uid=userinfo.uid WHERE tweet.id = '0' LIMIT 1   [ RunTime:0.0010s ]
SQL: SELECT tweet.id AS id,tweet.content AS content,tweet.isturn AS isturn,tweet.time AS time,tweet.turn AS turn,tweet.collect AS collect,tweet.comment AS comment,tweet.pic AS pic,tweet.thumbpic AS thumbpic,tweet.uid AS uid,userinfo.username AS username,userinfo.sex AS sex,userinfo.face80 AS face FROM ly_tweet tweet LEFT JOIN ly_userinfo userinfo ON tweet.uid=userinfo.uid WHERE tweet.id = '37' LIMIT 1   [ RunTime:0.0000s ]
SQL: SELECT tweet.id AS id,tweet.content AS content,tweet.isturn AS isturn,tweet.time AS time,tweet.turn AS turn,tweet.collect AS collect,tweet.comment AS comment,tweet.pic AS pic,tweet.thumbpic AS thumbpic,tweet.uid AS uid,userinfo.username AS username,userinfo.sex AS sex,userinfo.face80 AS face FROM ly_tweet tweet LEFT JOIN ly_userinfo userinfo ON tweet.uid=userinfo.uid WHERE tweet.id = '0' LIMIT 1   [ RunTime:0.0000s ]
INFO: [ view_parse ] --START--
INFO: [ template_filter ] --START--
INFO: Run Behavior\ContentReplaceBehavior [ RunTime:0.000000s ]
INFO: [ template_filter ] --END-- [ RunTime:0.000000s ]
NOTIC: [8] Undefined variable: isLogin D:\CLY\phpstudy\WWW\weibo\Runtime\Cache\Home\11cb243a745bf4d9fc992e0e2c0ee5cc.php 第 19 行.
NOTIC: [8] Undefined variable: userinfo D:\CLY\phpstudy\WWW\weibo\Runtime\Cache\Home\11cb243a745bf4d9fc992e0e2c0ee5cc.php 第 20 行.
INFO: Run Behavior\ParseTemplateBehavior [ RunTime:0.010000s ]
INFO: [ view_parse ] --END-- [ RunTime:0.010000s ]
INFO: [ view_filter ] --START--
INFO: Run Behavior\WriteHtmlCacheBehavior [ RunTime:0.000000s ]
INFO: [ view_filter ] --END-- [ RunTime:0.000000s ]
INFO: [ app_end ] --START--
INFO: Run Behavior\ShowPageTraceBehavior [ RunTime:0.001000s ]
INFO: [ app_end ] --END-- [ RunTime:0.001000s ]

[ 2017-01-28T21:25:14+08:00 ] ::1 /weibo/index.php/Home/Index/getComment.html
INFO: [ app_init ] --START--
INFO: Run Behavior\BuildLiteBehavior [ RunTime:0.000000s ]
INFO: [ app_init ] --END-- [ RunTime:0.000000s ]
INFO: [ app_begin ] --START--
INFO: Run Behavior\ReadHtmlCacheBehavior [ RunTime:0.000000s ]
INFO: [ app_begin ] --END-- [ RunTime:0.000000s ]
SQL: SHOW COLUMNS FROM `ly_user` [ RunTime:0.0020s ]
SQL: SELECT `account` FROM `ly_user` WHERE `id` = 1 LIMIT 1   [ RunTime:0.0000s ]
SQL: SHOW COLUMNS FROM `ly_userinfo` [ RunTime:0.0020s ]
SQL: SELECT `username`,`face180`,`face80`,`face50` FROM `ly_userinfo` WHERE `uid` = 1 LIMIT 1   [ RunTime:0.0000s ]
SQL: SHOW COLUMNS FROM `ly_comment` [ RunTime:0.0010s ]
SQL: SELECT comment.content AS content,comment.time AS time,comment.wid AS wid,userinfo.username AS username,userinfo.face80 AS face,userinfo.uid AS uid FROM ly_comment comment LEFT JOIN ly_userinfo userinfo ON comment.uid=userinfo.uid WHERE comment.wid = 37  [ RunTime:0.0000s ]

[ 2017-01-28T21:25:18+08:00 ] ::1 /weibo/index.php/Home/Index/getComment.html
INFO: [ app_init ] --START--
INFO: Run Behavior\BuildLiteBehavior [ RunTime:0.000000s ]
INFO: [ app_init ] --END-- [ RunTime:0.001000s ]
INFO: [ app_begin ] --START--
INFO: Run Behavior\ReadHtmlCacheBehavior [ RunTime:0.000000s ]
INFO: [ app_begin ] --END-- [ RunTime:0.000000s ]
SQL: SHOW COLUMNS FROM `ly_user` [ RunTime:0.0020s ]
SQL: SELECT `account` FROM `ly_user` WHERE `id` = 1 LIMIT 1   [ RunTime:0.0000s ]
SQL: SHOW COLUMNS FROM `ly_userinfo` [ RunTime:0.0010s ]
SQL: SELECT `username`,`face180`,`face80`,`face50` FROM `ly_userinfo` WHERE `uid` = 1 LIMIT 1   [ RunTime:0.0000s ]
SQL: SHOW COLUMNS FROM `ly_comment` [ RunTime:0.0010s ]
SQL: SELECT comment.content AS content,comment.time AS time,comment.wid AS wid,userinfo.username AS username,userinfo.face80 AS face,userinfo.uid AS uid FROM ly_comment comment LEFT JOIN ly_userinfo userinfo ON comment.uid=userinfo.uid WHERE comment.wid = 37  [ RunTime:0.0000s ]

[ 2017-01-28T21:29:00+08:00 ] ::1 /weibo/index.php/Home/Index/getComment.html
INFO: [ app_init ] --START--
INFO: Run Behavior\BuildLiteBehavior [ RunTime:0.000000s ]
INFO: [ app_init ] --END-- [ RunTime:0.001000s ]
INFO: [ app_begin ] --START--
INFO: Run Behavior\ReadHtmlCacheBehavior [ RunTime:0.000000s ]
INFO: [ app_begin ] --END-- [ RunTime:0.001000s ]
SQL: SHOW COLUMNS FROM `ly_user` [ RunTime:0.0010s ]
SQL: SELECT `account` FROM `ly_user` WHERE `id` = 1 LIMIT 1   [ RunTime:0.0000s ]
SQL: SHOW COLUMNS FROM `ly_userinfo` [ RunTime:0.0020s ]
SQL: SELECT `username`,`face180`,`face80`,`face50` FROM `ly_userinfo` WHERE `uid` = 1 LIMIT 1   [ RunTime:0.0000s ]
SQL: SHOW COLUMNS FROM `ly_comment` [ RunTime:0.0010s ]
SQL: SELECT comment.content AS content,comment.time AS time,comment.wid AS wid,userinfo.username AS username,userinfo.face80 AS face,userinfo.uid AS uid FROM ly_comment comment LEFT JOIN ly_userinfo userinfo ON comment.uid=userinfo.uid WHERE comment.wid = 37  [ RunTime:0.0010s ]

[ 2017-01-28T21:29:02+08:00 ] ::1 /weibo/index.php/Home/Index/getComment.html
INFO: [ app_init ] --START--
INFO: Run Behavior\BuildLiteBehavior [ RunTime:0.000000s ]
INFO: [ app_init ] --END-- [ RunTime:0.000000s ]
INFO: [ app_begin ] --START--
INFO: Run Behavior\ReadHtmlCacheBehavior [ RunTime:0.000000s ]
INFO: [ app_begin ] --END-- [ RunTime:0.000000s ]
SQL: SHOW COLUMNS FROM `ly_user` [ RunTime:0.0020s ]
SQL: SELECT `account` FROM `ly_user` WHERE `id` = 1 LIMIT 1   [ RunTime:0.0000s ]
SQL: SHOW COLUMNS FROM `ly_userinfo` [ RunTime:0.0010s ]
SQL: SELECT `username`,`face180`,`face80`,`face50` FROM `ly_userinfo` WHERE `uid` = 1 LIMIT 1   [ RunTime:0.0010s ]
SQL: SHOW COLUMNS FROM `ly_comment` [ RunTime:0.0020s ]
SQL: SELECT comment.content AS content,comment.time AS time,comment.wid AS wid,userinfo.username AS username,userinfo.face80 AS face,userinfo.uid AS uid FROM ly_comment comment LEFT JOIN ly_userinfo userinfo ON comment.uid=userinfo.uid WHERE comment.wid = 38  [ RunTime:0.0000s ]

