[ 2017-02-04T23:40:21+08:00 ] ::1 /weibo/
INFO: [ app_init ] --START--
INFO: Run Behavior\BuildLiteBehavior [ RunTime:0.000018s ]
INFO: [ app_init ] --END-- [ RunTime:0.008789s ]
INFO: [ app_begin ] --START--
INFO: Run Behavior\ReadHtmlCacheBehavior [ RunTime:0.011165s ]
INFO: [ app_begin ] --END-- [ RunTime:0.011212s ]

[ 2017-02-04T23:40:21+08:00 ] ::1 /weibo/index.php/Home/LogReg/index.html
INFO: [ app_init ] --START--
INFO: Run Behavior\BuildLiteBehavior [ RunTime:0.000012s ]
INFO: [ app_init ] --END-- [ RunTime:0.000439s ]
INFO: [ app_begin ] --START--
INFO: Run Behavior\ReadHtmlCacheBehavior [ RunTime:0.000498s ]
INFO: [ app_begin ] --END-- [ RunTime:0.000546s ]
INFO: [ view_parse ] --START--
INFO: [ template_filter ] --START--
INFO: Run Behavior\ContentReplaceBehavior [ RunTime:0.000315s ]
INFO: [ template_filter ] --END-- [ RunTime:0.000374s ]
INFO: Run Behavior\ParseTemplateBehavior [ RunTime:0.105308s ]
INFO: [ view_parse ] --END-- [ RunTime:0.105369s ]
INFO: [ view_filter ] --START--
INFO: Run Behavior\WriteHtmlCacheBehavior [ RunTime:0.008131s ]
INFO: [ view_filter ] --END-- [ RunTime:0.008269s ]
INFO: [ app_end ] --START--
INFO: Run Behavior\ShowPageTraceBehavior [ RunTime:0.006752s ]
INFO: [ app_end ] --END-- [ RunTime:0.006798s ]

[ 2017-02-04T23:40:21+08:00 ] ::1 /weibo/index.php/Home/LogReg/verify.html
INFO: [ app_init ] --START--
INFO: Run Behavior\BuildLiteBehavior [ RunTime:0.000014s ]
INFO: [ app_init ] --END-- [ RunTime:0.000308s ]
INFO: [ app_begin ] --START--
INFO: Run Behavior\ReadHtmlCacheBehavior [ RunTime:0.000566s ]
INFO: [ app_begin ] --END-- [ RunTime:0.000609s ]
INFO: [ app_end ] --START--
INFO: Run Behavior\ShowPageTraceBehavior [ RunTime:0.000554s ]
INFO: [ app_end ] --END-- [ RunTime:0.000603s ]

[ 2017-02-04T23:40:27+08:00 ] ::1 /weibo/index.php/Home/LogReg/runLogin.html
INFO: [ app_init ] --START--
INFO: Run Behavior\BuildLiteBehavior [ RunTime:0.000011s ]
INFO: [ app_init ] --END-- [ RunTime:0.000287s ]
INFO: [ app_begin ] --START--
INFO: Run Behavior\ReadHtmlCacheBehavior [ RunTime:0.000429s ]
INFO: [ app_begin ] --END-- [ RunTime:0.000464s ]
SQL: SHOW COLUMNS FROM `ly_user` [ RunTime:0.0321s ]
SQL: SELECT * FROM `ly_user` WHERE `account` = 'admin' LIMIT 1   [ RunTime:0.0011s ]
ERR: Think\Controller:encryption方法不存在！

[ 2017-02-04T23:42:55+08:00 ] ::1 /weibo/index.php/Home/LogReg/index.html
INFO: [ app_init ] --START--
INFO: Run Behavior\BuildLiteBehavior [ RunTime:0.000010s ]
INFO: [ app_init ] --END-- [ RunTime:0.000281s ]
INFO: [ app_begin ] --START--
INFO: Run Behavior\ReadHtmlCacheBehavior [ RunTime:0.000560s ]
INFO: [ app_begin ] --END-- [ RunTime:0.000595s ]
INFO: [ view_parse ] --START--
INFO: [ template_filter ] --START--
INFO: Run Behavior\ContentReplaceBehavior [ RunTime:0.000036s ]
INFO: [ template_filter ] --END-- [ RunTime:0.000069s ]
INFO: Run Behavior\ParseTemplateBehavior [ RunTime:0.024870s ]
INFO: [ view_parse ] --END-- [ RunTime:0.024923s ]
INFO: [ view_filter ] --START--
INFO: Run Behavior\WriteHtmlCacheBehavior [ RunTime:0.000271s ]
INFO: [ view_filter ] --END-- [ RunTime:0.000296s ]
INFO: [ app_end ] --START--
INFO: Run Behavior\ShowPageTraceBehavior [ RunTime:0.000454s ]
INFO: [ app_end ] --END-- [ RunTime:0.000493s ]

[ 2017-02-04T23:42:55+08:00 ] ::1 /weibo/index.php/Home/LogReg/verify.html
INFO: [ app_init ] --START--
INFO: Run Behavior\BuildLiteBehavior [ RunTime:0.000011s ]
INFO: [ app_init ] --END-- [ RunTime:0.000361s ]
INFO: [ app_begin ] --START--
INFO: Run Behavior\ReadHtmlCacheBehavior [ RunTime:0.000499s ]
INFO: [ app_begin ] --END-- [ RunTime:0.000531s ]
INFO: [ app_end ] --START--
INFO: Run Behavior\ShowPageTraceBehavior [ RunTime:0.000681s ]
INFO: [ app_end ] --END-- [ RunTime:0.000747s ]

[ 2017-02-04T23:43:00+08:00 ] ::1 /weibo/index.php/Home/LogReg/runLogin.html
INFO: [ app_init ] --START--
INFO: Run Behavior\BuildLiteBehavior [ RunTime:0.000009s ]
INFO: [ app_init ] --END-- [ RunTime:0.000244s ]
INFO: [ app_begin ] --START--
INFO: Run Behavior\ReadHtmlCacheBehavior [ RunTime:0.000375s ]
INFO: [ app_begin ] --END-- [ RunTime:0.000409s ]
SQL: SHOW COLUMNS FROM `ly_user` [ RunTime:0.0123s ]
SQL: SELECT * FROM `ly_user` WHERE `account` = 'admin' LIMIT 1   [ RunTime:0.0003s ]
ERR: Think\Controller:encryption方法不存在！

[ 2017-02-04T23:43:07+08:00 ] ::1 /weibo/index.php/Home/LogReg/index.html
INFO: [ app_init ] --START--
INFO: Run Behavior\BuildLiteBehavior [ RunTime:0.000010s ]
INFO: [ app_init ] --END-- [ RunTime:0.000280s ]
INFO: [ app_begin ] --START--
INFO: Run Behavior\ReadHtmlCacheBehavior [ RunTime:0.000498s ]
INFO: [ app_begin ] --END-- [ RunTime:0.000532s ]
INFO: [ view_parse ] --START--
INFO: [ template_filter ] --START--
INFO: Run Behavior\ContentReplaceBehavior [ RunTime:0.000035s ]
INFO: [ template_filter ] --END-- [ RunTime:0.000068s ]
INFO: Run Behavior\ParseTemplateBehavior [ RunTime:0.005503s ]
INFO: [ view_parse ] --END-- [ RunTime:0.005538s ]
INFO: [ view_filter ] --START--
INFO: Run Behavior\WriteHtmlCacheBehavior [ RunTime:0.000317s ]
INFO: [ view_filter ] --END-- [ RunTime:0.000342s ]
INFO: [ app_end ] --START--
INFO: Run Behavior\ShowPageTraceBehavior [ RunTime:0.000447s ]
INFO: [ app_end ] --END-- [ RunTime:0.000474s ]

[ 2017-02-04T23:43:07+08:00 ] ::1 /weibo/index.php/Home/LogReg/verify.html
INFO: [ app_init ] --START--
INFO: Run Behavior\BuildLiteBehavior [ RunTime:0.000010s ]
INFO: [ app_init ] --END-- [ RunTime:0.000286s ]
INFO: [ app_begin ] --START--
INFO: Run Behavior\ReadHtmlCacheBehavior [ RunTime:0.000464s ]
INFO: [ app_begin ] --END-- [ RunTime:0.000497s ]
INFO: [ app_end ] --START--
INFO: Run Behavior\ShowPageTraceBehavior [ RunTime:0.000603s ]
INFO: [ app_end ] --END-- [ RunTime:0.000645s ]

[ 2017-02-04T23:43:14+08:00 ] ::1 /weibo/index.php/Home/LogReg/runLogin.html
INFO: [ app_init ] --START--
INFO: Run Behavior\BuildLiteBehavior [ RunTime:0.000011s ]
INFO: [ app_init ] --END-- [ RunTime:0.000274s ]
INFO: [ app_begin ] --START--
INFO: Run Behavior\ReadHtmlCacheBehavior [ RunTime:0.000415s ]
INFO: [ app_begin ] --END-- [ RunTime:0.000450s ]
SQL: SHOW COLUMNS FROM `ly_user` [ RunTime:0.0087s ]
SQL: SELECT * FROM `ly_user` WHERE `account` = 'admin' LIMIT 1   [ RunTime:0.0003s ]
ERR: Think\Controller:encryption方法不存在！

[ 2017-02-04T23:46:10+08:00 ] ::1 /weibo/index.php/Home/LogReg/index.html
INFO: [ app_init ] --START--
INFO: Run Behavior\BuildLiteBehavior [ RunTime:0.000009s ]
INFO: [ app_init ] --END-- [ RunTime:0.000272s ]
INFO: [ app_begin ] --START--
INFO: Run Behavior\ReadHtmlCacheBehavior [ RunTime:0.000449s ]
INFO: [ app_begin ] --END-- [ RunTime:0.000482s ]
INFO: [ view_parse ] --START--
INFO: [ template_filter ] --START--
INFO: Run Behavior\ContentReplaceBehavior [ RunTime:0.000037s ]
INFO: [ template_filter ] --END-- [ RunTime:0.000071s ]
INFO: Run Behavior\ParseTemplateBehavior [ RunTime:0.025602s ]
INFO: [ view_parse ] --END-- [ RunTime:0.025641s ]
INFO: [ view_filter ] --START--
INFO: Run Behavior\WriteHtmlCacheBehavior [ RunTime:0.000258s ]
INFO: [ view_filter ] --END-- [ RunTime:0.000282s ]
INFO: [ app_end ] --START--
INFO: Run Behavior\ShowPageTraceBehavior [ RunTime:0.000439s ]
INFO: [ app_end ] --END-- [ RunTime:0.000466s ]

[ 2017-02-04T23:46:10+08:00 ] ::1 /weibo/index.php/Home/LogReg/verify.html
INFO: [ app_init ] --START--
INFO: Run Behavior\BuildLiteBehavior [ RunTime:0.000012s ]
INFO: [ app_init ] --END-- [ RunTime:0.000406s ]
INFO: [ app_begin ] --START--
INFO: Run Behavior\ReadHtmlCacheBehavior [ RunTime:0.000545s ]
INFO: [ app_begin ] --END-- [ RunTime:0.000582s ]
INFO: [ app_end ] --START--
INFO: Run Behavior\ShowPageTraceBehavior [ RunTime:0.000684s ]
INFO: [ app_end ] --END-- [ RunTime:0.000744s ]

[ 2017-02-04T23:46:15+08:00 ] ::1 /weibo/index.php/Home/LogReg/runLogin.html
INFO: [ app_init ] --START--
INFO: Run Behavior\BuildLiteBehavior [ RunTime:0.000010s ]
INFO: [ app_init ] --END-- [ RunTime:0.000269s ]
INFO: [ app_begin ] --START--
INFO: Run Behavior\ReadHtmlCacheBehavior [ RunTime:0.000414s ]
INFO: [ app_begin ] --END-- [ RunTime:0.000449s ]
SQL: SHOW COLUMNS FROM `ly_user` [ RunTime:0.0142s ]
SQL: SELECT * FROM `ly_user` WHERE `account` = 'admin' LIMIT 1   [ RunTime:0.0005s ]
INFO: [ view_parse ] --START--
INFO: [ template_filter ] --START--
INFO: Run Behavior\ContentReplaceBehavior [ RunTime:0.000034s ]
INFO: [ template_filter ] --END-- [ RunTime:0.000071s ]
INFO: Run Behavior\ParseTemplateBehavior [ RunTime:0.030968s ]
INFO: [ view_parse ] --END-- [ RunTime:0.031040s ]
INFO: [ view_filter ] --START--
INFO: Run Behavior\WriteHtmlCacheBehavior [ RunTime:0.000297s ]
INFO: [ view_filter ] --END-- [ RunTime:0.000324s ]
INFO: [ app_end ] --START--
INFO: Run Behavior\ShowPageTraceBehavior [ RunTime:0.000437s ]
INFO: [ app_end ] --END-- [ RunTime:0.000466s ]

[ 2017-02-04T23:46:17+08:00 ] ::1 /weibo/index.php/Home/Index/index.html
INFO: [ app_init ] --START--
INFO: Run Behavior\BuildLiteBehavior [ RunTime:0.000012s ]
INFO: [ app_init ] --END-- [ RunTime:0.000313s ]
INFO: [ app_begin ] --START--
INFO: Run Behavior\ReadHtmlCacheBehavior [ RunTime:0.000490s ]
INFO: [ app_begin ] --END-- [ RunTime:0.000530s ]
SQL: SHOW COLUMNS FROM `ly_user` [ RunTime:0.0101s ]
SQL: SELECT `account` FROM `ly_user` WHERE `id` = 20 LIMIT 1   [ RunTime:0.0004s ]
SQL: SHOW COLUMNS FROM `ly_userinfo` [ RunTime:0.0220s ]
SQL: SELECT `username`,`face180`,`face80`,`face50` FROM `ly_userinfo` WHERE `uid` = 20 LIMIT 1   [ RunTime:0.0004s ]
SQL: SHOW COLUMNS FROM `ly_follow` [ RunTime:0.0141s ]
SQL: SELECT `follow` FROM `ly_follow` WHERE `fans` = 20  [ RunTime:0.0002s ]
ERR: 1146:Table 'weibo.ly_tweet' doesn't exist
 [ SQL语句 ] : SHOW COLUMNS FROM `ly_tweet`
ERR: 1146:Table 'weibo.ly_tweet' doesn't exist
 [ SQL语句 ] : SHOW COLUMNS FROM `ly_tweet`

[ 2017-02-04T23:54:22+08:00 ] ::1 /weibo/index.php/Home/Index/index.html
INFO: [ app_init ] --START--
INFO: Run Behavior\BuildLiteBehavior [ RunTime:0.000017s ]
INFO: [ app_init ] --END-- [ RunTime:0.000609s ]
INFO: [ app_begin ] --START--
INFO: Run Behavior\ReadHtmlCacheBehavior [ RunTime:0.000932s ]
INFO: [ app_begin ] --END-- [ RunTime:0.001009s ]
SQL: SHOW COLUMNS FROM `ly_user` [ RunTime:0.0095s ]
SQL: SELECT `account` FROM `ly_user` WHERE `id` = 20 LIMIT 1   [ RunTime:0.0003s ]
SQL: SHOW COLUMNS FROM `ly_userinfo` [ RunTime:0.0066s ]
SQL: SELECT `username`,`face180`,`face80`,`face50` FROM `ly_userinfo` WHERE `uid` = 20 LIMIT 1   [ RunTime:0.0003s ]
SQL: SHOW COLUMNS FROM `ly_follow` [ RunTime:0.0079s ]
SQL: SELECT `follow` FROM `ly_follow` WHERE `fans` = 20  [ RunTime:0.0002s ]
SQL: SHOW COLUMNS FROM `ly_tweet` [ RunTime:0.0078s ]
SQL: SELECT tweet.id AS id,tweet.content AS content,tweet.isturn AS isturn,tweet.time AS time,tweet.turn AS turn,tweet.collect AS collect,tweet.comment AS comment,tweet.pic AS pic,tweet.thumbpic AS thumbpic,tweet.uid AS uid,userinfo.username AS username,userinfo.sex AS sex,userinfo.face80 AS face FROM ly_tweet tweet LEFT JOIN ly_userinfo userinfo ON tweet.uid=userinfo.uid WHERE tweet.uid IN ('20') ORDER BY tweet.time DESC  [ RunTime:0.0006s ]
INFO: [ view_parse ] --START--
INFO: [ template_filter ] --START--
INFO: Run Behavior\ContentReplaceBehavior [ RunTime:0.000110s ]
INFO: [ template_filter ] --END-- [ RunTime:0.000147s ]
NOTIC: [8] Undefined variable: isLogin C:\Software\phpstudy\WWW\weibo\Runtime\Cache\Home\11cb243a745bf4d9fc992e0e2c0ee5cc.php 第 19 行.
NOTIC: [8] Undefined variable: userinfo C:\Software\phpstudy\WWW\weibo\Runtime\Cache\Home\11cb243a745bf4d9fc992e0e2c0ee5cc.php 第 20 行.
NOTIC: [8] Undefined variable: vo C:\Software\phpstudy\WWW\weibo\Runtime\Cache\Home\11cb243a745bf4d9fc992e0e2c0ee5cc.php 第 424 行.
NOTIC: [8] Undefined variable: vo C:\Software\phpstudy\WWW\weibo\Runtime\Cache\Home\11cb243a745bf4d9fc992e0e2c0ee5cc.php 第 424 行.
NOTIC: [8] Undefined variable: vo C:\Software\phpstudy\WWW\weibo\Runtime\Cache\Home\11cb243a745bf4d9fc992e0e2c0ee5cc.php 第 425 行.
NOTIC: [8] Undefined variable: vo C:\Software\phpstudy\WWW\weibo\Runtime\Cache\Home\11cb243a745bf4d9fc992e0e2c0ee5cc.php 第 425 行.
NOTIC: [8] Undefined variable: vo C:\Software\phpstudy\WWW\weibo\Runtime\Cache\Home\11cb243a745bf4d9fc992e0e2c0ee5cc.php 第 447 行.
NOTIC: [8] Undefined variable: vo C:\Software\phpstudy\WWW\weibo\Runtime\Cache\Home\11cb243a745bf4d9fc992e0e2c0ee5cc.php 第 460 行.
NOTIC: [8] Undefined variable: vo C:\Software\phpstudy\WWW\weibo\Runtime\Cache\Home\11cb243a745bf4d9fc992e0e2c0ee5cc.php 第 477 行.
NOTIC: [8] Undefined variable: vo C:\Software\phpstudy\WWW\weibo\Runtime\Cache\Home\11cb243a745bf4d9fc992e0e2c0ee5cc.php 第 477 行.
INFO: Run Behavior\ParseTemplateBehavior [ RunTime:0.095700s ]
INFO: [ view_parse ] --END-- [ RunTime:0.095738s ]
INFO: [ view_filter ] --START--
INFO: Run Behavior\WriteHtmlCacheBehavior [ RunTime:0.000518s ]
INFO: [ view_filter ] --END-- [ RunTime:0.000544s ]
INFO: [ app_end ] --START--
INFO: Run Behavior\ShowPageTraceBehavior [ RunTime:0.000788s ]
INFO: [ app_end ] --END-- [ RunTime:0.000832s ]

[ 2017-02-04T23:54:27+08:00 ] ::1 /weibo/index.php/Home/Index/logout.html
INFO: [ app_init ] --START--
INFO: Run Behavior\BuildLiteBehavior [ RunTime:0.000010s ]
INFO: [ app_init ] --END-- [ RunTime:0.000311s ]
INFO: [ app_begin ] --START--
INFO: Run Behavior\ReadHtmlCacheBehavior [ RunTime:0.000839s ]
INFO: [ app_begin ] --END-- [ RunTime:0.000884s ]
SQL: SHOW COLUMNS FROM `ly_user` [ RunTime:0.0165s ]
SQL: SELECT `account` FROM `ly_user` WHERE `id` = 20 LIMIT 1   [ RunTime:0.0004s ]
SQL: SHOW COLUMNS FROM `ly_userinfo` [ RunTime:0.0093s ]
SQL: SELECT `username`,`face180`,`face80`,`face50` FROM `ly_userinfo` WHERE `uid` = 20 LIMIT 1   [ RunTime:0.0003s ]

[ 2017-02-04T23:54:27+08:00 ] ::1 /weibo/index.php/Home/Index/Index.html
INFO: [ app_init ] --START--
INFO: Run Behavior\BuildLiteBehavior [ RunTime:0.000011s ]
INFO: [ app_init ] --END-- [ RunTime:0.000315s ]
INFO: [ app_begin ] --START--
INFO: Run Behavior\ReadHtmlCacheBehavior [ RunTime:0.000660s ]
INFO: [ app_begin ] --END-- [ RunTime:0.000697s ]

[ 2017-02-04T23:54:27+08:00 ] ::1 /weibo/index.php/Home/LogReg/index.html
INFO: [ app_init ] --START--
INFO: Run Behavior\BuildLiteBehavior [ RunTime:0.000010s ]
INFO: [ app_init ] --END-- [ RunTime:0.000283s ]
INFO: [ app_begin ] --START--
INFO: Run Behavior\ReadHtmlCacheBehavior [ RunTime:0.000586s ]
INFO: [ app_begin ] --END-- [ RunTime:0.000619s ]
INFO: [ view_parse ] --START--
INFO: [ template_filter ] --START--
INFO: Run Behavior\ContentReplaceBehavior [ RunTime:0.000034s ]
INFO: [ template_filter ] --END-- [ RunTime:0.000064s ]
INFO: Run Behavior\ParseTemplateBehavior [ RunTime:0.024468s ]
INFO: [ view_parse ] --END-- [ RunTime:0.024508s ]
INFO: [ view_filter ] --START--
INFO: Run Behavior\WriteHtmlCacheBehavior [ RunTime:0.000924s ]
INFO: [ view_filter ] --END-- [ RunTime:0.000970s ]
INFO: [ app_end ] --START--
INFO: Run Behavior\ShowPageTraceBehavior [ RunTime:0.001236s ]
INFO: [ app_end ] --END-- [ RunTime:0.001284s ]

[ 2017-02-04T23:54:27+08:00 ] ::1 /weibo/index.php/Home/LogReg/verify.html
INFO: [ app_init ] --START--
INFO: Run Behavior\BuildLiteBehavior [ RunTime:0.000014s ]
INFO: [ app_init ] --END-- [ RunTime:0.000432s ]
INFO: [ app_begin ] --START--
INFO: Run Behavior\ReadHtmlCacheBehavior [ RunTime:0.000662s ]
INFO: [ app_begin ] --END-- [ RunTime:0.000703s ]
INFO: [ app_end ] --START--
INFO: Run Behavior\ShowPageTraceBehavior [ RunTime:0.000669s ]
INFO: [ app_end ] --END-- [ RunTime:0.000711s ]

[ 2017-02-04T23:54:31+08:00 ] ::1 /weibo/index.php/Home/LogReg/runLogin.html
INFO: [ app_init ] --START--
INFO: Run Behavior\BuildLiteBehavior [ RunTime:0.000011s ]
INFO: [ app_init ] --END-- [ RunTime:0.000299s ]
INFO: [ app_begin ] --START--
INFO: Run Behavior\ReadHtmlCacheBehavior [ RunTime:0.000643s ]
INFO: [ app_begin ] --END-- [ RunTime:0.000683s ]
SQL: SHOW COLUMNS FROM `ly_user` [ RunTime:0.0097s ]
SQL: SELECT * FROM `ly_user` WHERE `account` = 'admin' LIMIT 1   [ RunTime:0.0003s ]
INFO: [ view_parse ] --START--
INFO: [ template_filter ] --START--
INFO: Run Behavior\ContentReplaceBehavior [ RunTime:0.000037s ]
INFO: [ template_filter ] --END-- [ RunTime:0.000081s ]
INFO: Run Behavior\ParseTemplateBehavior [ RunTime:0.007233s ]
INFO: [ view_parse ] --END-- [ RunTime:0.007295s ]
INFO: [ view_filter ] --START--
INFO: Run Behavior\WriteHtmlCacheBehavior [ RunTime:0.000552s ]
INFO: [ view_filter ] --END-- [ RunTime:0.000588s ]
INFO: [ app_end ] --START--
INFO: Run Behavior\ShowPageTraceBehavior [ RunTime:0.000817s ]
INFO: [ app_end ] --END-- [ RunTime:0.000855s ]

[ 2017-02-04T23:54:34+08:00 ] ::1 /weibo/index.php/Home/Index/index.html
INFO: [ app_init ] --START--
INFO: Run Behavior\BuildLiteBehavior [ RunTime:0.000010s ]
INFO: [ app_init ] --END-- [ RunTime:0.000298s ]
INFO: [ app_begin ] --START--
INFO: Run Behavior\ReadHtmlCacheBehavior [ RunTime:0.000906s ]
INFO: [ app_begin ] --END-- [ RunTime:0.000946s ]
SQL: SHOW COLUMNS FROM `ly_user` [ RunTime:0.0088s ]
SQL: SELECT `account` FROM `ly_user` WHERE `id` = 1 LIMIT 1   [ RunTime:0.0003s ]
SQL: SHOW COLUMNS FROM `ly_userinfo` [ RunTime:0.0058s ]
SQL: SELECT `username`,`face180`,`face80`,`face50` FROM `ly_userinfo` WHERE `uid` = 1 LIMIT 1   [ RunTime:0.0003s ]
SQL: SHOW COLUMNS FROM `ly_follow` [ RunTime:0.0051s ]
SQL: SELECT `follow` FROM `ly_follow` WHERE `fans` = 1  [ RunTime:0.0002s ]
SQL: SHOW COLUMNS FROM `ly_tweet` [ RunTime:0.0053s ]
SQL: SELECT tweet.id AS id,tweet.content AS content,tweet.isturn AS isturn,tweet.time AS time,tweet.turn AS turn,tweet.collect AS collect,tweet.comment AS comment,tweet.pic AS pic,tweet.thumbpic AS thumbpic,tweet.uid AS uid,userinfo.username AS username,userinfo.sex AS sex,userinfo.face80 AS face FROM ly_tweet tweet LEFT JOIN ly_userinfo userinfo ON tweet.uid=userinfo.uid WHERE tweet.uid IN ('1','4','3','2') ORDER BY tweet.time DESC  [ RunTime:0.0006s ]
SQL: SELECT tweet.id AS id,tweet.content AS content,tweet.isturn AS isturn,tweet.time AS time,tweet.turn AS turn,tweet.collect AS collect,tweet.comment AS comment,tweet.pic AS pic,tweet.thumbpic AS thumbpic,tweet.uid AS uid,userinfo.username AS username,userinfo.sex AS sex,userinfo.face80 AS face FROM ly_tweet tweet LEFT JOIN ly_userinfo userinfo ON tweet.uid=userinfo.uid WHERE tweet.id = '72' LIMIT 1   [ RunTime:0.0004s ]
SQL: SELECT tweet.id AS id,tweet.content AS content,tweet.isturn AS isturn,tweet.time AS time,tweet.turn AS turn,tweet.collect AS collect,tweet.comment AS comment,tweet.pic AS pic,tweet.thumbpic AS thumbpic,tweet.uid AS uid,userinfo.username AS username,userinfo.sex AS sex,userinfo.face80 AS face FROM ly_tweet tweet LEFT JOIN ly_userinfo userinfo ON tweet.uid=userinfo.uid WHERE tweet.id = '0' LIMIT 1   [ RunTime:0.0003s ]
SQL: SELECT tweet.id AS id,tweet.content AS content,tweet.isturn AS isturn,tweet.time AS time,tweet.turn AS turn,tweet.collect AS collect,tweet.comment AS comment,tweet.pic AS pic,tweet.thumbpic AS thumbpic,tweet.uid AS uid,userinfo.username AS username,userinfo.sex AS sex,userinfo.face80 AS face FROM ly_tweet tweet LEFT JOIN ly_userinfo userinfo ON tweet.uid=userinfo.uid WHERE tweet.id = '0' LIMIT 1   [ RunTime:0.0003s ]
SQL: SELECT tweet.id AS id,tweet.content AS content,tweet.isturn AS isturn,tweet.time AS time,tweet.turn AS turn,tweet.collect AS collect,tweet.comment AS comment,tweet.pic AS pic,tweet.thumbpic AS thumbpic,tweet.uid AS uid,userinfo.username AS username,userinfo.sex AS sex,userinfo.face80 AS face FROM ly_tweet tweet LEFT JOIN ly_userinfo userinfo ON tweet.uid=userinfo.uid WHERE tweet.id = '0' LIMIT 1   [ RunTime:0.0004s ]
SQL: SELECT tweet.id AS id,tweet.content AS content,tweet.isturn AS isturn,tweet.time AS time,tweet.turn AS turn,tweet.collect AS collect,tweet.comment AS comment,tweet.pic AS pic,tweet.thumbpic AS thumbpic,tweet.uid AS uid,userinfo.username AS username,userinfo.sex AS sex,userinfo.face80 AS face FROM ly_tweet tweet LEFT JOIN ly_userinfo userinfo ON tweet.uid=userinfo.uid WHERE tweet.id = '0' LIMIT 1   [ RunTime:0.0003s ]
SQL: SELECT tweet.id AS id,tweet.content AS content,tweet.isturn AS isturn,tweet.time AS time,tweet.turn AS turn,tweet.collect AS collect,tweet.comment AS comment,tweet.pic AS pic,tweet.thumbpic AS thumbpic,tweet.uid AS uid,userinfo.username AS username,userinfo.sex AS sex,userinfo.face80 AS face FROM ly_tweet tweet LEFT JOIN ly_userinfo userinfo ON tweet.uid=userinfo.uid WHERE tweet.id = '59' LIMIT 1   [ RunTime:0.0003s ]
SQL: SELECT tweet.id AS id,tweet.content AS content,tweet.isturn AS isturn,tweet.time AS time,tweet.turn AS turn,tweet.collect AS collect,tweet.comment AS comment,tweet.pic AS pic,tweet.thumbpic AS thumbpic,tweet.uid AS uid,userinfo.username AS username,userinfo.sex AS sex,userinfo.face80 AS face FROM ly_tweet tweet LEFT JOIN ly_userinfo userinfo ON tweet.uid=userinfo.uid WHERE tweet.id = '0' LIMIT 1   [ RunTime:0.0002s ]
SQL: SELECT tweet.id AS id,tweet.content AS content,tweet.isturn AS isturn,tweet.time AS time,tweet.turn AS turn,tweet.collect AS collect,tweet.comment AS comment,tweet.pic AS pic,tweet.thumbpic AS thumbpic,tweet.uid AS uid,userinfo.username AS username,userinfo.sex AS sex,userinfo.face80 AS face FROM ly_tweet tweet LEFT JOIN ly_userinfo userinfo ON tweet.uid=userinfo.uid WHERE tweet.id = '59' LIMIT 1   [ RunTime:0.0004s ]
SQL: SELECT tweet.id AS id,tweet.content AS content,tweet.isturn AS isturn,tweet.time AS time,tweet.turn AS turn,tweet.collect AS collect,tweet.comment AS comment,tweet.pic AS pic,tweet.thumbpic AS thumbpic,tweet.uid AS uid,userinfo.username AS username,userinfo.sex AS sex,userinfo.face80 AS face FROM ly_tweet tweet LEFT JOIN ly_userinfo userinfo ON tweet.uid=userinfo.uid WHERE tweet.id = '58' LIMIT 1   [ RunTime:0.0003s ]
SQL: SELECT tweet.id AS id,tweet.content AS content,tweet.isturn AS isturn,tweet.time AS time,tweet.turn AS turn,tweet.collect AS collect,tweet.comment AS comment,tweet.pic AS pic,tweet.thumbpic AS thumbpic,tweet.uid AS uid,userinfo.username AS username,userinfo.sex AS sex,userinfo.face80 AS face FROM ly_tweet tweet LEFT JOIN ly_userinfo userinfo ON tweet.uid=userinfo.uid WHERE tweet.id = '0' LIMIT 1   [ RunTime:0.0002s ]
SQL: SELECT tweet.id AS id,tweet.content AS content,tweet.isturn AS isturn,tweet.time AS time,tweet.turn AS turn,tweet.collect AS collect,tweet.comment AS comment,tweet.pic AS pic,tweet.thumbpic AS thumbpic,tweet.uid AS uid,userinfo.username AS username,userinfo.sex AS sex,userinfo.face80 AS face FROM ly_tweet tweet LEFT JOIN ly_userinfo userinfo ON tweet.uid=userinfo.uid WHERE tweet.id = '0' LIMIT 1   [ RunTime:0.0002s ]
INFO: [ view_parse ] --START--
INFO: [ template_filter ] --START--
INFO: Run Behavior\ContentReplaceBehavior [ RunTime:0.000114s ]
INFO: [ template_filter ] --END-- [ RunTime:0.000146s ]
NOTIC: [8] Undefined variable: isLogin C:\Software\phpstudy\WWW\weibo\Runtime\Cache\Home\11cb243a745bf4d9fc992e0e2c0ee5cc.php 第 19 行.
NOTIC: [8] Undefined variable: userinfo C:\Software\phpstudy\WWW\weibo\Runtime\Cache\Home\11cb243a745bf4d9fc992e0e2c0ee5cc.php 第 20 行.
INFO: Run Behavior\ParseTemplateBehavior [ RunTime:0.075731s ]
INFO: [ view_parse ] --END-- [ RunTime:0.075770s ]
INFO: [ view_filter ] --START--
INFO: Run Behavior\WriteHtmlCacheBehavior [ RunTime:0.000408s ]
INFO: [ view_filter ] --END-- [ RunTime:0.000434s ]
INFO: [ app_end ] --START--
INFO: Run Behavior\ShowPageTraceBehavior [ RunTime:0.001832s ]
INFO: [ app_end ] --END-- [ RunTime:0.001876s ]

[ 2017-02-04T23:54:50+08:00 ] ::1 /weibo/index.php/Home/Index/getComment.html
INFO: [ app_init ] --START--
INFO: Run Behavior\BuildLiteBehavior [ RunTime:0.000011s ]
INFO: [ app_init ] --END-- [ RunTime:0.000304s ]
INFO: [ app_begin ] --START--
INFO: Run Behavior\ReadHtmlCacheBehavior [ RunTime:0.000625s ]
INFO: [ app_begin ] --END-- [ RunTime:0.000656s ]
SQL: SHOW COLUMNS FROM `ly_user` [ RunTime:0.0176s ]
SQL: SELECT `account` FROM `ly_user` WHERE `id` = 1 LIMIT 1   [ RunTime:0.0003s ]
SQL: SHOW COLUMNS FROM `ly_userinfo` [ RunTime:0.0066s ]
SQL: SELECT `username`,`face180`,`face80`,`face50` FROM `ly_userinfo` WHERE `uid` = 1 LIMIT 1   [ RunTime:0.0004s ]
SQL: SHOW COLUMNS FROM `ly_comment` [ RunTime:0.0091s ]
SQL: SELECT comment.id AS id,comment.content AS content,comment.time AS time,comment.wid AS wid,userinfo.username AS username,userinfo.face80 AS face,userinfo.uid AS uid FROM ly_comment comment LEFT JOIN ly_userinfo userinfo ON comment.uid=userinfo.uid WHERE comment.wid = 73 ORDER BY comment.time DESC  [ RunTime:0.0004s ]

[ 2017-02-04T23:55:17+08:00 ] ::1 /weibo/index.php/Home/Index/getComment.html
INFO: [ app_init ] --START--
INFO: Run Behavior\BuildLiteBehavior [ RunTime:0.000010s ]
INFO: [ app_init ] --END-- [ RunTime:0.000339s ]
INFO: [ app_begin ] --START--
INFO: Run Behavior\ReadHtmlCacheBehavior [ RunTime:0.000621s ]
INFO: [ app_begin ] --END-- [ RunTime:0.000651s ]
SQL: SHOW COLUMNS FROM `ly_user` [ RunTime:0.0113s ]
SQL: SELECT `account` FROM `ly_user` WHERE `id` = 1 LIMIT 1   [ RunTime:0.0003s ]
SQL: SHOW COLUMNS FROM `ly_userinfo` [ RunTime:0.0060s ]
SQL: SELECT `username`,`face180`,`face80`,`face50` FROM `ly_userinfo` WHERE `uid` = 1 LIMIT 1   [ RunTime:0.0003s ]
SQL: SHOW COLUMNS FROM `ly_comment` [ RunTime:0.0067s ]
SQL: SELECT comment.id AS id,comment.content AS content,comment.time AS time,comment.wid AS wid,userinfo.username AS username,userinfo.face80 AS face,userinfo.uid AS uid FROM ly_comment comment LEFT JOIN ly_userinfo userinfo ON comment.uid=userinfo.uid WHERE comment.wid = 74 ORDER BY comment.time DESC  [ RunTime:0.0003s ]

[ 2017-02-04T23:55:31+08:00 ] ::1 /weibo/index.php/Home/UserSetting/index.html
INFO: [ app_init ] --START--
INFO: Run Behavior\BuildLiteBehavior [ RunTime:0.000010s ]
INFO: [ app_init ] --END-- [ RunTime:0.000301s ]
INFO: [ app_begin ] --START--
INFO: Run Behavior\ReadHtmlCacheBehavior [ RunTime:0.000622s ]
INFO: [ app_begin ] --END-- [ RunTime:0.000657s ]
SQL: SHOW COLUMNS FROM `ly_user` [ RunTime:0.0074s ]
SQL: SELECT `account` FROM `ly_user` WHERE `id` = 1 LIMIT 1   [ RunTime:0.0003s ]
SQL: SHOW COLUMNS FROM `ly_userinfo` [ RunTime:0.0065s ]
SQL: SELECT `username`,`face180`,`face80`,`face50` FROM `ly_userinfo` WHERE `uid` = 1 LIMIT 1   [ RunTime:0.0004s ]
SQL: SELECT * FROM `ly_userinfo` WHERE `uid` = 1 LIMIT 1   [ RunTime:0.0002s ]
INFO: [ view_parse ] --START--
INFO: [ template_filter ] --START--
INFO: Run Behavior\ContentReplaceBehavior [ RunTime:0.000085s ]
INFO: [ template_filter ] --END-- [ RunTime:0.000127s ]
NOTIC: [8] Undefined variable: isLogin C:\Software\phpstudy\WWW\weibo\Runtime\Cache\Home\035c2a604e691723077c52316292bd2a.php 第 19 行.
INFO: Run Behavior\ParseTemplateBehavior [ RunTime:0.040304s ]
INFO: [ view_parse ] --END-- [ RunTime:0.040356s ]
INFO: [ view_filter ] --START--
INFO: Run Behavior\WriteHtmlCacheBehavior [ RunTime:0.000494s ]
INFO: [ view_filter ] --END-- [ RunTime:0.000526s ]
INFO: [ app_end ] --START--
INFO: Run Behavior\ShowPageTraceBehavior [ RunTime:0.002835s ]
INFO: [ app_end ] --END-- [ RunTime:0.002886s ]

[ 2017-02-04T23:55:34+08:00 ] ::1 /weibo/index.php/Home/UserSetting/
INFO: [ app_init ] --START--
INFO: Run Behavior\BuildLiteBehavior [ RunTime:0.000011s ]
INFO: [ app_init ] --END-- [ RunTime:0.000336s ]
INFO: [ app_begin ] --START--
INFO: Run Behavior\ReadHtmlCacheBehavior [ RunTime:0.000590s ]
INFO: [ app_begin ] --END-- [ RunTime:0.000623s ]
SQL: SHOW COLUMNS FROM `ly_user` [ RunTime:0.0099s ]
SQL: SELECT `account` FROM `ly_user` WHERE `id` = 1 LIMIT 1   [ RunTime:0.0002s ]
SQL: SHOW COLUMNS FROM `ly_userinfo` [ RunTime:0.0058s ]
SQL: SELECT `username`,`face180`,`face80`,`face50` FROM `ly_userinfo` WHERE `uid` = 1 LIMIT 1   [ RunTime:0.0004s ]
SQL: SELECT * FROM `ly_userinfo` WHERE `uid` = 1 LIMIT 1   [ RunTime:0.0003s ]
INFO: [ view_parse ] --START--
INFO: [ template_filter ] --START--
INFO: Run Behavior\ContentReplaceBehavior [ RunTime:0.000070s ]
INFO: [ template_filter ] --END-- [ RunTime:0.000103s ]
NOTIC: [8] Undefined variable: isLogin C:\Software\phpstudy\WWW\weibo\Runtime\Cache\Home\035c2a604e691723077c52316292bd2a.php 第 19 行.
INFO: Run Behavior\ParseTemplateBehavior [ RunTime:0.034654s ]
INFO: [ view_parse ] --END-- [ RunTime:0.034730s ]
INFO: [ view_filter ] --START--
INFO: Run Behavior\WriteHtmlCacheBehavior [ RunTime:0.000410s ]
INFO: [ view_filter ] --END-- [ RunTime:0.000436s ]
INFO: [ app_end ] --START--
INFO: Run Behavior\ShowPageTraceBehavior [ RunTime:0.000613s ]
INFO: [ app_end ] --END-- [ RunTime:0.000659s ]

