[ 2017-02-05T00:12:31+08:00 ] ::1 /weibo/index.php
INFO: [ app_init ] --START--
INFO: Run Behavior\BuildLiteBehavior [ RunTime:0.000025s ]
INFO: [ app_init ] --END-- [ RunTime:0.000513s ]
INFO: [ app_begin ] --START--
INFO: Run Behavior\ReadHtmlCacheBehavior [ RunTime:0.000660s ]
INFO: [ app_begin ] --END-- [ RunTime:0.000698s ]
SQL: SHOW COLUMNS FROM `ly_user` [ RunTime:0.0112s ]
SQL: SELECT `account` FROM `ly_user` WHERE `id` = 1 LIMIT 1   [ RunTime:0.0003s ]
SQL: SHOW COLUMNS FROM `ly_userinfo` [ RunTime:0.0093s ]
SQL: SELECT `username`,`face180`,`face80`,`face50` FROM `ly_userinfo` WHERE `uid` = 1 LIMIT 1   [ RunTime:0.0003s ]
SQL: SHOW COLUMNS FROM `ly_follow` [ RunTime:0.0078s ]
SQL: SELECT `follow` FROM `ly_follow` WHERE `fans` = 1  [ RunTime:0.0005s ]
SQL: SHOW COLUMNS FROM `ly_tweet` [ RunTime:0.0084s ]
SQL: SELECT tweet.id AS id,tweet.content AS content,tweet.isturn AS isturn,tweet.time AS time,tweet.turn AS turn,tweet.collect AS collect,tweet.comment AS comment,tweet.pic AS pic,tweet.thumbpic AS thumbpic,tweet.uid AS uid,userinfo.username AS username,userinfo.sex AS sex,userinfo.face80 AS face FROM ly_tweet tweet LEFT JOIN ly_userinfo userinfo ON tweet.uid=userinfo.uid WHERE tweet.uid IN ('1','4','3','2') ORDER BY tweet.time DESC  [ RunTime:0.0007s ]
SQL: SELECT tweet.id AS id,tweet.content AS content,tweet.isturn AS isturn,tweet.time AS time,tweet.turn AS turn,tweet.collect AS collect,tweet.comment AS comment,tweet.pic AS pic,tweet.thumbpic AS thumbpic,tweet.uid AS uid,userinfo.username AS username,userinfo.sex AS sex,userinfo.face80 AS face FROM ly_tweet tweet LEFT JOIN ly_userinfo userinfo ON tweet.uid=userinfo.uid WHERE tweet.id = '72' LIMIT 1   [ RunTime:0.0003s ]
SQL: SELECT tweet.id AS id,tweet.content AS content,tweet.isturn AS isturn,tweet.time AS time,tweet.turn AS turn,tweet.collect AS collect,tweet.comment AS comment,tweet.pic AS pic,tweet.thumbpic AS thumbpic,tweet.uid AS uid,userinfo.username AS username,userinfo.sex AS sex,userinfo.face80 AS face FROM ly_tweet tweet LEFT JOIN ly_userinfo userinfo ON tweet.uid=userinfo.uid WHERE tweet.id = '0' LIMIT 1   [ RunTime:0.0002s ]
SQL: SELECT tweet.id AS id,tweet.content AS content,tweet.isturn AS isturn,tweet.time AS time,tweet.turn AS turn,tweet.collect AS collect,tweet.comment AS comment,tweet.pic AS pic,tweet.thumbpic AS thumbpic,tweet.uid AS uid,userinfo.username AS username,userinfo.sex AS sex,userinfo.face80 AS face FROM ly_tweet tweet LEFT JOIN ly_userinfo userinfo ON tweet.uid=userinfo.uid WHERE tweet.id = '0' LIMIT 1   [ RunTime:0.0001s ]
SQL: SELECT tweet.id AS id,tweet.content AS content,tweet.isturn AS isturn,tweet.time AS time,tweet.turn AS turn,tweet.collect AS collect,tweet.comment AS comment,tweet.pic AS pic,tweet.thumbpic AS thumbpic,tweet.uid AS uid,userinfo.username AS username,userinfo.sex AS sex,userinfo.face80 AS face FROM ly_tweet tweet LEFT JOIN ly_userinfo userinfo ON tweet.uid=userinfo.uid WHERE tweet.id = '0' LIMIT 1   [ RunTime:0.0001s ]
SQL: SELECT tweet.id AS id,tweet.content AS content,tweet.isturn AS isturn,tweet.time AS time,tweet.turn AS turn,tweet.collect AS collect,tweet.comment AS comment,tweet.pic AS pic,tweet.thumbpic AS thumbpic,tweet.uid AS uid,userinfo.username AS username,userinfo.sex AS sex,userinfo.face80 AS face FROM ly_tweet tweet LEFT JOIN ly_userinfo userinfo ON tweet.uid=userinfo.uid WHERE tweet.id = '0' LIMIT 1   [ RunTime:0.0001s ]
SQL: SELECT tweet.id AS id,tweet.content AS content,tweet.isturn AS isturn,tweet.time AS time,tweet.turn AS turn,tweet.collect AS collect,tweet.comment AS comment,tweet.pic AS pic,tweet.thumbpic AS thumbpic,tweet.uid AS uid,userinfo.username AS username,userinfo.sex AS sex,userinfo.face80 AS face FROM ly_tweet tweet LEFT JOIN ly_userinfo userinfo ON tweet.uid=userinfo.uid WHERE tweet.id = '59' LIMIT 1   [ RunTime:0.0002s ]
SQL: SELECT tweet.id AS id,tweet.content AS content,tweet.isturn AS isturn,tweet.time AS time,tweet.turn AS turn,tweet.collect AS collect,tweet.comment AS comment,tweet.pic AS pic,tweet.thumbpic AS thumbpic,tweet.uid AS uid,userinfo.username AS username,userinfo.sex AS sex,userinfo.face80 AS face FROM ly_tweet tweet LEFT JOIN ly_userinfo userinfo ON tweet.uid=userinfo.uid WHERE tweet.id = '0' LIMIT 1   [ RunTime:0.0001s ]
SQL: SELECT tweet.id AS id,tweet.content AS content,tweet.isturn AS isturn,tweet.time AS time,tweet.turn AS turn,tweet.collect AS collect,tweet.comment AS comment,tweet.pic AS pic,tweet.thumbpic AS thumbpic,tweet.uid AS uid,userinfo.username AS username,userinfo.sex AS sex,userinfo.face80 AS face FROM ly_tweet tweet LEFT JOIN ly_userinfo userinfo ON tweet.uid=userinfo.uid WHERE tweet.id = '59' LIMIT 1   [ RunTime:0.0002s ]
SQL: SELECT tweet.id AS id,tweet.content AS content,tweet.isturn AS isturn,tweet.time AS time,tweet.turn AS turn,tweet.collect AS collect,tweet.comment AS comment,tweet.pic AS pic,tweet.thumbpic AS thumbpic,tweet.uid AS uid,userinfo.username AS username,userinfo.sex AS sex,userinfo.face80 AS face FROM ly_tweet tweet LEFT JOIN ly_userinfo userinfo ON tweet.uid=userinfo.uid WHERE tweet.id = '58' LIMIT 1   [ RunTime:0.0002s ]
SQL: SELECT tweet.id AS id,tweet.content AS content,tweet.isturn AS isturn,tweet.time AS time,tweet.turn AS turn,tweet.collect AS collect,tweet.comment AS comment,tweet.pic AS pic,tweet.thumbpic AS thumbpic,tweet.uid AS uid,userinfo.username AS username,userinfo.sex AS sex,userinfo.face80 AS face FROM ly_tweet tweet LEFT JOIN ly_userinfo userinfo ON tweet.uid=userinfo.uid WHERE tweet.id = '0' LIMIT 1   [ RunTime:0.0001s ]
SQL: SELECT tweet.id AS id,tweet.content AS content,tweet.isturn AS isturn,tweet.time AS time,tweet.turn AS turn,tweet.collect AS collect,tweet.comment AS comment,tweet.pic AS pic,tweet.thumbpic AS thumbpic,tweet.uid AS uid,userinfo.username AS username,userinfo.sex AS sex,userinfo.face80 AS face FROM ly_tweet tweet LEFT JOIN ly_userinfo userinfo ON tweet.uid=userinfo.uid WHERE tweet.id = '0' LIMIT 1   [ RunTime:0.0002s ]
INFO: [ view_parse ] --START--
INFO: [ template_filter ] --START--
INFO: Run Behavior\ContentReplaceBehavior [ RunTime:0.000194s ]
INFO: [ template_filter ] --END-- [ RunTime:0.000231s ]
NOTIC: [8] Undefined variable: isLogin C:\Software\phpstudy\WWW\weibo\Runtime\Cache\Home\11cb243a745bf4d9fc992e0e2c0ee5cc.php 第 19 行.
NOTIC: [8] Undefined variable: userinfo C:\Software\phpstudy\WWW\weibo\Runtime\Cache\Home\11cb243a745bf4d9fc992e0e2c0ee5cc.php 第 20 行.
INFO: Run Behavior\ParseTemplateBehavior [ RunTime:0.082835s ]
INFO: [ view_parse ] --END-- [ RunTime:0.082899s ]
INFO: [ view_filter ] --START--
INFO: Run Behavior\WriteHtmlCacheBehavior [ RunTime:0.001106s ]
INFO: [ view_filter ] --END-- [ RunTime:0.001175s ]
INFO: [ app_end ] --START--
INFO: Run Behavior\ShowPageTraceBehavior [ RunTime:0.001087s ]
INFO: [ app_end ] --END-- [ RunTime:0.001164s ]

