[ 2017-02-06T22:42:14+08:00 ] ::1 /weibo/
INFO: [ app_init ] --START--
INFO: Run Behavior\BuildLiteBehavior [ RunTime:0.000016s ]
INFO: [ app_init ] --END-- [ RunTime:0.000977s ]
INFO: [ app_begin ] --START--
INFO: Run Behavior\ReadHtmlCacheBehavior [ RunTime:0.000570s ]
INFO: [ app_begin ] --END-- [ RunTime:0.000614s ]

[ 2017-02-06T22:42:14+08:00 ] ::1 /weibo/index.php/Home/LogReg/index.html
INFO: [ app_init ] --START--
INFO: Run Behavior\BuildLiteBehavior [ RunTime:0.000009s ]
INFO: [ app_init ] --END-- [ RunTime:0.000253s ]
INFO: [ app_begin ] --START--
INFO: Run Behavior\ReadHtmlCacheBehavior [ RunTime:0.000413s ]
INFO: [ app_begin ] --END-- [ RunTime:0.000445s ]
INFO: [ view_parse ] --START--
INFO: [ template_filter ] --START--
INFO: Run Behavior\ContentReplaceBehavior [ RunTime:0.000371s ]
INFO: [ template_filter ] --END-- [ RunTime:0.000408s ]
INFO: Run Behavior\ParseTemplateBehavior [ RunTime:0.024707s ]
INFO: [ view_parse ] --END-- [ RunTime:0.024746s ]
INFO: [ view_filter ] --START--
INFO: Run Behavior\WriteHtmlCacheBehavior [ RunTime:0.000286s ]
INFO: [ view_filter ] --END-- [ RunTime:0.000311s ]
INFO: [ app_end ] --START--
INFO: Run Behavior\ShowPageTraceBehavior [ RunTime:0.000575s ]
INFO: [ app_end ] --END-- [ RunTime:0.000603s ]

[ 2017-02-06T22:42:14+08:00 ] ::1 /weibo/index.php/Home/LogReg/verify.html
INFO: [ app_init ] --START--
INFO: Run Behavior\BuildLiteBehavior [ RunTime:0.000010s ]
INFO: [ app_init ] --END-- [ RunTime:0.000314s ]
INFO: [ app_begin ] --START--
INFO: Run Behavior\ReadHtmlCacheBehavior [ RunTime:0.000519s ]
INFO: [ app_begin ] --END-- [ RunTime:0.000554s ]
INFO: [ app_end ] --START--
INFO: Run Behavior\ShowPageTraceBehavior [ RunTime:0.000808s ]
INFO: [ app_end ] --END-- [ RunTime:0.000875s ]

[ 2017-02-06T22:42:19+08:00 ] ::1 /weibo/index.php/Home/LogReg/runLogin.html
INFO: [ app_init ] --START--
INFO: Run Behavior\BuildLiteBehavior [ RunTime:0.000011s ]
INFO: [ app_init ] --END-- [ RunTime:0.000279s ]
INFO: [ app_begin ] --START--
INFO: Run Behavior\ReadHtmlCacheBehavior [ RunTime:0.000421s ]
INFO: [ app_begin ] --END-- [ RunTime:0.000457s ]
SQL: SHOW COLUMNS FROM `ly_user` [ RunTime:0.0537s ]
SQL: SELECT * FROM `ly_user` WHERE `account` = 'admin' LIMIT 1   [ RunTime:0.0015s ]
INFO: [ view_parse ] --START--
INFO: [ template_filter ] --START--
INFO: Run Behavior\ContentReplaceBehavior [ RunTime:0.000036s ]
INFO: [ template_filter ] --END-- [ RunTime:0.000082s ]
INFO: Run Behavior\ParseTemplateBehavior [ RunTime:0.016006s ]
INFO: [ view_parse ] --END-- [ RunTime:0.016084s ]
INFO: [ view_filter ] --START--
INFO: Run Behavior\WriteHtmlCacheBehavior [ RunTime:0.000275s ]
INFO: [ view_filter ] --END-- [ RunTime:0.000310s ]
INFO: [ app_end ] --START--
INFO: Run Behavior\ShowPageTraceBehavior [ RunTime:0.000544s ]
INFO: [ app_end ] --END-- [ RunTime:0.000580s ]

[ 2017-02-06T22:42:21+08:00 ] ::1 /weibo/index.php/Home/Index/index.html
INFO: [ app_init ] --START--
INFO: Run Behavior\BuildLiteBehavior [ RunTime:0.000026s ]
INFO: [ app_init ] --END-- [ RunTime:0.000718s ]
INFO: [ app_begin ] --START--
INFO: Run Behavior\ReadHtmlCacheBehavior [ RunTime:0.001124s ]
INFO: [ app_begin ] --END-- [ RunTime:0.001213s ]
SQL: SHOW COLUMNS FROM `ly_user` [ RunTime:0.0211s ]
SQL: SELECT `account` FROM `ly_user` WHERE `id` = 1 LIMIT 1   [ RunTime:0.0007s ]
SQL: SHOW COLUMNS FROM `ly_userinfo` [ RunTime:0.0352s ]
SQL: SELECT `username`,`face180`,`face80`,`face50` FROM `ly_userinfo` WHERE `uid` = 1 LIMIT 1   [ RunTime:0.0006s ]
SQL: SHOW COLUMNS FROM `ly_follow` [ RunTime:0.0178s ]
SQL: SELECT `follow` FROM `ly_follow` WHERE `fans` = 1  [ RunTime:0.0003s ]
SQL: SHOW COLUMNS FROM `ly_tweet` [ RunTime:0.0166s ]
SQL: SELECT tweet.id AS id,tweet.content AS content,tweet.isturn AS isturn,tweet.time AS time,tweet.turn AS turn,tweet.collect AS collect,tweet.comment AS comment,tweet.pic AS pic,tweet.thumbpic AS thumbpic,tweet.uid AS uid,userinfo.username AS username,userinfo.sex AS sex,userinfo.face80 AS face FROM ly_tweet tweet LEFT JOIN ly_userinfo userinfo ON tweet.uid=userinfo.uid WHERE tweet.uid IN ('1','4','3','2') ORDER BY tweet.time DESC  [ RunTime:0.0023s ]
SQL: SELECT tweet.id AS id,tweet.content AS content,tweet.isturn AS isturn,tweet.time AS time,tweet.turn AS turn,tweet.collect AS collect,tweet.comment AS comment,tweet.pic AS pic,tweet.thumbpic AS thumbpic,tweet.uid AS uid,userinfo.username AS username,userinfo.sex AS sex,userinfo.face80 AS face FROM ly_tweet tweet LEFT JOIN ly_userinfo userinfo ON tweet.uid=userinfo.uid WHERE tweet.id = '72' LIMIT 1   [ RunTime:0.0007s ]
SQL: SELECT tweet.id AS id,tweet.content AS content,tweet.isturn AS isturn,tweet.time AS time,tweet.turn AS turn,tweet.collect AS collect,tweet.comment AS comment,tweet.pic AS pic,tweet.thumbpic AS thumbpic,tweet.uid AS uid,userinfo.username AS username,userinfo.sex AS sex,userinfo.face80 AS face FROM ly_tweet tweet LEFT JOIN ly_userinfo userinfo ON tweet.uid=userinfo.uid WHERE tweet.id = '0' LIMIT 1   [ RunTime:0.0004s ]
SQL: SELECT tweet.id AS id,tweet.content AS content,tweet.isturn AS isturn,tweet.time AS time,tweet.turn AS turn,tweet.collect AS collect,tweet.comment AS comment,tweet.pic AS pic,tweet.thumbpic AS thumbpic,tweet.uid AS uid,userinfo.username AS username,userinfo.sex AS sex,userinfo.face80 AS face FROM ly_tweet tweet LEFT JOIN ly_userinfo userinfo ON tweet.uid=userinfo.uid WHERE tweet.id = '0' LIMIT 1   [ RunTime:0.0003s ]
SQL: SELECT tweet.id AS id,tweet.content AS content,tweet.isturn AS isturn,tweet.time AS time,tweet.turn AS turn,tweet.collect AS collect,tweet.comment AS comment,tweet.pic AS pic,tweet.thumbpic AS thumbpic,tweet.uid AS uid,userinfo.username AS username,userinfo.sex AS sex,userinfo.face80 AS face FROM ly_tweet tweet LEFT JOIN ly_userinfo userinfo ON tweet.uid=userinfo.uid WHERE tweet.id = '0' LIMIT 1   [ RunTime:0.0003s ]
SQL: SELECT tweet.id AS id,tweet.content AS content,tweet.isturn AS isturn,tweet.time AS time,tweet.turn AS turn,tweet.collect AS collect,tweet.comment AS comment,tweet.pic AS pic,tweet.thumbpic AS thumbpic,tweet.uid AS uid,userinfo.username AS username,userinfo.sex AS sex,userinfo.face80 AS face FROM ly_tweet tweet LEFT JOIN ly_userinfo userinfo ON tweet.uid=userinfo.uid WHERE tweet.id = '0' LIMIT 1   [ RunTime:0.0002s ]
SQL: SELECT tweet.id AS id,tweet.content AS content,tweet.isturn AS isturn,tweet.time AS time,tweet.turn AS turn,tweet.collect AS collect,tweet.comment AS comment,tweet.pic AS pic,tweet.thumbpic AS thumbpic,tweet.uid AS uid,userinfo.username AS username,userinfo.sex AS sex,userinfo.face80 AS face FROM ly_tweet tweet LEFT JOIN ly_userinfo userinfo ON tweet.uid=userinfo.uid WHERE tweet.id = '59' LIMIT 1   [ RunTime:0.0003s ]
SQL: SELECT tweet.id AS id,tweet.content AS content,tweet.isturn AS isturn,tweet.time AS time,tweet.turn AS turn,tweet.collect AS collect,tweet.comment AS comment,tweet.pic AS pic,tweet.thumbpic AS thumbpic,tweet.uid AS uid,userinfo.username AS username,userinfo.sex AS sex,userinfo.face80 AS face FROM ly_tweet tweet LEFT JOIN ly_userinfo userinfo ON tweet.uid=userinfo.uid WHERE tweet.id = '0' LIMIT 1   [ RunTime:0.0002s ]
SQL: SELECT tweet.id AS id,tweet.content AS content,tweet.isturn AS isturn,tweet.time AS time,tweet.turn AS turn,tweet.collect AS collect,tweet.comment AS comment,tweet.pic AS pic,tweet.thumbpic AS thumbpic,tweet.uid AS uid,userinfo.username AS username,userinfo.sex AS sex,userinfo.face80 AS face FROM ly_tweet tweet LEFT JOIN ly_userinfo userinfo ON tweet.uid=userinfo.uid WHERE tweet.id = '59' LIMIT 1   [ RunTime:0.0002s ]
SQL: SELECT tweet.id AS id,tweet.content AS content,tweet.isturn AS isturn,tweet.time AS time,tweet.turn AS turn,tweet.collect AS collect,tweet.comment AS comment,tweet.pic AS pic,tweet.thumbpic AS thumbpic,tweet.uid AS uid,userinfo.username AS username,userinfo.sex AS sex,userinfo.face80 AS face FROM ly_tweet tweet LEFT JOIN ly_userinfo userinfo ON tweet.uid=userinfo.uid WHERE tweet.id = '58' LIMIT 1   [ RunTime:0.0002s ]
SQL: SELECT tweet.id AS id,tweet.content AS content,tweet.isturn AS isturn,tweet.time AS time,tweet.turn AS turn,tweet.collect AS collect,tweet.comment AS comment,tweet.pic AS pic,tweet.thumbpic AS thumbpic,tweet.uid AS uid,userinfo.username AS username,userinfo.sex AS sex,userinfo.face80 AS face FROM ly_tweet tweet LEFT JOIN ly_userinfo userinfo ON tweet.uid=userinfo.uid WHERE tweet.id = '0' LIMIT 1   [ RunTime:0.0001s ]
SQL: SELECT tweet.id AS id,tweet.content AS content,tweet.isturn AS isturn,tweet.time AS time,tweet.turn AS turn,tweet.collect AS collect,tweet.comment AS comment,tweet.pic AS pic,tweet.thumbpic AS thumbpic,tweet.uid AS uid,userinfo.username AS username,userinfo.sex AS sex,userinfo.face80 AS face FROM ly_tweet tweet LEFT JOIN ly_userinfo userinfo ON tweet.uid=userinfo.uid WHERE tweet.id = '0' LIMIT 1   [ RunTime:0.0001s ]
INFO: [ view_parse ] --START--
INFO: [ template_filter ] --START--
INFO: Run Behavior\ContentReplaceBehavior [ RunTime:0.000123s ]
INFO: [ template_filter ] --END-- [ RunTime:0.000184s ]
NOTIC: [8] Undefined variable: isLogin C:\Software\phpstudy\WWW\weibo\Runtime\Cache\Home\11cb243a745bf4d9fc992e0e2c0ee5cc.php 第 19 行.
NOTIC: [8] Undefined variable: userinfo C:\Software\phpstudy\WWW\weibo\Runtime\Cache\Home\11cb243a745bf4d9fc992e0e2c0ee5cc.php 第 20 行.
INFO: Run Behavior\ParseTemplateBehavior [ RunTime:0.086520s ]
INFO: [ view_parse ] --END-- [ RunTime:0.086555s ]
INFO: [ view_filter ] --START--
INFO: Run Behavior\WriteHtmlCacheBehavior [ RunTime:0.000247s ]
INFO: [ view_filter ] --END-- [ RunTime:0.000273s ]
INFO: [ app_end ] --START--
INFO: Run Behavior\ShowPageTraceBehavior [ RunTime:0.000586s ]
INFO: [ app_end ] --END-- [ RunTime:0.000626s ]

[ 2017-02-06T22:43:47+08:00 ] ::1 /weibo/index.php
INFO: [ app_init ] --START--
INFO: Run Behavior\BuildLiteBehavior [ RunTime:0.000009s ]
INFO: [ app_init ] --END-- [ RunTime:0.000265s ]
INFO: [ app_begin ] --START--
INFO: Run Behavior\ReadHtmlCacheBehavior [ RunTime:0.000411s ]
INFO: [ app_begin ] --END-- [ RunTime:0.000444s ]
SQL: SHOW COLUMNS FROM `ly_user` [ RunTime:0.0106s ]
SQL: SELECT `account` FROM `ly_user` WHERE `id` = 1 LIMIT 1   [ RunTime:0.0003s ]
SQL: SHOW COLUMNS FROM `ly_userinfo` [ RunTime:0.0066s ]
SQL: SELECT `username`,`face180`,`face80`,`face50` FROM `ly_userinfo` WHERE `uid` = 1 LIMIT 1   [ RunTime:0.0004s ]
SQL: SHOW COLUMNS FROM `ly_follow` [ RunTime:0.0084s ]
SQL: SELECT `follow` FROM `ly_follow` WHERE `fans` = 1  [ RunTime:0.0003s ]
SQL: SHOW COLUMNS FROM `ly_tweet` [ RunTime:0.0078s ]
SQL: SELECT tweet.id AS id,tweet.content AS content,tweet.isturn AS isturn,tweet.time AS time,tweet.turn AS turn,tweet.collect AS collect,tweet.comment AS comment,tweet.pic AS pic,tweet.thumbpic AS thumbpic,tweet.uid AS uid,userinfo.username AS username,userinfo.sex AS sex,userinfo.face80 AS face FROM ly_tweet tweet LEFT JOIN ly_userinfo userinfo ON tweet.uid=userinfo.uid WHERE tweet.uid IN ('1','4','3','2') ORDER BY tweet.time DESC  [ RunTime:0.0005s ]
SQL: SELECT tweet.id AS id,tweet.content AS content,tweet.isturn AS isturn,tweet.time AS time,tweet.turn AS turn,tweet.collect AS collect,tweet.comment AS comment,tweet.pic AS pic,tweet.thumbpic AS thumbpic,tweet.uid AS uid,userinfo.username AS username,userinfo.sex AS sex,userinfo.face80 AS face FROM ly_tweet tweet LEFT JOIN ly_userinfo userinfo ON tweet.uid=userinfo.uid WHERE tweet.id = '72' LIMIT 1   [ RunTime:0.0003s ]
SQL: SELECT tweet.id AS id,tweet.content AS content,tweet.isturn AS isturn,tweet.time AS time,tweet.turn AS turn,tweet.collect AS collect,tweet.comment AS comment,tweet.pic AS pic,tweet.thumbpic AS thumbpic,tweet.uid AS uid,userinfo.username AS username,userinfo.sex AS sex,userinfo.face80 AS face FROM ly_tweet tweet LEFT JOIN ly_userinfo userinfo ON tweet.uid=userinfo.uid WHERE tweet.id = '0' LIMIT 1   [ RunTime:0.0003s ]
SQL: SELECT tweet.id AS id,tweet.content AS content,tweet.isturn AS isturn,tweet.time AS time,tweet.turn AS turn,tweet.collect AS collect,tweet.comment AS comment,tweet.pic AS pic,tweet.thumbpic AS thumbpic,tweet.uid AS uid,userinfo.username AS username,userinfo.sex AS sex,userinfo.face80 AS face FROM ly_tweet tweet LEFT JOIN ly_userinfo userinfo ON tweet.uid=userinfo.uid WHERE tweet.id = '0' LIMIT 1   [ RunTime:0.0003s ]
SQL: SELECT tweet.id AS id,tweet.content AS content,tweet.isturn AS isturn,tweet.time AS time,tweet.turn AS turn,tweet.collect AS collect,tweet.comment AS comment,tweet.pic AS pic,tweet.thumbpic AS thumbpic,tweet.uid AS uid,userinfo.username AS username,userinfo.sex AS sex,userinfo.face80 AS face FROM ly_tweet tweet LEFT JOIN ly_userinfo userinfo ON tweet.uid=userinfo.uid WHERE tweet.id = '0' LIMIT 1   [ RunTime:0.0004s ]
SQL: SELECT tweet.id AS id,tweet.content AS content,tweet.isturn AS isturn,tweet.time AS time,tweet.turn AS turn,tweet.collect AS collect,tweet.comment AS comment,tweet.pic AS pic,tweet.thumbpic AS thumbpic,tweet.uid AS uid,userinfo.username AS username,userinfo.sex AS sex,userinfo.face80 AS face FROM ly_tweet tweet LEFT JOIN ly_userinfo userinfo ON tweet.uid=userinfo.uid WHERE tweet.id = '0' LIMIT 1   [ RunTime:0.0003s ]
SQL: SELECT tweet.id AS id,tweet.content AS content,tweet.isturn AS isturn,tweet.time AS time,tweet.turn AS turn,tweet.collect AS collect,tweet.comment AS comment,tweet.pic AS pic,tweet.thumbpic AS thumbpic,tweet.uid AS uid,userinfo.username AS username,userinfo.sex AS sex,userinfo.face80 AS face FROM ly_tweet tweet LEFT JOIN ly_userinfo userinfo ON tweet.uid=userinfo.uid WHERE tweet.id = '59' LIMIT 1   [ RunTime:0.0003s ]
SQL: SELECT tweet.id AS id,tweet.content AS content,tweet.isturn AS isturn,tweet.time AS time,tweet.turn AS turn,tweet.collect AS collect,tweet.comment AS comment,tweet.pic AS pic,tweet.thumbpic AS thumbpic,tweet.uid AS uid,userinfo.username AS username,userinfo.sex AS sex,userinfo.face80 AS face FROM ly_tweet tweet LEFT JOIN ly_userinfo userinfo ON tweet.uid=userinfo.uid WHERE tweet.id = '0' LIMIT 1   [ RunTime:0.0003s ]
SQL: SELECT tweet.id AS id,tweet.content AS content,tweet.isturn AS isturn,tweet.time AS time,tweet.turn AS turn,tweet.collect AS collect,tweet.comment AS comment,tweet.pic AS pic,tweet.thumbpic AS thumbpic,tweet.uid AS uid,userinfo.username AS username,userinfo.sex AS sex,userinfo.face80 AS face FROM ly_tweet tweet LEFT JOIN ly_userinfo userinfo ON tweet.uid=userinfo.uid WHERE tweet.id = '59' LIMIT 1   [ RunTime:0.0003s ]
SQL: SELECT tweet.id AS id,tweet.content AS content,tweet.isturn AS isturn,tweet.time AS time,tweet.turn AS turn,tweet.collect AS collect,tweet.comment AS comment,tweet.pic AS pic,tweet.thumbpic AS thumbpic,tweet.uid AS uid,userinfo.username AS username,userinfo.sex AS sex,userinfo.face80 AS face FROM ly_tweet tweet LEFT JOIN ly_userinfo userinfo ON tweet.uid=userinfo.uid WHERE tweet.id = '58' LIMIT 1   [ RunTime:0.0003s ]
SQL: SELECT tweet.id AS id,tweet.content AS content,tweet.isturn AS isturn,tweet.time AS time,tweet.turn AS turn,tweet.collect AS collect,tweet.comment AS comment,tweet.pic AS pic,tweet.thumbpic AS thumbpic,tweet.uid AS uid,userinfo.username AS username,userinfo.sex AS sex,userinfo.face80 AS face FROM ly_tweet tweet LEFT JOIN ly_userinfo userinfo ON tweet.uid=userinfo.uid WHERE tweet.id = '0' LIMIT 1   [ RunTime:0.0003s ]
SQL: SELECT tweet.id AS id,tweet.content AS content,tweet.isturn AS isturn,tweet.time AS time,tweet.turn AS turn,tweet.collect AS collect,tweet.comment AS comment,tweet.pic AS pic,tweet.thumbpic AS thumbpic,tweet.uid AS uid,userinfo.username AS username,userinfo.sex AS sex,userinfo.face80 AS face FROM ly_tweet tweet LEFT JOIN ly_userinfo userinfo ON tweet.uid=userinfo.uid WHERE tweet.id = '0' LIMIT 1   [ RunTime:0.0003s ]
INFO: [ view_parse ] --START--
INFO: [ template_filter ] --START--
INFO: Run Behavior\ContentReplaceBehavior [ RunTime:0.000106s ]
INFO: [ template_filter ] --END-- [ RunTime:0.000144s ]
NOTIC: [8] Undefined variable: isLogin C:\Software\phpstudy\WWW\weibo\Runtime\Cache\Home\11cb243a745bf4d9fc992e0e2c0ee5cc.php 第 19 行.
NOTIC: [8] Undefined variable: userinfo C:\Software\phpstudy\WWW\weibo\Runtime\Cache\Home\11cb243a745bf4d9fc992e0e2c0ee5cc.php 第 20 行.
INFO: Run Behavior\ParseTemplateBehavior [ RunTime:0.081170s ]
INFO: [ view_parse ] --END-- [ RunTime:0.081206s ]
INFO: [ view_filter ] --START--
INFO: Run Behavior\WriteHtmlCacheBehavior [ RunTime:0.000198s ]
INFO: [ view_filter ] --END-- [ RunTime:0.000223s ]
INFO: [ app_end ] --START--
INFO: Run Behavior\ShowPageTraceBehavior [ RunTime:0.000572s ]
INFO: [ app_end ] --END-- [ RunTime:0.000614s ]

[ 2017-02-06T22:43:58+08:00 ] ::1 /weibo/index.php/Home/Index/getComment.html
INFO: [ app_init ] --START--
INFO: Run Behavior\BuildLiteBehavior [ RunTime:0.000018s ]
INFO: [ app_init ] --END-- [ RunTime:0.000487s ]
INFO: [ app_begin ] --START--
INFO: Run Behavior\ReadHtmlCacheBehavior [ RunTime:0.000478s ]
INFO: [ app_begin ] --END-- [ RunTime:0.000513s ]
SQL: SHOW COLUMNS FROM `ly_user` [ RunTime:0.0177s ]
SQL: SELECT `account` FROM `ly_user` WHERE `id` = 1 LIMIT 1   [ RunTime:0.0005s ]
SQL: SHOW COLUMNS FROM `ly_userinfo` [ RunTime:0.0125s ]
SQL: SELECT `username`,`face180`,`face80`,`face50` FROM `ly_userinfo` WHERE `uid` = 1 LIMIT 1   [ RunTime:0.0007s ]
SQL: SHOW COLUMNS FROM `ly_comment` [ RunTime:0.0222s ]
SQL: SELECT comment.id AS id,comment.content AS content,comment.time AS time,comment.wid AS wid,userinfo.username AS username,userinfo.face80 AS face,userinfo.uid AS uid FROM ly_comment comment LEFT JOIN ly_userinfo userinfo ON comment.uid=userinfo.uid WHERE comment.wid = 70 ORDER BY comment.time DESC  [ RunTime:0.0005s ]

[ 2017-02-06T22:44:02+08:00 ] ::1 /weibo/index.php/Home/Index/getComment.html
INFO: [ app_init ] --START--
INFO: Run Behavior\BuildLiteBehavior [ RunTime:0.000010s ]
INFO: [ app_init ] --END-- [ RunTime:0.000263s ]
INFO: [ app_begin ] --START--
INFO: Run Behavior\ReadHtmlCacheBehavior [ RunTime:0.000407s ]
INFO: [ app_begin ] --END-- [ RunTime:0.000437s ]
SQL: SHOW COLUMNS FROM `ly_user` [ RunTime:0.0168s ]
SQL: SELECT `account` FROM `ly_user` WHERE `id` = 1 LIMIT 1   [ RunTime:0.0004s ]
SQL: SHOW COLUMNS FROM `ly_userinfo` [ RunTime:0.0096s ]
SQL: SELECT `username`,`face180`,`face80`,`face50` FROM `ly_userinfo` WHERE `uid` = 1 LIMIT 1   [ RunTime:0.0004s ]
SQL: SHOW COLUMNS FROM `ly_comment` [ RunTime:0.0060s ]
SQL: SELECT comment.id AS id,comment.content AS content,comment.time AS time,comment.wid AS wid,userinfo.username AS username,userinfo.face80 AS face,userinfo.uid AS uid FROM ly_comment comment LEFT JOIN ly_userinfo userinfo ON comment.uid=userinfo.uid WHERE comment.wid = 69 ORDER BY comment.time DESC  [ RunTime:0.0004s ]

[ 2017-02-06T22:44:23+08:00 ] ::1 /weibo/index.php/Home/UserSetting/index.html
INFO: [ app_init ] --START--
INFO: Run Behavior\BuildLiteBehavior [ RunTime:0.000010s ]
INFO: [ app_init ] --END-- [ RunTime:0.000291s ]
INFO: [ app_begin ] --START--
INFO: Run Behavior\ReadHtmlCacheBehavior [ RunTime:0.000492s ]
INFO: [ app_begin ] --END-- [ RunTime:0.000526s ]
SQL: SHOW COLUMNS FROM `ly_user` [ RunTime:0.0266s ]
SQL: SELECT `account` FROM `ly_user` WHERE `id` = 1 LIMIT 1   [ RunTime:0.0005s ]
SQL: SHOW COLUMNS FROM `ly_userinfo` [ RunTime:0.0102s ]
SQL: SELECT `username`,`face180`,`face80`,`face50` FROM `ly_userinfo` WHERE `uid` = 1 LIMIT 1   [ RunTime:0.0005s ]
SQL: SELECT * FROM `ly_userinfo` WHERE `uid` = 1 LIMIT 1   [ RunTime:0.0005s ]
INFO: [ view_parse ] --START--
INFO: [ template_filter ] --START--
INFO: Run Behavior\ContentReplaceBehavior [ RunTime:0.000162s ]
INFO: [ template_filter ] --END-- [ RunTime:0.000238s ]
NOTIC: [8] Undefined variable: isLogin C:\Software\phpstudy\WWW\weibo\Runtime\Cache\Home\035c2a604e691723077c52316292bd2a.php 第 19 行.
INFO: Run Behavior\ParseTemplateBehavior [ RunTime:0.042405s ]
INFO: [ view_parse ] --END-- [ RunTime:0.042479s ]
INFO: [ view_filter ] --START--
INFO: Run Behavior\WriteHtmlCacheBehavior [ RunTime:0.000305s ]
INFO: [ view_filter ] --END-- [ RunTime:0.000336s ]
INFO: [ app_end ] --START--
INFO: Run Behavior\ShowPageTraceBehavior [ RunTime:0.000685s ]
INFO: [ app_end ] --END-- [ RunTime:0.000729s ]

[ 2017-02-06T22:44:26+08:00 ] ::1 /weibo/index.php/Home/UserSetting/
INFO: [ app_init ] --START--
INFO: Run Behavior\BuildLiteBehavior [ RunTime:0.000013s ]
INFO: [ app_init ] --END-- [ RunTime:0.000292s ]
INFO: [ app_begin ] --START--
INFO: Run Behavior\ReadHtmlCacheBehavior [ RunTime:0.000453s ]
INFO: [ app_begin ] --END-- [ RunTime:0.000494s ]
SQL: SHOW COLUMNS FROM `ly_user` [ RunTime:0.0226s ]
SQL: SELECT `account` FROM `ly_user` WHERE `id` = 1 LIMIT 1   [ RunTime:0.0006s ]
SQL: SHOW COLUMNS FROM `ly_userinfo` [ RunTime:0.0172s ]
SQL: SELECT `username`,`face180`,`face80`,`face50` FROM `ly_userinfo` WHERE `uid` = 1 LIMIT 1   [ RunTime:0.0004s ]
SQL: SELECT * FROM `ly_userinfo` WHERE `uid` = 1 LIMIT 1   [ RunTime:0.0004s ]
INFO: [ view_parse ] --START--
INFO: [ template_filter ] --START--
INFO: Run Behavior\ContentReplaceBehavior [ RunTime:0.000104s ]
INFO: [ template_filter ] --END-- [ RunTime:0.000156s ]
NOTIC: [8] Undefined variable: isLogin C:\Software\phpstudy\WWW\weibo\Runtime\Cache\Home\035c2a604e691723077c52316292bd2a.php 第 19 行.
INFO: Run Behavior\ParseTemplateBehavior [ RunTime:0.039513s ]
INFO: [ view_parse ] --END-- [ RunTime:0.039574s ]
INFO: [ view_filter ] --START--
INFO: Run Behavior\WriteHtmlCacheBehavior [ RunTime:0.000383s ]
INFO: [ view_filter ] --END-- [ RunTime:0.000413s ]
INFO: [ app_end ] --START--
INFO: Run Behavior\ShowPageTraceBehavior [ RunTime:0.000529s ]
INFO: [ app_end ] --END-- [ RunTime:0.000563s ]

[ 2017-02-06T22:44:28+08:00 ] ::1 /weibo/index.php
INFO: [ app_init ] --START--
INFO: Run Behavior\BuildLiteBehavior [ RunTime:0.000010s ]
INFO: [ app_init ] --END-- [ RunTime:0.000265s ]
INFO: [ app_begin ] --START--
INFO: Run Behavior\ReadHtmlCacheBehavior [ RunTime:0.000423s ]
INFO: [ app_begin ] --END-- [ RunTime:0.000456s ]
SQL: SHOW COLUMNS FROM `ly_user` [ RunTime:0.0139s ]
SQL: SELECT `account` FROM `ly_user` WHERE `id` = 1 LIMIT 1   [ RunTime:0.0004s ]
SQL: SHOW COLUMNS FROM `ly_userinfo` [ RunTime:0.0094s ]
SQL: SELECT `username`,`face180`,`face80`,`face50` FROM `ly_userinfo` WHERE `uid` = 1 LIMIT 1   [ RunTime:0.0003s ]
SQL: SHOW COLUMNS FROM `ly_follow` [ RunTime:0.0063s ]
SQL: SELECT `follow` FROM `ly_follow` WHERE `fans` = 1  [ RunTime:0.0004s ]
SQL: SHOW COLUMNS FROM `ly_tweet` [ RunTime:0.0067s ]
SQL: SELECT tweet.id AS id,tweet.content AS content,tweet.isturn AS isturn,tweet.time AS time,tweet.turn AS turn,tweet.collect AS collect,tweet.comment AS comment,tweet.pic AS pic,tweet.thumbpic AS thumbpic,tweet.uid AS uid,userinfo.username AS username,userinfo.sex AS sex,userinfo.face80 AS face FROM ly_tweet tweet LEFT JOIN ly_userinfo userinfo ON tweet.uid=userinfo.uid WHERE tweet.uid IN ('1','4','3','2') ORDER BY tweet.time DESC  [ RunTime:0.0005s ]
SQL: SELECT tweet.id AS id,tweet.content AS content,tweet.isturn AS isturn,tweet.time AS time,tweet.turn AS turn,tweet.collect AS collect,tweet.comment AS comment,tweet.pic AS pic,tweet.thumbpic AS thumbpic,tweet.uid AS uid,userinfo.username AS username,userinfo.sex AS sex,userinfo.face80 AS face FROM ly_tweet tweet LEFT JOIN ly_userinfo userinfo ON tweet.uid=userinfo.uid WHERE tweet.id = '72' LIMIT 1   [ RunTime:0.0003s ]
SQL: SELECT tweet.id AS id,tweet.content AS content,tweet.isturn AS isturn,tweet.time AS time,tweet.turn AS turn,tweet.collect AS collect,tweet.comment AS comment,tweet.pic AS pic,tweet.thumbpic AS thumbpic,tweet.uid AS uid,userinfo.username AS username,userinfo.sex AS sex,userinfo.face80 AS face FROM ly_tweet tweet LEFT JOIN ly_userinfo userinfo ON tweet.uid=userinfo.uid WHERE tweet.id = '0' LIMIT 1   [ RunTime:0.0002s ]
SQL: SELECT tweet.id AS id,tweet.content AS content,tweet.isturn AS isturn,tweet.time AS time,tweet.turn AS turn,tweet.collect AS collect,tweet.comment AS comment,tweet.pic AS pic,tweet.thumbpic AS thumbpic,tweet.uid AS uid,userinfo.username AS username,userinfo.sex AS sex,userinfo.face80 AS face FROM ly_tweet tweet LEFT JOIN ly_userinfo userinfo ON tweet.uid=userinfo.uid WHERE tweet.id = '0' LIMIT 1   [ RunTime:0.0003s ]
SQL: SELECT tweet.id AS id,tweet.content AS content,tweet.isturn AS isturn,tweet.time AS time,tweet.turn AS turn,tweet.collect AS collect,tweet.comment AS comment,tweet.pic AS pic,tweet.thumbpic AS thumbpic,tweet.uid AS uid,userinfo.username AS username,userinfo.sex AS sex,userinfo.face80 AS face FROM ly_tweet tweet LEFT JOIN ly_userinfo userinfo ON tweet.uid=userinfo.uid WHERE tweet.id = '0' LIMIT 1   [ RunTime:0.0003s ]
SQL: SELECT tweet.id AS id,tweet.content AS content,tweet.isturn AS isturn,tweet.time AS time,tweet.turn AS turn,tweet.collect AS collect,tweet.comment AS comment,tweet.pic AS pic,tweet.thumbpic AS thumbpic,tweet.uid AS uid,userinfo.username AS username,userinfo.sex AS sex,userinfo.face80 AS face FROM ly_tweet tweet LEFT JOIN ly_userinfo userinfo ON tweet.uid=userinfo.uid WHERE tweet.id = '0' LIMIT 1   [ RunTime:0.0004s ]
SQL: SELECT tweet.id AS id,tweet.content AS content,tweet.isturn AS isturn,tweet.time AS time,tweet.turn AS turn,tweet.collect AS collect,tweet.comment AS comment,tweet.pic AS pic,tweet.thumbpic AS thumbpic,tweet.uid AS uid,userinfo.username AS username,userinfo.sex AS sex,userinfo.face80 AS face FROM ly_tweet tweet LEFT JOIN ly_userinfo userinfo ON tweet.uid=userinfo.uid WHERE tweet.id = '59' LIMIT 1   [ RunTime:0.0004s ]
SQL: SELECT tweet.id AS id,tweet.content AS content,tweet.isturn AS isturn,tweet.time AS time,tweet.turn AS turn,tweet.collect AS collect,tweet.comment AS comment,tweet.pic AS pic,tweet.thumbpic AS thumbpic,tweet.uid AS uid,userinfo.username AS username,userinfo.sex AS sex,userinfo.face80 AS face FROM ly_tweet tweet LEFT JOIN ly_userinfo userinfo ON tweet.uid=userinfo.uid WHERE tweet.id = '0' LIMIT 1   [ RunTime:0.0004s ]
SQL: SELECT tweet.id AS id,tweet.content AS content,tweet.isturn AS isturn,tweet.time AS time,tweet.turn AS turn,tweet.collect AS collect,tweet.comment AS comment,tweet.pic AS pic,tweet.thumbpic AS thumbpic,tweet.uid AS uid,userinfo.username AS username,userinfo.sex AS sex,userinfo.face80 AS face FROM ly_tweet tweet LEFT JOIN ly_userinfo userinfo ON tweet.uid=userinfo.uid WHERE tweet.id = '59' LIMIT 1   [ RunTime:0.0004s ]
SQL: SELECT tweet.id AS id,tweet.content AS content,tweet.isturn AS isturn,tweet.time AS time,tweet.turn AS turn,tweet.collect AS collect,tweet.comment AS comment,tweet.pic AS pic,tweet.thumbpic AS thumbpic,tweet.uid AS uid,userinfo.username AS username,userinfo.sex AS sex,userinfo.face80 AS face FROM ly_tweet tweet LEFT JOIN ly_userinfo userinfo ON tweet.uid=userinfo.uid WHERE tweet.id = '58' LIMIT 1   [ RunTime:0.0004s ]
SQL: SELECT tweet.id AS id,tweet.content AS content,tweet.isturn AS isturn,tweet.time AS time,tweet.turn AS turn,tweet.collect AS collect,tweet.comment AS comment,tweet.pic AS pic,tweet.thumbpic AS thumbpic,tweet.uid AS uid,userinfo.username AS username,userinfo.sex AS sex,userinfo.face80 AS face FROM ly_tweet tweet LEFT JOIN ly_userinfo userinfo ON tweet.uid=userinfo.uid WHERE tweet.id = '0' LIMIT 1   [ RunTime:0.0004s ]
SQL: SELECT tweet.id AS id,tweet.content AS content,tweet.isturn AS isturn,tweet.time AS time,tweet.turn AS turn,tweet.collect AS collect,tweet.comment AS comment,tweet.pic AS pic,tweet.thumbpic AS thumbpic,tweet.uid AS uid,userinfo.username AS username,userinfo.sex AS sex,userinfo.face80 AS face FROM ly_tweet tweet LEFT JOIN ly_userinfo userinfo ON tweet.uid=userinfo.uid WHERE tweet.id = '0' LIMIT 1   [ RunTime:0.0004s ]
INFO: [ view_parse ] --START--
INFO: [ template_filter ] --START--
INFO: Run Behavior\ContentReplaceBehavior [ RunTime:0.000110s ]
INFO: [ template_filter ] --END-- [ RunTime:0.000150s ]
NOTIC: [8] Undefined variable: isLogin C:\Software\phpstudy\WWW\weibo\Runtime\Cache\Home\11cb243a745bf4d9fc992e0e2c0ee5cc.php 第 19 行.
NOTIC: [8] Undefined variable: userinfo C:\Software\phpstudy\WWW\weibo\Runtime\Cache\Home\11cb243a745bf4d9fc992e0e2c0ee5cc.php 第 20 行.
INFO: Run Behavior\ParseTemplateBehavior [ RunTime:0.080625s ]
INFO: [ view_parse ] --END-- [ RunTime:0.080665s ]
INFO: [ view_filter ] --START--
INFO: Run Behavior\WriteHtmlCacheBehavior [ RunTime:0.000451s ]
INFO: [ view_filter ] --END-- [ RunTime:0.000520s ]
INFO: [ app_end ] --START--
INFO: Run Behavior\ShowPageTraceBehavior [ RunTime:0.000705s ]
INFO: [ app_end ] --END-- [ RunTime:0.000831s ]

[ 2017-02-06T22:44:51+08:00 ] ::1 /weibo/index.php/Home/Index/getComment.html
INFO: [ app_init ] --START--
INFO: Run Behavior\BuildLiteBehavior [ RunTime:0.000012s ]
INFO: [ app_init ] --END-- [ RunTime:0.000283s ]
INFO: [ app_begin ] --START--
INFO: Run Behavior\ReadHtmlCacheBehavior [ RunTime:0.000550s ]
INFO: [ app_begin ] --END-- [ RunTime:0.000586s ]
SQL: SHOW COLUMNS FROM `ly_user` [ RunTime:0.0230s ]
SQL: SELECT `account` FROM `ly_user` WHERE `id` = 1 LIMIT 1   [ RunTime:0.0005s ]
SQL: SHOW COLUMNS FROM `ly_userinfo` [ RunTime:0.0139s ]
SQL: SELECT `username`,`face180`,`face80`,`face50` FROM `ly_userinfo` WHERE `uid` = 1 LIMIT 1   [ RunTime:0.0006s ]
SQL: SHOW COLUMNS FROM `ly_comment` [ RunTime:0.0076s ]
SQL: SELECT comment.id AS id,comment.content AS content,comment.time AS time,comment.wid AS wid,userinfo.username AS username,userinfo.face80 AS face,userinfo.uid AS uid FROM ly_comment comment LEFT JOIN ly_userinfo userinfo ON comment.uid=userinfo.uid WHERE comment.wid = 68 ORDER BY comment.time DESC  [ RunTime:0.0004s ]

[ 2017-02-06T22:45:38+08:00 ] ::1 /weibo/index.php/Home/Search/searchUser.html?searching=admin
INFO: [ app_init ] --START--
INFO: Run Behavior\BuildLiteBehavior [ RunTime:0.000010s ]
INFO: [ app_init ] --END-- [ RunTime:0.000271s ]
INFO: [ app_begin ] --START--
INFO: Run Behavior\ReadHtmlCacheBehavior [ RunTime:0.000415s ]
INFO: [ app_begin ] --END-- [ RunTime:0.000450s ]
SQL: SHOW COLUMNS FROM `ly_user` [ RunTime:0.0107s ]
SQL: SELECT `account` FROM `ly_user` WHERE `id` = 1 LIMIT 1   [ RunTime:0.0005s ]
SQL: SHOW COLUMNS FROM `ly_userinfo` [ RunTime:0.0101s ]
SQL: SELECT `username`,`face180`,`face80`,`face50` FROM `ly_userinfo` WHERE `uid` = 1 LIMIT 1   [ RunTime:0.0006s ]
SQL: SELECT COUNT(id) AS tp_count FROM `ly_userinfo` WHERE `username` LIKE '%admin%' AND `uid` <> '1' LIMIT 1   [ RunTime:0.0006s ]
SQL: SELECT * FROM `ly_userinfo` WHERE `username` LIKE '%admin%' AND `uid` <> '1' LIMIT 0,4   [ RunTime:0.0004s ]
SQL: SHOW COLUMNS FROM `ly_follow` [ RunTime:0.0101s ]
SQL: (SELECT `follow` FROM `ly_follow` WHERE `follow` = 3 AND `fans` = 1) 
            UNION (SELECT `follow` FROM `ly_follow` WHERE `follow` = 1 AND `fans` = 3) [ RunTime:0.0010s ]
SQL: (SELECT `follow` FROM `ly_follow` WHERE `follow` = 4 AND `fans` = 1) 
            UNION (SELECT `follow` FROM `ly_follow` WHERE `follow` = 1 AND `fans` = 4) [ RunTime:0.0003s ]
SQL: (SELECT `follow` FROM `ly_follow` WHERE `follow` = 5 AND `fans` = 1) 
            UNION (SELECT `follow` FROM `ly_follow` WHERE `follow` = 1 AND `fans` = 5) [ RunTime:0.0002s ]
SQL: SELECT COUNT(*) AS tp_count FROM `ly_follow` WHERE `follow` = 5 AND `fans` = 1 LIMIT 1   [ RunTime:0.0002s ]
SQL: (SELECT `follow` FROM `ly_follow` WHERE `follow` = 6 AND `fans` = 1) 
            UNION (SELECT `follow` FROM `ly_follow` WHERE `follow` = 1 AND `fans` = 6) [ RunTime:0.0002s ]
SQL: SELECT COUNT(*) AS tp_count FROM `ly_follow` WHERE `follow` = 6 AND `fans` = 1 LIMIT 1   [ RunTime:0.0001s ]
SQL: SHOW COLUMNS FROM `ly_group` [ RunTime:0.0182s ]
SQL: SELECT * FROM `ly_group` WHERE `uid` = 1 ORDER BY id asc  [ RunTime:0.0006s ]
INFO: [ view_parse ] --START--
INFO: [ template_filter ] --START--
INFO: Run Behavior\ContentReplaceBehavior [ RunTime:0.000153s ]
INFO: [ template_filter ] --END-- [ RunTime:0.000191s ]
NOTIC: [8] Undefined variable: isLogin C:\Software\phpstudy\WWW\weibo\Runtime\Cache\Home\ed582d10979af6dc62d289d246099c13.php 第 19 行.
NOTIC: [8] Undefined variable: userinfo C:\Software\phpstudy\WWW\weibo\Runtime\Cache\Home\ed582d10979af6dc62d289d246099c13.php 第 20 行.
NOTIC: [8] Undefined index: followStats C:\Software\phpstudy\WWW\weibo\Runtime\Cache\Home\ed582d10979af6dc62d289d246099c13.php 第 165 行.
NOTIC: [8] Undefined index: followStats C:\Software\phpstudy\WWW\weibo\Runtime\Cache\Home\ed582d10979af6dc62d289d246099c13.php 第 166 行.
NOTIC: [8] Undefined index: followStats C:\Software\phpstudy\WWW\weibo\Runtime\Cache\Home\ed582d10979af6dc62d289d246099c13.php 第 165 行.
NOTIC: [8] Undefined index: followStats C:\Software\phpstudy\WWW\weibo\Runtime\Cache\Home\ed582d10979af6dc62d289d246099c13.php 第 166 行.
INFO: Run Behavior\ParseTemplateBehavior [ RunTime:0.049648s ]
INFO: [ view_parse ] --END-- [ RunTime:0.049695s ]
INFO: [ view_filter ] --START--
INFO: Run Behavior\WriteHtmlCacheBehavior [ RunTime:0.000196s ]
INFO: [ view_filter ] --END-- [ RunTime:0.000222s ]
INFO: [ app_end ] --START--
INFO: Run Behavior\ShowPageTraceBehavior [ RunTime:0.000508s ]
INFO: [ app_end ] --END-- [ RunTime:0.000554s ]

