[ 2017-01-31T14:06:01+08:00 ] ::1 /weibo/
INFO: [ app_init ] --START--
INFO: Run Behavior\BuildLiteBehavior [ RunTime:0.000000s ]
INFO: [ app_init ] --END-- [ RunTime:0.016000s ]
INFO: [ app_begin ] --START--
INFO: Run Behavior\ReadHtmlCacheBehavior [ RunTime:0.001000s ]
INFO: [ app_begin ] --END-- [ RunTime:0.001000s ]

[ 2017-01-31T14:06:01+08:00 ] ::1 /weibo/index.php/Home/LogReg/index.html
INFO: [ app_init ] --START--
INFO: Run Behavior\BuildLiteBehavior [ RunTime:0.000000s ]
INFO: [ app_init ] --END-- [ RunTime:0.000000s ]
INFO: [ app_begin ] --START--
INFO: Run Behavior\ReadHtmlCacheBehavior [ RunTime:0.000000s ]
INFO: [ app_begin ] --END-- [ RunTime:0.000000s ]
INFO: [ view_parse ] --START--
INFO: [ template_filter ] --START--
INFO: Run Behavior\ContentReplaceBehavior [ RunTime:0.001000s ]
INFO: [ template_filter ] --END-- [ RunTime:0.001000s ]
INFO: Run Behavior\ParseTemplateBehavior [ RunTime:0.038000s ]
INFO: [ view_parse ] --END-- [ RunTime:0.038000s ]
INFO: [ view_filter ] --START--
INFO: Run Behavior\WriteHtmlCacheBehavior [ RunTime:0.007000s ]
INFO: [ view_filter ] --END-- [ RunTime:0.007000s ]
INFO: [ app_end ] --START--
INFO: Run Behavior\ShowPageTraceBehavior [ RunTime:0.001000s ]
INFO: [ app_end ] --END-- [ RunTime:0.001000s ]

[ 2017-01-31T14:06:02+08:00 ] ::1 /weibo/index.php/Home/LogReg/verify.html
INFO: [ app_init ] --START--
INFO: Run Behavior\BuildLiteBehavior [ RunTime:0.000000s ]
INFO: [ app_init ] --END-- [ RunTime:0.001000s ]
INFO: [ app_begin ] --START--
INFO: Run Behavior\ReadHtmlCacheBehavior [ RunTime:0.001000s ]
INFO: [ app_begin ] --END-- [ RunTime:0.001000s ]
INFO: [ app_end ] --START--
INFO: Run Behavior\ShowPageTraceBehavior [ RunTime:0.001000s ]
INFO: [ app_end ] --END-- [ RunTime:0.001000s ]

[ 2017-01-31T14:06:06+08:00 ] ::1 /weibo/index.php/Home/LogReg/runLogin.html
INFO: [ app_init ] --START--
INFO: Run Behavior\BuildLiteBehavior [ RunTime:0.000000s ]
INFO: [ app_init ] --END-- [ RunTime:0.000000s ]
INFO: [ app_begin ] --START--
INFO: Run Behavior\ReadHtmlCacheBehavior [ RunTime:0.000000s ]
INFO: [ app_begin ] --END-- [ RunTime:0.000000s ]
SQL: SHOW COLUMNS FROM `ly_user` [ RunTime:0.0050s ]
SQL: SELECT * FROM `ly_user` WHERE `account` = 'admin' LIMIT 1   [ RunTime:0.0010s ]
INFO: [ view_parse ] --START--
INFO: [ template_filter ] --START--
INFO: Run Behavior\ContentReplaceBehavior [ RunTime:0.000000s ]
INFO: [ template_filter ] --END-- [ RunTime:0.000000s ]
INFO: Run Behavior\ParseTemplateBehavior [ RunTime:0.022000s ]
INFO: [ view_parse ] --END-- [ RunTime:0.022000s ]
INFO: [ view_filter ] --START--
INFO: Run Behavior\WriteHtmlCacheBehavior [ RunTime:0.000000s ]
INFO: [ view_filter ] --END-- [ RunTime:0.000000s ]
INFO: [ app_end ] --START--
INFO: Run Behavior\ShowPageTraceBehavior [ RunTime:0.000000s ]
INFO: [ app_end ] --END-- [ RunTime:0.000000s ]

[ 2017-01-31T14:06:08+08:00 ] ::1 /weibo/index.php/Home/Index/index.html
INFO: [ app_init ] --START--
INFO: Run Behavior\BuildLiteBehavior [ RunTime:0.000000s ]
INFO: [ app_init ] --END-- [ RunTime:0.000000s ]
INFO: [ app_begin ] --START--
INFO: Run Behavior\ReadHtmlCacheBehavior [ RunTime:0.001000s ]
INFO: [ app_begin ] --END-- [ RunTime:0.001000s ]
SQL: SHOW COLUMNS FROM `ly_user` [ RunTime:0.0050s ]
SQL: SELECT `account` FROM `ly_user` WHERE `id` = 1 LIMIT 1   [ RunTime:0.0000s ]
SQL: SHOW COLUMNS FROM `ly_userinfo` [ RunTime:0.0040s ]
SQL: SELECT `username`,`face180`,`face80`,`face50` FROM `ly_userinfo` WHERE `uid` = 1 LIMIT 1   [ RunTime:0.0000s ]
SQL: SHOW COLUMNS FROM `ly_follow` [ RunTime:0.0040s ]
SQL: SELECT `follow` FROM `ly_follow` WHERE `fans` = 1  [ RunTime:0.0010s ]
SQL: SHOW COLUMNS FROM `ly_tweet` [ RunTime:0.0050s ]
SQL: SELECT tweet.id AS id,tweet.content AS content,tweet.isturn AS isturn,tweet.time AS time,tweet.turn AS turn,tweet.collect AS collect,tweet.comment AS comment,tweet.pic AS pic,tweet.thumbpic AS thumbpic,tweet.uid AS uid,userinfo.username AS username,userinfo.sex AS sex,userinfo.face80 AS face FROM ly_tweet tweet LEFT JOIN ly_userinfo userinfo ON tweet.uid=userinfo.uid WHERE tweet.uid IN ('1','4','3','2') ORDER BY tweet.time DESC  [ RunTime:0.0000s ]
SQL: SELECT tweet.id AS id,tweet.content AS content,tweet.isturn AS isturn,tweet.time AS time,tweet.turn AS turn,tweet.collect AS collect,tweet.comment AS comment,tweet.pic AS pic,tweet.thumbpic AS thumbpic,tweet.uid AS uid,userinfo.username AS username,userinfo.sex AS sex,userinfo.face80 AS face FROM ly_tweet tweet LEFT JOIN ly_userinfo userinfo ON tweet.uid=userinfo.uid WHERE tweet.id = '0' LIMIT 1   [ RunTime:0.0010s ]
SQL: SELECT tweet.id AS id,tweet.content AS content,tweet.isturn AS isturn,tweet.time AS time,tweet.turn AS turn,tweet.collect AS collect,tweet.comment AS comment,tweet.pic AS pic,tweet.thumbpic AS thumbpic,tweet.uid AS uid,userinfo.username AS username,userinfo.sex AS sex,userinfo.face80 AS face FROM ly_tweet tweet LEFT JOIN ly_userinfo userinfo ON tweet.uid=userinfo.uid WHERE tweet.id = '59' LIMIT 1   [ RunTime:0.0000s ]
SQL: SELECT tweet.id AS id,tweet.content AS content,tweet.isturn AS isturn,tweet.time AS time,tweet.turn AS turn,tweet.collect AS collect,tweet.comment AS comment,tweet.pic AS pic,tweet.thumbpic AS thumbpic,tweet.uid AS uid,userinfo.username AS username,userinfo.sex AS sex,userinfo.face80 AS face FROM ly_tweet tweet LEFT JOIN ly_userinfo userinfo ON tweet.uid=userinfo.uid WHERE tweet.id = '0' LIMIT 1   [ RunTime:0.0000s ]
SQL: SELECT tweet.id AS id,tweet.content AS content,tweet.isturn AS isturn,tweet.time AS time,tweet.turn AS turn,tweet.collect AS collect,tweet.comment AS comment,tweet.pic AS pic,tweet.thumbpic AS thumbpic,tweet.uid AS uid,userinfo.username AS username,userinfo.sex AS sex,userinfo.face80 AS face FROM ly_tweet tweet LEFT JOIN ly_userinfo userinfo ON tweet.uid=userinfo.uid WHERE tweet.id = '59' LIMIT 1   [ RunTime:0.0000s ]
SQL: SELECT tweet.id AS id,tweet.content AS content,tweet.isturn AS isturn,tweet.time AS time,tweet.turn AS turn,tweet.collect AS collect,tweet.comment AS comment,tweet.pic AS pic,tweet.thumbpic AS thumbpic,tweet.uid AS uid,userinfo.username AS username,userinfo.sex AS sex,userinfo.face80 AS face FROM ly_tweet tweet LEFT JOIN ly_userinfo userinfo ON tweet.uid=userinfo.uid WHERE tweet.id = '58' LIMIT 1   [ RunTime:0.0000s ]
SQL: SELECT tweet.id AS id,tweet.content AS content,tweet.isturn AS isturn,tweet.time AS time,tweet.turn AS turn,tweet.collect AS collect,tweet.comment AS comment,tweet.pic AS pic,tweet.thumbpic AS thumbpic,tweet.uid AS uid,userinfo.username AS username,userinfo.sex AS sex,userinfo.face80 AS face FROM ly_tweet tweet LEFT JOIN ly_userinfo userinfo ON tweet.uid=userinfo.uid WHERE tweet.id = '0' LIMIT 1   [ RunTime:0.0000s ]
SQL: SELECT tweet.id AS id,tweet.content AS content,tweet.isturn AS isturn,tweet.time AS time,tweet.turn AS turn,tweet.collect AS collect,tweet.comment AS comment,tweet.pic AS pic,tweet.thumbpic AS thumbpic,tweet.uid AS uid,userinfo.username AS username,userinfo.sex AS sex,userinfo.face80 AS face FROM ly_tweet tweet LEFT JOIN ly_userinfo userinfo ON tweet.uid=userinfo.uid WHERE tweet.id = '0' LIMIT 1   [ RunTime:0.0000s ]
INFO: [ view_parse ] --START--
INFO: [ template_filter ] --START--
INFO: Run Behavior\ContentReplaceBehavior [ RunTime:0.000000s ]
INFO: [ template_filter ] --END-- [ RunTime:0.000000s ]
NOTIC: [8] Undefined variable: isLogin D:\CLY\phpstudy\WWW\weibo\Runtime\Cache\Home\11cb243a745bf4d9fc992e0e2c0ee5cc.php 第 19 行.
NOTIC: [8] Undefined variable: userinfo D:\CLY\phpstudy\WWW\weibo\Runtime\Cache\Home\11cb243a745bf4d9fc992e0e2c0ee5cc.php 第 20 行.
INFO: Run Behavior\ParseTemplateBehavior [ RunTime:0.024000s ]
INFO: [ view_parse ] --END-- [ RunTime:0.024000s ]
INFO: [ view_filter ] --START--
INFO: Run Behavior\WriteHtmlCacheBehavior [ RunTime:0.000000s ]
INFO: [ view_filter ] --END-- [ RunTime:0.000000s ]
INFO: [ app_end ] --START--
INFO: Run Behavior\ShowPageTraceBehavior [ RunTime:0.001000s ]
INFO: [ app_end ] --END-- [ RunTime:0.001000s ]

[ 2017-01-31T14:06:19+08:00 ] ::1 /weibo/index.php/Home/Index/index.html
INFO: [ app_init ] --START--
INFO: Run Behavior\BuildLiteBehavior [ RunTime:0.000000s ]
INFO: [ app_init ] --END-- [ RunTime:0.001000s ]
INFO: [ app_begin ] --START--
INFO: Run Behavior\ReadHtmlCacheBehavior [ RunTime:0.000000s ]
INFO: [ app_begin ] --END-- [ RunTime:0.001000s ]
SQL: SHOW COLUMNS FROM `ly_user` [ RunTime:0.0050s ]
SQL: SELECT `account` FROM `ly_user` WHERE `id` = 1 LIMIT 1   [ RunTime:0.0000s ]
SQL: SHOW COLUMNS FROM `ly_userinfo` [ RunTime:0.0040s ]
SQL: SELECT `username`,`face180`,`face80`,`face50` FROM `ly_userinfo` WHERE `uid` = 1 LIMIT 1   [ RunTime:0.0010s ]
SQL: SHOW COLUMNS FROM `ly_follow` [ RunTime:0.0040s ]
SQL: SELECT `follow` FROM `ly_follow` WHERE `fans` = 1  [ RunTime:0.0000s ]
SQL: SHOW COLUMNS FROM `ly_tweet` [ RunTime:0.0030s ]
SQL: SELECT tweet.id AS id,tweet.content AS content,tweet.isturn AS isturn,tweet.time AS time,tweet.turn AS turn,tweet.collect AS collect,tweet.comment AS comment,tweet.pic AS pic,tweet.thumbpic AS thumbpic,tweet.uid AS uid,userinfo.username AS username,userinfo.sex AS sex,userinfo.face80 AS face FROM ly_tweet tweet LEFT JOIN ly_userinfo userinfo ON tweet.uid=userinfo.uid WHERE tweet.uid IN ('1','4','3','2') ORDER BY tweet.time DESC  [ RunTime:0.0010s ]
SQL: SELECT tweet.id AS id,tweet.content AS content,tweet.isturn AS isturn,tweet.time AS time,tweet.turn AS turn,tweet.collect AS collect,tweet.comment AS comment,tweet.pic AS pic,tweet.thumbpic AS thumbpic,tweet.uid AS uid,userinfo.username AS username,userinfo.sex AS sex,userinfo.face80 AS face FROM ly_tweet tweet LEFT JOIN ly_userinfo userinfo ON tweet.uid=userinfo.uid WHERE tweet.id = '0' LIMIT 1   [ RunTime:0.0000s ]
SQL: SELECT tweet.id AS id,tweet.content AS content,tweet.isturn AS isturn,tweet.time AS time,tweet.turn AS turn,tweet.collect AS collect,tweet.comment AS comment,tweet.pic AS pic,tweet.thumbpic AS thumbpic,tweet.uid AS uid,userinfo.username AS username,userinfo.sex AS sex,userinfo.face80 AS face FROM ly_tweet tweet LEFT JOIN ly_userinfo userinfo ON tweet.uid=userinfo.uid WHERE tweet.id = '59' LIMIT 1   [ RunTime:0.0010s ]
SQL: SELECT tweet.id AS id,tweet.content AS content,tweet.isturn AS isturn,tweet.time AS time,tweet.turn AS turn,tweet.collect AS collect,tweet.comment AS comment,tweet.pic AS pic,tweet.thumbpic AS thumbpic,tweet.uid AS uid,userinfo.username AS username,userinfo.sex AS sex,userinfo.face80 AS face FROM ly_tweet tweet LEFT JOIN ly_userinfo userinfo ON tweet.uid=userinfo.uid WHERE tweet.id = '0' LIMIT 1   [ RunTime:0.0000s ]
SQL: SELECT tweet.id AS id,tweet.content AS content,tweet.isturn AS isturn,tweet.time AS time,tweet.turn AS turn,tweet.collect AS collect,tweet.comment AS comment,tweet.pic AS pic,tweet.thumbpic AS thumbpic,tweet.uid AS uid,userinfo.username AS username,userinfo.sex AS sex,userinfo.face80 AS face FROM ly_tweet tweet LEFT JOIN ly_userinfo userinfo ON tweet.uid=userinfo.uid WHERE tweet.id = '59' LIMIT 1   [ RunTime:0.0000s ]
SQL: SELECT tweet.id AS id,tweet.content AS content,tweet.isturn AS isturn,tweet.time AS time,tweet.turn AS turn,tweet.collect AS collect,tweet.comment AS comment,tweet.pic AS pic,tweet.thumbpic AS thumbpic,tweet.uid AS uid,userinfo.username AS username,userinfo.sex AS sex,userinfo.face80 AS face FROM ly_tweet tweet LEFT JOIN ly_userinfo userinfo ON tweet.uid=userinfo.uid WHERE tweet.id = '58' LIMIT 1   [ RunTime:0.0010s ]
SQL: SELECT tweet.id AS id,tweet.content AS content,tweet.isturn AS isturn,tweet.time AS time,tweet.turn AS turn,tweet.collect AS collect,tweet.comment AS comment,tweet.pic AS pic,tweet.thumbpic AS thumbpic,tweet.uid AS uid,userinfo.username AS username,userinfo.sex AS sex,userinfo.face80 AS face FROM ly_tweet tweet LEFT JOIN ly_userinfo userinfo ON tweet.uid=userinfo.uid WHERE tweet.id = '0' LIMIT 1   [ RunTime:0.0000s ]
SQL: SELECT tweet.id AS id,tweet.content AS content,tweet.isturn AS isturn,tweet.time AS time,tweet.turn AS turn,tweet.collect AS collect,tweet.comment AS comment,tweet.pic AS pic,tweet.thumbpic AS thumbpic,tweet.uid AS uid,userinfo.username AS username,userinfo.sex AS sex,userinfo.face80 AS face FROM ly_tweet tweet LEFT JOIN ly_userinfo userinfo ON tweet.uid=userinfo.uid WHERE tweet.id = '0' LIMIT 1   [ RunTime:0.0000s ]
INFO: [ view_parse ] --START--
INFO: [ template_filter ] --START--
INFO: Run Behavior\ContentReplaceBehavior [ RunTime:0.000000s ]
INFO: [ template_filter ] --END-- [ RunTime:0.000000s ]
NOTIC: [8] Undefined variable: isLogin D:\CLY\phpstudy\WWW\weibo\Runtime\Cache\Home\11cb243a745bf4d9fc992e0e2c0ee5cc.php 第 19 行.
NOTIC: [8] Undefined variable: userinfo D:\CLY\phpstudy\WWW\weibo\Runtime\Cache\Home\11cb243a745bf4d9fc992e0e2c0ee5cc.php 第 20 行.
INFO: Run Behavior\ParseTemplateBehavior [ RunTime:0.011000s ]
INFO: [ view_parse ] --END-- [ RunTime:0.011000s ]
INFO: [ view_filter ] --START--
INFO: Run Behavior\WriteHtmlCacheBehavior [ RunTime:0.000000s ]
INFO: [ view_filter ] --END-- [ RunTime:0.000000s ]
INFO: [ app_end ] --START--
INFO: Run Behavior\ShowPageTraceBehavior [ RunTime:0.000000s ]
INFO: [ app_end ] --END-- [ RunTime:0.000000s ]

[ 2017-01-31T14:06:19+08:00 ] ::1 /weibo/index.php/Home/Index/Uploads/face/5888a7cf7b075_80.jpg
INFO: [ app_init ] --START--
INFO: Run Behavior\BuildLiteBehavior [ RunTime:0.000000s ]
INFO: [ app_init ] --END-- [ RunTime:0.000000s ]

[ 2017-01-31T14:06:19+08:00 ] ::1 /weibo/index.php/Home/Index/Uploads/face/5888a7cf7b075_80.jpg
INFO: [ app_init ] --START--
INFO: Run Behavior\BuildLiteBehavior [ RunTime:0.000000s ]
INFO: [ app_init ] --END-- [ RunTime:0.000000s ]

[ 2017-01-31T14:06:27+08:00 ] ::1 /weibo/index.php/Home/Index/index.html
INFO: [ app_init ] --START--
INFO: Run Behavior\BuildLiteBehavior [ RunTime:0.000000s ]
INFO: [ app_init ] --END-- [ RunTime:0.000000s ]
INFO: [ app_begin ] --START--
INFO: Run Behavior\ReadHtmlCacheBehavior [ RunTime:0.000000s ]
INFO: [ app_begin ] --END-- [ RunTime:0.000000s ]
SQL: SHOW COLUMNS FROM `ly_user` [ RunTime:0.0050s ]
SQL: SELECT `account` FROM `ly_user` WHERE `id` = 1 LIMIT 1   [ RunTime:0.0010s ]
SQL: SHOW COLUMNS FROM `ly_userinfo` [ RunTime:0.0050s ]
SQL: SELECT `username`,`face180`,`face80`,`face50` FROM `ly_userinfo` WHERE `uid` = 1 LIMIT 1   [ RunTime:0.0010s ]
SQL: SHOW COLUMNS FROM `ly_follow` [ RunTime:0.0050s ]
SQL: SELECT `follow` FROM `ly_follow` WHERE `fans` = 1  [ RunTime:0.0010s ]
SQL: SHOW COLUMNS FROM `ly_tweet` [ RunTime:0.0050s ]
SQL: SELECT tweet.id AS id,tweet.content AS content,tweet.isturn AS isturn,tweet.time AS time,tweet.turn AS turn,tweet.collect AS collect,tweet.comment AS comment,tweet.pic AS pic,tweet.thumbpic AS thumbpic,tweet.uid AS uid,userinfo.username AS username,userinfo.sex AS sex,userinfo.face80 AS face FROM ly_tweet tweet LEFT JOIN ly_userinfo userinfo ON tweet.uid=userinfo.uid WHERE tweet.uid IN ('1','4','3','2') ORDER BY tweet.time DESC  [ RunTime:0.0000s ]
SQL: SELECT tweet.id AS id,tweet.content AS content,tweet.isturn AS isturn,tweet.time AS time,tweet.turn AS turn,tweet.collect AS collect,tweet.comment AS comment,tweet.pic AS pic,tweet.thumbpic AS thumbpic,tweet.uid AS uid,userinfo.username AS username,userinfo.sex AS sex,userinfo.face80 AS face FROM ly_tweet tweet LEFT JOIN ly_userinfo userinfo ON tweet.uid=userinfo.uid WHERE tweet.id = '0' LIMIT 1   [ RunTime:0.0010s ]
SQL: SELECT tweet.id AS id,tweet.content AS content,tweet.isturn AS isturn,tweet.time AS time,tweet.turn AS turn,tweet.collect AS collect,tweet.comment AS comment,tweet.pic AS pic,tweet.thumbpic AS thumbpic,tweet.uid AS uid,userinfo.username AS username,userinfo.sex AS sex,userinfo.face80 AS face FROM ly_tweet tweet LEFT JOIN ly_userinfo userinfo ON tweet.uid=userinfo.uid WHERE tweet.id = '59' LIMIT 1   [ RunTime:0.0000s ]
SQL: SELECT tweet.id AS id,tweet.content AS content,tweet.isturn AS isturn,tweet.time AS time,tweet.turn AS turn,tweet.collect AS collect,tweet.comment AS comment,tweet.pic AS pic,tweet.thumbpic AS thumbpic,tweet.uid AS uid,userinfo.username AS username,userinfo.sex AS sex,userinfo.face80 AS face FROM ly_tweet tweet LEFT JOIN ly_userinfo userinfo ON tweet.uid=userinfo.uid WHERE tweet.id = '0' LIMIT 1   [ RunTime:0.0000s ]
SQL: SELECT tweet.id AS id,tweet.content AS content,tweet.isturn AS isturn,tweet.time AS time,tweet.turn AS turn,tweet.collect AS collect,tweet.comment AS comment,tweet.pic AS pic,tweet.thumbpic AS thumbpic,tweet.uid AS uid,userinfo.username AS username,userinfo.sex AS sex,userinfo.face80 AS face FROM ly_tweet tweet LEFT JOIN ly_userinfo userinfo ON tweet.uid=userinfo.uid WHERE tweet.id = '59' LIMIT 1   [ RunTime:0.0000s ]
SQL: SELECT tweet.id AS id,tweet.content AS content,tweet.isturn AS isturn,tweet.time AS time,tweet.turn AS turn,tweet.collect AS collect,tweet.comment AS comment,tweet.pic AS pic,tweet.thumbpic AS thumbpic,tweet.uid AS uid,userinfo.username AS username,userinfo.sex AS sex,userinfo.face80 AS face FROM ly_tweet tweet LEFT JOIN ly_userinfo userinfo ON tweet.uid=userinfo.uid WHERE tweet.id = '58' LIMIT 1   [ RunTime:0.0000s ]
SQL: SELECT tweet.id AS id,tweet.content AS content,tweet.isturn AS isturn,tweet.time AS time,tweet.turn AS turn,tweet.collect AS collect,tweet.comment AS comment,tweet.pic AS pic,tweet.thumbpic AS thumbpic,tweet.uid AS uid,userinfo.username AS username,userinfo.sex AS sex,userinfo.face80 AS face FROM ly_tweet tweet LEFT JOIN ly_userinfo userinfo ON tweet.uid=userinfo.uid WHERE tweet.id = '0' LIMIT 1   [ RunTime:0.0000s ]
SQL: SELECT tweet.id AS id,tweet.content AS content,tweet.isturn AS isturn,tweet.time AS time,tweet.turn AS turn,tweet.collect AS collect,tweet.comment AS comment,tweet.pic AS pic,tweet.thumbpic AS thumbpic,tweet.uid AS uid,userinfo.username AS username,userinfo.sex AS sex,userinfo.face80 AS face FROM ly_tweet tweet LEFT JOIN ly_userinfo userinfo ON tweet.uid=userinfo.uid WHERE tweet.id = '0' LIMIT 1   [ RunTime:0.0000s ]
INFO: [ view_parse ] --START--
INFO: [ template_filter ] --START--
INFO: Run Behavior\ContentReplaceBehavior [ RunTime:0.000000s ]
INFO: [ template_filter ] --END-- [ RunTime:0.000000s ]
NOTIC: [8] Undefined variable: isLogin D:\CLY\phpstudy\WWW\weibo\Runtime\Cache\Home\11cb243a745bf4d9fc992e0e2c0ee5cc.php 第 19 行.
NOTIC: [8] Undefined variable: userinfo D:\CLY\phpstudy\WWW\weibo\Runtime\Cache\Home\11cb243a745bf4d9fc992e0e2c0ee5cc.php 第 20 行.
INFO: Run Behavior\ParseTemplateBehavior [ RunTime:0.012000s ]
INFO: [ view_parse ] --END-- [ RunTime:0.012000s ]
INFO: [ view_filter ] --START--
INFO: Run Behavior\WriteHtmlCacheBehavior [ RunTime:0.000000s ]
INFO: [ view_filter ] --END-- [ RunTime:0.000000s ]
INFO: [ app_end ] --START--
INFO: Run Behavior\ShowPageTraceBehavior [ RunTime:0.000000s ]
INFO: [ app_end ] --END-- [ RunTime:0.000000s ]

[ 2017-01-31T14:10:06+08:00 ] ::1 /weibo/index.php/Home/Index/index.html
INFO: [ app_init ] --START--
INFO: Run Behavior\BuildLiteBehavior [ RunTime:0.000000s ]
INFO: [ app_init ] --END-- [ RunTime:0.000000s ]
INFO: [ app_begin ] --START--
INFO: Run Behavior\ReadHtmlCacheBehavior [ RunTime:0.000000s ]
INFO: [ app_begin ] --END-- [ RunTime:0.000000s ]
SQL: SHOW COLUMNS FROM `ly_user` [ RunTime:0.0050s ]
SQL: SELECT `account` FROM `ly_user` WHERE `id` = 1 LIMIT 1   [ RunTime:0.0000s ]
SQL: SHOW COLUMNS FROM `ly_userinfo` [ RunTime:0.0040s ]
SQL: SELECT `username`,`face180`,`face80`,`face50` FROM `ly_userinfo` WHERE `uid` = 1 LIMIT 1   [ RunTime:0.0010s ]
SQL: SHOW COLUMNS FROM `ly_follow` [ RunTime:0.0040s ]
SQL: SELECT `follow` FROM `ly_follow` WHERE `fans` = 1  [ RunTime:0.0000s ]
SQL: SHOW COLUMNS FROM `ly_tweet` [ RunTime:0.0040s ]
SQL: SELECT tweet.id AS id,tweet.content AS content,tweet.isturn AS isturn,tweet.time AS time,tweet.turn AS turn,tweet.collect AS collect,tweet.comment AS comment,tweet.pic AS pic,tweet.thumbpic AS thumbpic,tweet.uid AS uid,userinfo.username AS username,userinfo.sex AS sex,userinfo.face80 AS face FROM ly_tweet tweet LEFT JOIN ly_userinfo userinfo ON tweet.uid=userinfo.uid WHERE tweet.uid IN ('1','4','3','2') ORDER BY tweet.time DESC  [ RunTime:0.0010s ]
SQL: SELECT tweet.id AS id,tweet.content AS content,tweet.isturn AS isturn,tweet.time AS time,tweet.turn AS turn,tweet.collect AS collect,tweet.comment AS comment,tweet.pic AS pic,tweet.thumbpic AS thumbpic,tweet.uid AS uid,userinfo.username AS username,userinfo.sex AS sex,userinfo.face80 AS face FROM ly_tweet tweet LEFT JOIN ly_userinfo userinfo ON tweet.uid=userinfo.uid WHERE tweet.id = '0' LIMIT 1   [ RunTime:0.0000s ]
SQL: SELECT tweet.id AS id,tweet.content AS content,tweet.isturn AS isturn,tweet.time AS time,tweet.turn AS turn,tweet.collect AS collect,tweet.comment AS comment,tweet.pic AS pic,tweet.thumbpic AS thumbpic,tweet.uid AS uid,userinfo.username AS username,userinfo.sex AS sex,userinfo.face80 AS face FROM ly_tweet tweet LEFT JOIN ly_userinfo userinfo ON tweet.uid=userinfo.uid WHERE tweet.id = '59' LIMIT 1   [ RunTime:0.0000s ]
SQL: SELECT tweet.id AS id,tweet.content AS content,tweet.isturn AS isturn,tweet.time AS time,tweet.turn AS turn,tweet.collect AS collect,tweet.comment AS comment,tweet.pic AS pic,tweet.thumbpic AS thumbpic,tweet.uid AS uid,userinfo.username AS username,userinfo.sex AS sex,userinfo.face80 AS face FROM ly_tweet tweet LEFT JOIN ly_userinfo userinfo ON tweet.uid=userinfo.uid WHERE tweet.id = '0' LIMIT 1   [ RunTime:0.0010s ]
SQL: SELECT tweet.id AS id,tweet.content AS content,tweet.isturn AS isturn,tweet.time AS time,tweet.turn AS turn,tweet.collect AS collect,tweet.comment AS comment,tweet.pic AS pic,tweet.thumbpic AS thumbpic,tweet.uid AS uid,userinfo.username AS username,userinfo.sex AS sex,userinfo.face80 AS face FROM ly_tweet tweet LEFT JOIN ly_userinfo userinfo ON tweet.uid=userinfo.uid WHERE tweet.id = '59' LIMIT 1   [ RunTime:0.0000s ]
SQL: SELECT tweet.id AS id,tweet.content AS content,tweet.isturn AS isturn,tweet.time AS time,tweet.turn AS turn,tweet.collect AS collect,tweet.comment AS comment,tweet.pic AS pic,tweet.thumbpic AS thumbpic,tweet.uid AS uid,userinfo.username AS username,userinfo.sex AS sex,userinfo.face80 AS face FROM ly_tweet tweet LEFT JOIN ly_userinfo userinfo ON tweet.uid=userinfo.uid WHERE tweet.id = '58' LIMIT 1   [ RunTime:0.0000s ]
SQL: SELECT tweet.id AS id,tweet.content AS content,tweet.isturn AS isturn,tweet.time AS time,tweet.turn AS turn,tweet.collect AS collect,tweet.comment AS comment,tweet.pic AS pic,tweet.thumbpic AS thumbpic,tweet.uid AS uid,userinfo.username AS username,userinfo.sex AS sex,userinfo.face80 AS face FROM ly_tweet tweet LEFT JOIN ly_userinfo userinfo ON tweet.uid=userinfo.uid WHERE tweet.id = '0' LIMIT 1   [ RunTime:0.0010s ]
SQL: SELECT tweet.id AS id,tweet.content AS content,tweet.isturn AS isturn,tweet.time AS time,tweet.turn AS turn,tweet.collect AS collect,tweet.comment AS comment,tweet.pic AS pic,tweet.thumbpic AS thumbpic,tweet.uid AS uid,userinfo.username AS username,userinfo.sex AS sex,userinfo.face80 AS face FROM ly_tweet tweet LEFT JOIN ly_userinfo userinfo ON tweet.uid=userinfo.uid WHERE tweet.id = '0' LIMIT 1   [ RunTime:0.0000s ]
INFO: [ view_parse ] --START--
INFO: [ template_filter ] --START--
INFO: Run Behavior\ContentReplaceBehavior [ RunTime:0.000000s ]
INFO: [ template_filter ] --END-- [ RunTime:0.000000s ]
NOTIC: [8] Undefined variable: isLogin D:\CLY\phpstudy\WWW\weibo\Runtime\Cache\Home\11cb243a745bf4d9fc992e0e2c0ee5cc.php 第 19 行.
NOTIC: [8] Undefined variable: userinfo D:\CLY\phpstudy\WWW\weibo\Runtime\Cache\Home\11cb243a745bf4d9fc992e0e2c0ee5cc.php 第 20 行.
INFO: Run Behavior\ParseTemplateBehavior [ RunTime:0.012000s ]
INFO: [ view_parse ] --END-- [ RunTime:0.012000s ]
INFO: [ view_filter ] --START--
INFO: Run Behavior\WriteHtmlCacheBehavior [ RunTime:0.000000s ]
INFO: [ view_filter ] --END-- [ RunTime:0.000000s ]
INFO: [ app_end ] --START--
INFO: Run Behavior\ShowPageTraceBehavior [ RunTime:0.000000s ]
INFO: [ app_end ] --END-- [ RunTime:0.000000s ]

[ 2017-01-31T14:12:04+08:00 ] ::1 /weibo/index.php/Home/UserSetting/index.html
INFO: [ app_init ] --START--
INFO: Run Behavior\BuildLiteBehavior [ RunTime:0.000000s ]
INFO: [ app_init ] --END-- [ RunTime:0.000000s ]
INFO: [ app_begin ] --START--
INFO: Run Behavior\ReadHtmlCacheBehavior [ RunTime:0.000000s ]
INFO: [ app_begin ] --END-- [ RunTime:0.000000s ]
SQL: SHOW COLUMNS FROM `ly_user` [ RunTime:0.0040s ]
SQL: SELECT `account` FROM `ly_user` WHERE `id` = 1 LIMIT 1   [ RunTime:0.0010s ]
SQL: SHOW COLUMNS FROM `ly_userinfo` [ RunTime:0.0040s ]
SQL: SELECT `username`,`face180`,`face80`,`face50` FROM `ly_userinfo` WHERE `uid` = 1 LIMIT 1   [ RunTime:0.0000s ]
SQL: SELECT * FROM `ly_userinfo` WHERE `uid` = 1 LIMIT 1   [ RunTime:0.0000s ]
INFO: [ view_parse ] --START--
INFO: [ template_filter ] --START--
INFO: Run Behavior\ContentReplaceBehavior [ RunTime:0.000000s ]
INFO: [ template_filter ] --END-- [ RunTime:0.000000s ]
NOTIC: [8] Undefined variable: isLogin D:\CLY\phpstudy\WWW\weibo\Runtime\Cache\Home\035c2a604e691723077c52316292bd2a.php 第 19 行.
INFO: Run Behavior\ParseTemplateBehavior [ RunTime:0.008000s ]
INFO: [ view_parse ] --END-- [ RunTime:0.008000s ]
INFO: [ view_filter ] --START--
INFO: Run Behavior\WriteHtmlCacheBehavior [ RunTime:0.000000s ]
INFO: [ view_filter ] --END-- [ RunTime:0.000000s ]
INFO: [ app_end ] --START--
INFO: Run Behavior\ShowPageTraceBehavior [ RunTime:0.001000s ]
INFO: [ app_end ] --END-- [ RunTime:0.001000s ]

[ 2017-01-31T14:12:06+08:00 ] ::1 /weibo/index.php/Home/UserSetting/
INFO: [ app_init ] --START--
INFO: Run Behavior\BuildLiteBehavior [ RunTime:0.000000s ]
INFO: [ app_init ] --END-- [ RunTime:0.000000s ]
INFO: [ app_begin ] --START--
INFO: Run Behavior\ReadHtmlCacheBehavior [ RunTime:0.000000s ]
INFO: [ app_begin ] --END-- [ RunTime:0.000000s ]
SQL: SHOW COLUMNS FROM `ly_user` [ RunTime:0.0040s ]
SQL: SELECT `account` FROM `ly_user` WHERE `id` = 1 LIMIT 1   [ RunTime:0.0010s ]
SQL: SHOW COLUMNS FROM `ly_userinfo` [ RunTime:0.0050s ]
SQL: SELECT `username`,`face180`,`face80`,`face50` FROM `ly_userinfo` WHERE `uid` = 1 LIMIT 1   [ RunTime:0.0000s ]
SQL: SELECT * FROM `ly_userinfo` WHERE `uid` = 1 LIMIT 1   [ RunTime:0.0010s ]
INFO: [ view_parse ] --START--
INFO: [ template_filter ] --START--
INFO: Run Behavior\ContentReplaceBehavior [ RunTime:0.000000s ]
INFO: [ template_filter ] --END-- [ RunTime:0.000000s ]
NOTIC: [8] Undefined variable: isLogin D:\CLY\phpstudy\WWW\weibo\Runtime\Cache\Home\035c2a604e691723077c52316292bd2a.php 第 19 行.
INFO: Run Behavior\ParseTemplateBehavior [ RunTime:0.007000s ]
INFO: [ view_parse ] --END-- [ RunTime:0.007000s ]
INFO: [ view_filter ] --START--
INFO: Run Behavior\WriteHtmlCacheBehavior [ RunTime:0.001000s ]
INFO: [ view_filter ] --END-- [ RunTime:0.001000s ]
INFO: [ app_end ] --START--
INFO: Run Behavior\ShowPageTraceBehavior [ RunTime:0.000000s ]
INFO: [ app_end ] --END-- [ RunTime:0.000000s ]

[ 2017-01-31T14:12:07+08:00 ] ::1 /weibo/index.php/Home/UserSetting/
INFO: [ app_init ] --START--
INFO: Run Behavior\BuildLiteBehavior [ RunTime:0.000000s ]
INFO: [ app_init ] --END-- [ RunTime:0.001000s ]
INFO: [ app_begin ] --START--
INFO: Run Behavior\ReadHtmlCacheBehavior [ RunTime:0.001000s ]
INFO: [ app_begin ] --END-- [ RunTime:0.001000s ]
SQL: SHOW COLUMNS FROM `ly_user` [ RunTime:0.0050s ]
SQL: SELECT `account` FROM `ly_user` WHERE `id` = 1 LIMIT 1   [ RunTime:0.0000s ]
SQL: SHOW COLUMNS FROM `ly_userinfo` [ RunTime:0.0060s ]
SQL: SELECT `username`,`face180`,`face80`,`face50` FROM `ly_userinfo` WHERE `uid` = 1 LIMIT 1   [ RunTime:0.0000s ]
SQL: SELECT * FROM `ly_userinfo` WHERE `uid` = 1 LIMIT 1   [ RunTime:0.0010s ]
INFO: [ view_parse ] --START--
INFO: [ template_filter ] --START--
INFO: Run Behavior\ContentReplaceBehavior [ RunTime:0.000000s ]
INFO: [ template_filter ] --END-- [ RunTime:0.001000s ]
NOTIC: [8] Undefined variable: isLogin D:\CLY\phpstudy\WWW\weibo\Runtime\Cache\Home\035c2a604e691723077c52316292bd2a.php 第 19 行.
INFO: Run Behavior\ParseTemplateBehavior [ RunTime:0.008000s ]
INFO: [ view_parse ] --END-- [ RunTime:0.008000s ]
INFO: [ view_filter ] --START--
INFO: Run Behavior\WriteHtmlCacheBehavior [ RunTime:0.000000s ]
INFO: [ view_filter ] --END-- [ RunTime:0.000000s ]
INFO: [ app_end ] --START--
INFO: Run Behavior\ShowPageTraceBehavior [ RunTime:0.000000s ]
INFO: [ app_end ] --END-- [ RunTime:0.000000s ]

[ 2017-01-31T14:12:11+08:00 ] ::1 /weibo/index.php
INFO: [ app_init ] --START--
INFO: Run Behavior\BuildLiteBehavior [ RunTime:0.000000s ]
INFO: [ app_init ] --END-- [ RunTime:0.000000s ]
INFO: [ app_begin ] --START--
INFO: Run Behavior\ReadHtmlCacheBehavior [ RunTime:0.000000s ]
INFO: [ app_begin ] --END-- [ RunTime:0.000000s ]
SQL: SHOW COLUMNS FROM `ly_user` [ RunTime:0.0040s ]
SQL: SELECT `account` FROM `ly_user` WHERE `id` = 1 LIMIT 1   [ RunTime:0.0000s ]
SQL: SHOW COLUMNS FROM `ly_userinfo` [ RunTime:0.0050s ]
SQL: SELECT `username`,`face180`,`face80`,`face50` FROM `ly_userinfo` WHERE `uid` = 1 LIMIT 1   [ RunTime:0.0000s ]
SQL: SHOW COLUMNS FROM `ly_follow` [ RunTime:0.0050s ]
SQL: SELECT `follow` FROM `ly_follow` WHERE `fans` = 1  [ RunTime:0.0000s ]
SQL: SHOW COLUMNS FROM `ly_tweet` [ RunTime:0.0050s ]
SQL: SELECT tweet.id AS id,tweet.content AS content,tweet.isturn AS isturn,tweet.time AS time,tweet.turn AS turn,tweet.collect AS collect,tweet.comment AS comment,tweet.pic AS pic,tweet.thumbpic AS thumbpic,tweet.uid AS uid,userinfo.username AS username,userinfo.sex AS sex,userinfo.face80 AS face FROM ly_tweet tweet LEFT JOIN ly_userinfo userinfo ON tweet.uid=userinfo.uid WHERE tweet.uid IN ('1','4','3','2') ORDER BY tweet.time DESC  [ RunTime:0.0000s ]
SQL: SELECT tweet.id AS id,tweet.content AS content,tweet.isturn AS isturn,tweet.time AS time,tweet.turn AS turn,tweet.collect AS collect,tweet.comment AS comment,tweet.pic AS pic,tweet.thumbpic AS thumbpic,tweet.uid AS uid,userinfo.username AS username,userinfo.sex AS sex,userinfo.face80 AS face FROM ly_tweet tweet LEFT JOIN ly_userinfo userinfo ON tweet.uid=userinfo.uid WHERE tweet.id = '0' LIMIT 1   [ RunTime:0.0000s ]
SQL: SELECT tweet.id AS id,tweet.content AS content,tweet.isturn AS isturn,tweet.time AS time,tweet.turn AS turn,tweet.collect AS collect,tweet.comment AS comment,tweet.pic AS pic,tweet.thumbpic AS thumbpic,tweet.uid AS uid,userinfo.username AS username,userinfo.sex AS sex,userinfo.face80 AS face FROM ly_tweet tweet LEFT JOIN ly_userinfo userinfo ON tweet.uid=userinfo.uid WHERE tweet.id = '59' LIMIT 1   [ RunTime:0.0010s ]
SQL: SELECT tweet.id AS id,tweet.content AS content,tweet.isturn AS isturn,tweet.time AS time,tweet.turn AS turn,tweet.collect AS collect,tweet.comment AS comment,tweet.pic AS pic,tweet.thumbpic AS thumbpic,tweet.uid AS uid,userinfo.username AS username,userinfo.sex AS sex,userinfo.face80 AS face FROM ly_tweet tweet LEFT JOIN ly_userinfo userinfo ON tweet.uid=userinfo.uid WHERE tweet.id = '0' LIMIT 1   [ RunTime:0.0000s ]
SQL: SELECT tweet.id AS id,tweet.content AS content,tweet.isturn AS isturn,tweet.time AS time,tweet.turn AS turn,tweet.collect AS collect,tweet.comment AS comment,tweet.pic AS pic,tweet.thumbpic AS thumbpic,tweet.uid AS uid,userinfo.username AS username,userinfo.sex AS sex,userinfo.face80 AS face FROM ly_tweet tweet LEFT JOIN ly_userinfo userinfo ON tweet.uid=userinfo.uid WHERE tweet.id = '59' LIMIT 1   [ RunTime:0.0000s ]
SQL: SELECT tweet.id AS id,tweet.content AS content,tweet.isturn AS isturn,tweet.time AS time,tweet.turn AS turn,tweet.collect AS collect,tweet.comment AS comment,tweet.pic AS pic,tweet.thumbpic AS thumbpic,tweet.uid AS uid,userinfo.username AS username,userinfo.sex AS sex,userinfo.face80 AS face FROM ly_tweet tweet LEFT JOIN ly_userinfo userinfo ON tweet.uid=userinfo.uid WHERE tweet.id = '58' LIMIT 1   [ RunTime:0.0010s ]
SQL: SELECT tweet.id AS id,tweet.content AS content,tweet.isturn AS isturn,tweet.time AS time,tweet.turn AS turn,tweet.collect AS collect,tweet.comment AS comment,tweet.pic AS pic,tweet.thumbpic AS thumbpic,tweet.uid AS uid,userinfo.username AS username,userinfo.sex AS sex,userinfo.face80 AS face FROM ly_tweet tweet LEFT JOIN ly_userinfo userinfo ON tweet.uid=userinfo.uid WHERE tweet.id = '0' LIMIT 1   [ RunTime:0.0000s ]
SQL: SELECT tweet.id AS id,tweet.content AS content,tweet.isturn AS isturn,tweet.time AS time,tweet.turn AS turn,tweet.collect AS collect,tweet.comment AS comment,tweet.pic AS pic,tweet.thumbpic AS thumbpic,tweet.uid AS uid,userinfo.username AS username,userinfo.sex AS sex,userinfo.face80 AS face FROM ly_tweet tweet LEFT JOIN ly_userinfo userinfo ON tweet.uid=userinfo.uid WHERE tweet.id = '0' LIMIT 1   [ RunTime:0.0000s ]
INFO: [ view_parse ] --START--
INFO: [ template_filter ] --START--
INFO: Run Behavior\ContentReplaceBehavior [ RunTime:0.000000s ]
INFO: [ template_filter ] --END-- [ RunTime:0.000000s ]
NOTIC: [8] Undefined variable: isLogin D:\CLY\phpstudy\WWW\weibo\Runtime\Cache\Home\11cb243a745bf4d9fc992e0e2c0ee5cc.php 第 19 行.
NOTIC: [8] Undefined variable: userinfo D:\CLY\phpstudy\WWW\weibo\Runtime\Cache\Home\11cb243a745bf4d9fc992e0e2c0ee5cc.php 第 20 行.
INFO: Run Behavior\ParseTemplateBehavior [ RunTime:0.012000s ]
INFO: [ view_parse ] --END-- [ RunTime:0.012000s ]
INFO: [ view_filter ] --START--
INFO: Run Behavior\WriteHtmlCacheBehavior [ RunTime:0.000000s ]
INFO: [ view_filter ] --END-- [ RunTime:0.000000s ]
INFO: [ app_end ] --START--
INFO: Run Behavior\ShowPageTraceBehavior [ RunTime:0.001000s ]
INFO: [ app_end ] --END-- [ RunTime:0.001000s ]

